[0.000000] (-) TimerEvent: {}
[0.000275] (-) JobUnselected: {'identifier': 'ares_interfaces'}
[0.000321] (drone_ai_sim_ros) JobQueued: {'identifier': 'drone_ai_sim_ros', 'dependencies': OrderedDict({'ares_interfaces': '/home/raytech/repos/drone_ai_sim/install/ares_interfaces'})}
[0.000346] (drone_ai_sim_ros) JobStarted: {'identifier': 'drone_ai_sim_ros'}
[0.102180] (-) TimerEvent: {}
[0.203120] (-) TimerEvent: {}
[0.303332] (-) TimerEvent: {}
[0.403489] (-) TimerEvent: {}
[0.406966] (drone_ai_sim_ros) Command: {'cmd': ['/usr/bin/python3', '-W', 'ignore:setup.py install is deprecated', '-W', 'ignore:easy_install command is deprecated', 'setup.py', 'egg_info', '--egg-base', '../build/drone_ai_sim_ros', 'build', '--build-base', '/home/raytech/repos/drone_ai_sim/build/drone_ai_sim_ros/build', 'install', '--record', '/home/raytech/repos/drone_ai_sim/build/drone_ai_sim_ros/install.log', '--single-version-externally-managed', 'install_data'], 'cwd': '/home/raytech/repos/drone_ai_sim/drone_ai_sim_ros', 'env': {'GJS_DEBUG_TOPICS': 'JS ERROR;JS LOG', 'LESSOPEN': '| /usr/bin/lesspipe %s', 'VSCODE_CWD': '/home/raytech', 'VSCODE_ESM_ENTRYPOINT': 'vs/workbench/api/node/extensionHostProcess', 'USER': 'raytech', 'VSCODE_NLS_CONFIG': '{"userLocale":"en-us","osLocale":"en-us","resolvedLanguage":"en","defaultMessagesFile":"/usr/share/cursor/resources/app/out/nls.messages.json","locale":"en-us","availableLanguages":{}}', 'GZ_CONFIG_PATH': '/opt/ros/jazzy/opt/gz_sim_vendor/share/gz:/opt/ros/jazzy/opt/sdformat_vendor/share/gz:/opt/ros/jazzy/opt/gz_gui_vendor/share/gz:/opt/ros/jazzy/opt/gz_transport_vendor/share/gz:/opt/ros/jazzy/opt/gz_rendering_vendor/share/gz:/opt/ros/jazzy/opt/gz_plugin_vendor/share/gz:/opt/ros/jazzy/opt/gz_fuel_tools_vendor/share/gz:/opt/ros/jazzy/opt/gz_msgs_vendor/share/gz:/opt/ros/jazzy/opt/gz_common_vendor/share/gz', 'VSCODE_HANDLES_UNCAUGHT_ERRORS': 'true', 'XDG_SESSION_TYPE': 'wayland', 'CLUTTER_DISABLE_MIPMAPPED_TEXT': '1', 'SHLVL': '1', 'LD_LIBRARY_PATH': '/home/raytech/repos/drone_ai_sim/install/ares_interfaces/lib:/opt/ros/jazzy/opt/gz_sim_vendor/lib:/opt/ros/jazzy/opt/gz_sensors_vendor/lib:/opt/ros/jazzy/opt/gz_physics_vendor/lib:/opt/ros/jazzy/opt/sdformat_vendor/lib:/opt/ros/jazzy/opt/rviz_ogre_vendor/lib:/opt/ros/jazzy/lib/aarch64-linux-gnu:/opt/ros/jazzy/opt/gz_gui_vendor/lib:/opt/ros/jazzy/opt/gz_transport_vendor/lib:/opt/ros/jazzy/opt/gz_rendering_vendor/lib:/opt/ros/jazzy/opt/gz_plugin_vendor/lib:/opt/ros/jazzy/opt/gz_fuel_tools_vendor/lib:/opt/ros/jazzy/opt/gz_msgs_vendor/lib:/opt/ros/jazzy/opt/gz_common_vendor/lib:/opt/ros/jazzy/opt/gz_math_vendor/lib:/opt/ros/jazzy/opt/gz_utils_vendor/lib:/opt/ros/jazzy/opt/gz_tools_vendor/lib:/opt/ros/jazzy/opt/gz_ogre_next_vendor/lib:/opt/ros/jazzy/opt/gz_dartsim_vendor/lib:/opt/ros/jazzy/opt/gz_cmake_vendor/lib:/opt/ros/jazzy/lib', 'HOME': '/home/raytech', 'CHROME_DESKTOP': 'cursor.desktop', 'OLDPWD': '/home/raytech/repos/drone_ai_sim', 'DESKTOP_SESSION': 'ubuntu', 'VSCODE_IPC_HOOK': '/run/user/1000/vscode-a3cb47b8-1.7.-main.sock', 'GIO_LAUNCHED_DESKTOP_FILE': '/usr/share/applications/cursor.desktop', 'ROS_PYTHON_VERSION': '3', 'GNOME_SHELL_SESSION_MODE': 'ubuntu', 'GTK_MODULES': 'gail:atk-bridge', 'MANAGERPID': '1800', 'SYSTEMD_EXEC_PID': '1993', 'IM_CONFIG_CHECK_ENV': '1', 'GSM_SKIP_SSH_AGENT_WORKAROUND': 'true', 'NO_COLOR': '1', 'DBUS_SESSION_BUS_ADDRESS': 'unix:path=/run/user/1000/bus', 'GIO_LAUNCHED_DESKTOP_FILE_PID': '6019', 'VSCODE_CRASH_REPORTER_PROCESS_TYPE': 'extensionHost', 'DEBUGINFOD_URLS': 'https://debuginfod.ubuntu.com', 'IM_CONFIG_PHASE': '1', 'WAYLAND_DISPLAY': 'wayland-0', 'VSCODE_L10N_BUNDLE_LOCATION': '', 'COLCON_PREFIX_PATH': '/home/raytech/repos/drone_ai_sim/install', 'ROS_DISTRO': 'jazzy', 'LOGNAME': 'raytech', 'FORCE_COLOR': '0', 'JOURNAL_STREAM': '8:18667', '_': '/usr/bin/colcon', 'ROS_VERSION': '2', 'MEMORY_PRESSURE_WATCH': '/sys/fs/cgroup/user.slice/user-1000.slice/user@1000.service/session.slice/org.gnome.Shell@wayland.service/memory.pressure', 'XDG_SESSION_CLASS': 'user', 'USERNAME': 'raytech', 'TERM': 'dumb', 'GNOME_DESKTOP_SESSION_ID': 'this-is-deprecated', 'COMPOSER_NO_INTERACTION': '1', 'PATH': '/home/raytech/.local/bin:/home/raytech/.local/bin:/opt/ros/jazzy/opt/gz_msgs_vendor/bin:/opt/ros/jazzy/opt/gz_tools_vendor/bin:/opt/ros/jazzy/opt/gz_ogre_next_vendor/bin:/opt/ros/jazzy/bin:/home/raytech/.local/bin:/usr/local/sbin:/usr/local/bin:/usr/sbin:/usr/bin:/sbin:/bin:/usr/games:/usr/local/games:/snap/bin:/snap/bin', 'SESSION_MANAGER': 'local/ubuntu24:@/tmp/.ICE-unix/1949,unix/ubuntu24:/tmp/.ICE-unix/1949', 'INVOCATION_ID': '93127e296ca945899146c4c3d6273020', 'XDG_MENU_PREFIX': 'gnome-', 'VSCODE_PROCESS_TITLE': 'extension-host  [1-1]', 'GNOME_SETUP_DISPLAY': ':1', 'XDG_RUNTIME_DIR': '/run/user/1000', 'GDK_BACKEND': 'x11', 'CURSOR_AGENT': '1', 'DISPLAY': ':0', 'LANG': 'en_US.UTF-8', 'XDG_CURRENT_DESKTOP': 'Unity', 'XMODIFIERS': '@im=ibus', 'XDG_SESSION_DESKTOP': 'ubuntu', 'XAUTHORITY': '/run/user/1000/.mutter-Xwaylandauth.HBR5E3', 'LS_COLORS': '', 'SBX_CHROME_API_RQ': '1', 'CURSOR_TRACE_ID': '5b7aca9d756043e3ae84977735051f4b', 'SSH_AUTH_SOCK': '/run/user/1000/keyring/ssh', 'AMENT_PREFIX_PATH': '/home/raytech/repos/drone_ai_sim/install/drone_ai_sim_ros:/home/raytech/repos/drone_ai_sim/install/ares_interfaces:/opt/ros/jazzy', 'ORIGINAL_XDG_CURRENT_DESKTOP': 'ubuntu:GNOME', 'SHELL': '/bin/bash', 'QT_ACCESSIBILITY': '1', 'GDMSESSION': 'ubuntu', 'LESSCLOSE': '/usr/bin/lesspipe %s %s', 'GJS_DEBUG_OUTPUT': 'stderr', 'ROS_AUTOMATIC_DISCOVERY_RANGE': 'SUBNET', 'QT_IM_MODULE': 'ibus', 'PWD': '/home/raytech/repos/drone_ai_sim/build/drone_ai_sim_ros', 'LC_ALL': 'en_US.UTF-8', 'XDG_CONFIG_DIRS': '/etc/xdg/xdg-ubuntu:/etc/xdg', 'VSCODE_CODE_CACHE_PATH': '/home/raytech/.config/Cursor/CachedData/5c17eb2968a37f66bc6662f48d6356a100b67be0', 'XDG_DATA_DIRS': '/usr/share/ubuntu:/usr/share/gnome:/usr/local/share/:/usr/share/:/var/lib/snapd/desktop', 'PYTHONPATH': '/home/raytech/repos/drone_ai_sim/build/drone_ai_sim_ros/prefix_override:/usr/lib/python3/dist-packages/colcon_core/task/python/colcon_distutils_commands:/home/raytech/repos/drone_ai_sim/install/drone_ai_sim_ros/lib/python3.12/site-packages:/home/raytech/repos/drone_ai_sim/install/ares_interfaces/lib/python3.12/site-packages:/home/raytech/repos/drone_ai_sim/build/drone_ai_sim_ros:/home/raytech/repos/drone_ai_sim/install/drone_ai_sim_ros/lib/python3.12/site-packages:/opt/ros/jazzy/lib/python3.12/site-packages', 'COLCON': '1', 'MEMORY_PRESSURE_WRITE': 'c29tZSAyMDAwMDAgMjAwMDAwMAA=', 'CMAKE_PREFIX_PATH': '/home/raytech/repos/drone_ai_sim/install/ares_interfaces:/opt/ros/jazzy/opt/gz_sim_vendor:/opt/ros/jazzy/opt/gz_sensors_vendor:/opt/ros/jazzy/opt/gz_physics_vendor:/opt/ros/jazzy/opt/sdformat_vendor:/opt/ros/jazzy/opt/gz_gui_vendor:/opt/ros/jazzy/opt/gz_transport_vendor:/opt/ros/jazzy/opt/gz_rendering_vendor:/opt/ros/jazzy/opt/gz_plugin_vendor:/opt/ros/jazzy/opt/gz_fuel_tools_vendor:/opt/ros/jazzy/opt/gz_msgs_vendor:/opt/ros/jazzy/opt/gz_common_vendor:/opt/ros/jazzy/opt/gz_math_vendor:/opt/ros/jazzy/opt/gz_utils_vendor:/opt/ros/jazzy/opt/gz_tools_vendor:/opt/ros/jazzy/opt/gz_ogre_next_vendor:/opt/ros/jazzy/opt/gz_dartsim_vendor:/opt/ros/jazzy/opt/gz_cmake_vendor', 'VSCODE_PID': '6019'}, 'shell': False}
[0.506827] (-) TimerEvent: {}
[0.533887] (drone_ai_sim_ros) StdoutLine: {'line': b'running egg_info\n'}
[0.542601] (drone_ai_sim_ros) StdoutLine: {'line': b'writing ../build/drone_ai_sim_ros/drone_ai_sim_ros.egg-info/PKG-INFO\n'}
[0.542689] (drone_ai_sim_ros) StdoutLine: {'line': b'writing dependency_links to ../build/drone_ai_sim_ros/drone_ai_sim_ros.egg-info/dependency_links.txt\n'}
[0.542716] (drone_ai_sim_ros) StdoutLine: {'line': b'writing entry points to ../build/drone_ai_sim_ros/drone_ai_sim_ros.egg-info/entry_points.txt\n'}
[0.542738] (drone_ai_sim_ros) StdoutLine: {'line': b'writing requirements to ../build/drone_ai_sim_ros/drone_ai_sim_ros.egg-info/requires.txt\n'}
[0.542759] (drone_ai_sim_ros) StdoutLine: {'line': b'writing top-level names to ../build/drone_ai_sim_ros/drone_ai_sim_ros.egg-info/top_level.txt\n'}
[0.560823] (drone_ai_sim_ros) StdoutLine: {'line': b"reading manifest file '../build/drone_ai_sim_ros/drone_ai_sim_ros.egg-info/SOURCES.txt'\n"}
[0.561334] (drone_ai_sim_ros) StdoutLine: {'line': b"writing manifest file '../build/drone_ai_sim_ros/drone_ai_sim_ros.egg-info/SOURCES.txt'\n"}
[0.561550] (drone_ai_sim_ros) StdoutLine: {'line': b'running build\n'}
[0.561622] (drone_ai_sim_ros) StdoutLine: {'line': b'running build_py\n'}
[0.561886] (drone_ai_sim_ros) StdoutLine: {'line': b'running install\n'}
[0.564785] (drone_ai_sim_ros) StdoutLine: {'line': b'running install_lib\n'}
[0.574371] (drone_ai_sim_ros) StdoutLine: {'line': b'running install_data\n'}
[0.574566] (drone_ai_sim_ros) StdoutLine: {'line': b'copying launch/orchestrate.launch.py -> /home/raytech/repos/drone_ai_sim/install/drone_ai_sim_ros/share/drone_ai_sim_ros/launch\n'}
[0.574610] (drone_ai_sim_ros) StdoutLine: {'line': b'running install_egg_info\n'}
[0.585168] (drone_ai_sim_ros) StdoutLine: {'line': b"removing '/home/raytech/repos/drone_ai_sim/install/drone_ai_sim_ros/lib/python3.12/site-packages/drone_ai_sim_ros-0.0.0-py3.12.egg-info' (and everything under it)\n"}
[0.585320] (drone_ai_sim_ros) StdoutLine: {'line': b'Copying ../build/drone_ai_sim_ros/drone_ai_sim_ros.egg-info to /home/raytech/repos/drone_ai_sim/install/drone_ai_sim_ros/lib/python3.12/site-packages/drone_ai_sim_ros-0.0.0-py3.12.egg-info\n'}
[0.585348] (drone_ai_sim_ros) StdoutLine: {'line': b'running install_scripts\n'}
[0.607356] (-) TimerEvent: {}
[0.646275] (drone_ai_sim_ros) StdoutLine: {'line': b'Installing odom_tf_broadcaster script to /home/raytech/repos/drone_ai_sim/install/drone_ai_sim_ros/lib/drone_ai_sim_ros\n'}
[0.646838] (drone_ai_sim_ros) StdoutLine: {'line': b'Installing pointcloud_websocket_bridge script to /home/raytech/repos/drone_ai_sim/install/drone_ai_sim_ros/lib/drone_ai_sim_ros\n'}
[0.647007] (drone_ai_sim_ros) StdoutLine: {'line': b'Installing republish script to /home/raytech/repos/drone_ai_sim/install/drone_ai_sim_ros/lib/drone_ai_sim_ros\n'}
[0.650691] (drone_ai_sim_ros) StdoutLine: {'line': b'Installing yolo_perception_node script to /home/raytech/repos/drone_ai_sim/install/drone_ai_sim_ros/lib/drone_ai_sim_ros\n'}
[0.650791] (drone_ai_sim_ros) StdoutLine: {'line': b"writing list of installed files to '/home/raytech/repos/drone_ai_sim/build/drone_ai_sim_ros/install.log'\n"}
[0.666149] (drone_ai_sim_ros) CommandEnded: {'returncode': 0}
[0.672892] (drone_ai_sim_ros) JobEnded: {'identifier': 'drone_ai_sim_ros', 'rc': 0}
[0.673190] (-) EventReactorShutdown: {}
