[  2%] Built target ares_interfaces__rosidl_generator_type_description
[  2%] Built target ament_cmake_python_copy_ares_interfaces
[  4%] Built target ares_interfaces__cpp
[ 22%] Built target ares_interfaces__rosidl_generator_c
[ 31%] Built target ares_interfaces__rosidl_typesupport_c
[ 40%] Built target ares_interfaces__rosidl_typesupport_introspection_c
[ 50%] Built target ares_interfaces__rosidl_typesupport_introspection_cpp
[ 59%] Built target ares_interfaces__rosidl_typesupport_cpp
[ 68%] Built target ares_interfaces__rosidl_typesupport_fastrtps_c
[ 77%] Built target ares_interfaces__rosidl_typesupport_fastrtps_cpp
[ 77%] Built target ares_interfaces
[ 79%] Built target ares_interfaces__py
[ 86%] Built target ares_interfaces__rosidl_generator_py
running egg_info
writing ares_interfaces.egg-info/PKG-INFO
writing dependency_links to ares_interfaces.egg-info/dependency_links.txt
writing top-level names to ares_interfaces.egg-info/top_level.txt
[ 90%] Built target ares_interfaces_s__rosidl_typesupport_fastrtps_c
[ 95%] Built target ares_interfaces_s__rosidl_typesupport_introspection_c
[100%] Built target ares_interfaces_s__rosidl_typesupport_c
reading manifest file 'ares_interfaces.egg-info/SOURCES.txt'
writing manifest file 'ares_interfaces.egg-info/SOURCES.txt'
[100%] Built target ament_cmake_python_build_ares_interfaces_egg
-- Install configuration: ""
-- Up-to-date: /home/raytech/repos/drone_ai_sim/install/ares_interfaces/share/ament_index/resource_index/rosidl_interfaces/ares_interfaces
-- Up-to-date: /home/raytech/repos/drone_ai_sim/install/ares_interfaces/share/ares_interfaces/msg/SensedObject.json
-- Up-to-date: /home/raytech/repos/drone_ai_sim/install/ares_interfaces/share/ares_interfaces/srv/DetectObjects.json
-- Up-to-date: /home/raytech/repos/drone_ai_sim/install/ares_interfaces/include/ares_interfaces/ares_interfaces
-- Up-to-date: /home/raytech/repos/drone_ai_sim/install/ares_interfaces/include/ares_interfaces/ares_interfaces/msg
-- Up-to-date: /home/raytech/repos/drone_ai_sim/install/ares_interfaces/include/ares_interfaces/ares_interfaces/msg/detail
-- Up-to-date: /home/raytech/repos/drone_ai_sim/install/ares_interfaces/include/ares_interfaces/ares_interfaces/msg/detail/sensed_object__type_support.c
-- Up-to-date: /home/raytech/repos/drone_ai_sim/install/ares_interfaces/include/ares_interfaces/ares_interfaces/msg/detail/sensed_object__functions.h
-- Up-to-date: /home/raytech/repos/drone_ai_sim/install/ares_interfaces/include/ares_interfaces/ares_interfaces/msg/detail/sensed_object__description.c
-- Up-to-date: /home/raytech/repos/drone_ai_sim/install/ares_interfaces/include/ares_interfaces/ares_interfaces/msg/detail/sensed_object__functions.c
-- Up-to-date: /home/raytech/repos/drone_ai_sim/install/ares_interfaces/include/ares_interfaces/ares_interfaces/msg/detail/sensed_object__struct.h
-- Up-to-date: /home/raytech/repos/drone_ai_sim/install/ares_interfaces/include/ares_interfaces/ares_interfaces/msg/detail/sensed_object__type_support.h
-- Up-to-date: /home/raytech/repos/drone_ai_sim/install/ares_interfaces/include/ares_interfaces/ares_interfaces/msg/rosidl_generator_c__visibility_control.h
-- Up-to-date: /home/raytech/repos/drone_ai_sim/install/ares_interfaces/include/ares_interfaces/ares_interfaces/msg/sensed_object.h
-- Up-to-date: /home/raytech/repos/drone_ai_sim/install/ares_interfaces/include/ares_interfaces/ares_interfaces/srv
-- Up-to-date: /home/raytech/repos/drone_ai_sim/install/ares_interfaces/include/ares_interfaces/ares_interfaces/srv/detail
-- Up-to-date: /home/raytech/repos/drone_ai_sim/install/ares_interfaces/include/ares_interfaces/ares_interfaces/srv/detail/detect_objects__functions.h
-- Up-to-date: /home/raytech/repos/drone_ai_sim/install/ares_interfaces/include/ares_interfaces/ares_interfaces/srv/detail/detect_objects__type_support.h
-- Up-to-date: /home/raytech/repos/drone_ai_sim/install/ares_interfaces/include/ares_interfaces/ares_interfaces/srv/detail/detect_objects__type_support.c
-- Up-to-date: /home/raytech/repos/drone_ai_sim/install/ares_interfaces/include/ares_interfaces/ares_interfaces/srv/detail/detect_objects__struct.h
-- Up-to-date: /home/raytech/repos/drone_ai_sim/install/ares_interfaces/include/ares_interfaces/ares_interfaces/srv/detail/detect_objects__functions.c
-- Up-to-date: /home/raytech/repos/drone_ai_sim/install/ares_interfaces/include/ares_interfaces/ares_interfaces/srv/detail/detect_objects__description.c
-- Up-to-date: /home/raytech/repos/drone_ai_sim/install/ares_interfaces/include/ares_interfaces/ares_interfaces/srv/detect_objects.h
-- Up-to-date: /home/raytech/repos/drone_ai_sim/install/ares_interfaces/share/ares_interfaces/environment/library_path.sh
-- Up-to-date: /home/raytech/repos/drone_ai_sim/install/ares_interfaces/share/ares_interfaces/environment/library_path.dsv
-- Up-to-date: /home/raytech/repos/drone_ai_sim/install/ares_interfaces/lib/libares_interfaces__rosidl_generator_c.so
-- Up-to-date: /home/raytech/repos/drone_ai_sim/install/ares_interfaces/include/ares_interfaces/ares_interfaces
-- Up-to-date: /home/raytech/repos/drone_ai_sim/install/ares_interfaces/include/ares_interfaces/ares_interfaces/msg
-- Up-to-date: /home/raytech/repos/drone_ai_sim/install/ares_interfaces/include/ares_interfaces/ares_interfaces/msg/detail
-- Up-to-date: /home/raytech/repos/drone_ai_sim/install/ares_interfaces/include/ares_interfaces/ares_interfaces/msg/detail/sensed_object__rosidl_typesupport_fastrtps_c.h
-- Up-to-date: /home/raytech/repos/drone_ai_sim/install/ares_interfaces/include/ares_interfaces/ares_interfaces/msg/rosidl_typesupport_fastrtps_c__visibility_control.h
-- Up-to-date: /home/raytech/repos/drone_ai_sim/install/ares_interfaces/include/ares_interfaces/ares_interfaces/srv
-- Up-to-date: /home/raytech/repos/drone_ai_sim/install/ares_interfaces/include/ares_interfaces/ares_interfaces/srv/detail
-- Up-to-date: /home/raytech/repos/drone_ai_sim/install/ares_interfaces/include/ares_interfaces/ares_interfaces/srv/detail/detect_objects__rosidl_typesupport_fastrtps_c.h
-- Up-to-date: /home/raytech/repos/drone_ai_sim/install/ares_interfaces/lib/libares_interfaces__rosidl_typesupport_fastrtps_c.so
-- Up-to-date: /home/raytech/repos/drone_ai_sim/install/ares_interfaces/include/ares_interfaces/ares_interfaces
-- Up-to-date: /home/raytech/repos/drone_ai_sim/install/ares_interfaces/include/ares_interfaces/ares_interfaces/msg
-- Up-to-date: /home/raytech/repos/drone_ai_sim/install/ares_interfaces/include/ares_interfaces/ares_interfaces/msg/detail
-- Up-to-date: /home/raytech/repos/drone_ai_sim/install/ares_interfaces/include/ares_interfaces/ares_interfaces/msg/detail/sensed_object__type_support.c
-- Up-to-date: /home/raytech/repos/drone_ai_sim/install/ares_interfaces/include/ares_interfaces/ares_interfaces/msg/detail/sensed_object__rosidl_typesupport_introspection_c.h
-- Up-to-date: /home/raytech/repos/drone_ai_sim/install/ares_interfaces/include/ares_interfaces/ares_interfaces/msg/rosidl_typesupport_introspection_c__visibility_control.h
-- Up-to-date: /home/raytech/repos/drone_ai_sim/install/ares_interfaces/include/ares_interfaces/ares_interfaces/srv
-- Up-to-date: /home/raytech/repos/drone_ai_sim/install/ares_interfaces/include/ares_interfaces/ares_interfaces/srv/detail
-- Up-to-date: /home/raytech/repos/drone_ai_sim/install/ares_interfaces/include/ares_interfaces/ares_interfaces/srv/detail/detect_objects__type_support.c
-- Up-to-date: /home/raytech/repos/drone_ai_sim/install/ares_interfaces/include/ares_interfaces/ares_interfaces/srv/detail/detect_objects__rosidl_typesupport_introspection_c.h
-- Up-to-date: /home/raytech/repos/drone_ai_sim/install/ares_interfaces/lib/libares_interfaces__rosidl_typesupport_introspection_c.so
-- Up-to-date: /home/raytech/repos/drone_ai_sim/install/ares_interfaces/lib/libares_interfaces__rosidl_typesupport_c.so
-- Up-to-date: /home/raytech/repos/drone_ai_sim/install/ares_interfaces/include/ares_interfaces/ares_interfaces
-- Up-to-date: /home/raytech/repos/drone_ai_sim/install/ares_interfaces/include/ares_interfaces/ares_interfaces/msg
-- Up-to-date: /home/raytech/repos/drone_ai_sim/install/ares_interfaces/include/ares_interfaces/ares_interfaces/msg/detail
-- Up-to-date: /home/raytech/repos/drone_ai_sim/install/ares_interfaces/include/ares_interfaces/ares_interfaces/msg/detail/sensed_object__struct.hpp
-- Up-to-date: /home/raytech/repos/drone_ai_sim/install/ares_interfaces/include/ares_interfaces/ares_interfaces/msg/detail/sensed_object__traits.hpp
-- Up-to-date: /home/raytech/repos/drone_ai_sim/install/ares_interfaces/include/ares_interfaces/ares_interfaces/msg/detail/sensed_object__type_support.hpp
-- Up-to-date: /home/raytech/repos/drone_ai_sim/install/ares_interfaces/include/ares_interfaces/ares_interfaces/msg/detail/sensed_object__builder.hpp
-- Up-to-date: /home/raytech/repos/drone_ai_sim/install/ares_interfaces/include/ares_interfaces/ares_interfaces/msg/rosidl_generator_cpp__visibility_control.hpp
-- Up-to-date: /home/raytech/repos/drone_ai_sim/install/ares_interfaces/include/ares_interfaces/ares_interfaces/msg/sensed_object.hpp
-- Up-to-date: /home/raytech/repos/drone_ai_sim/install/ares_interfaces/include/ares_interfaces/ares_interfaces/srv
-- Up-to-date: /home/raytech/repos/drone_ai_sim/install/ares_interfaces/include/ares_interfaces/ares_interfaces/srv/detail
-- Up-to-date: /home/raytech/repos/drone_ai_sim/install/ares_interfaces/include/ares_interfaces/ares_interfaces/srv/detail/detect_objects__traits.hpp
-- Up-to-date: /home/raytech/repos/drone_ai_sim/install/ares_interfaces/include/ares_interfaces/ares_interfaces/srv/detail/detect_objects__builder.hpp
-- Up-to-date: /home/raytech/repos/drone_ai_sim/install/ares_interfaces/include/ares_interfaces/ares_interfaces/srv/detail/detect_objects__struct.hpp
-- Up-to-date: /home/raytech/repos/drone_ai_sim/install/ares_interfaces/include/ares_interfaces/ares_interfaces/srv/detail/detect_objects__type_support.hpp
-- Up-to-date: /home/raytech/repos/drone_ai_sim/install/ares_interfaces/include/ares_interfaces/ares_interfaces/srv/detect_objects.hpp
-- Up-to-date: /home/raytech/repos/drone_ai_sim/install/ares_interfaces/include/ares_interfaces/ares_interfaces
-- Up-to-date: /home/raytech/repos/drone_ai_sim/install/ares_interfaces/include/ares_interfaces/ares_interfaces/msg
-- Up-to-date: /home/raytech/repos/drone_ai_sim/install/ares_interfaces/include/ares_interfaces/ares_interfaces/msg/detail
-- Up-to-date: /home/raytech/repos/drone_ai_sim/install/ares_interfaces/include/ares_interfaces/ares_interfaces/msg/detail/sensed_object__rosidl_typesupport_fastrtps_cpp.hpp
-- Up-to-date: /home/raytech/repos/drone_ai_sim/install/ares_interfaces/include/ares_interfaces/ares_interfaces/msg/detail/dds_fastrtps
-- Up-to-date: /home/raytech/repos/drone_ai_sim/install/ares_interfaces/include/ares_interfaces/ares_interfaces/msg/rosidl_typesupport_fastrtps_cpp__visibility_control.h
-- Up-to-date: /home/raytech/repos/drone_ai_sim/install/ares_interfaces/include/ares_interfaces/ares_interfaces/srv
-- Up-to-date: /home/raytech/repos/drone_ai_sim/install/ares_interfaces/include/ares_interfaces/ares_interfaces/srv/detail
-- Up-to-date: /home/raytech/repos/drone_ai_sim/install/ares_interfaces/include/ares_interfaces/ares_interfaces/srv/detail/detect_objects__rosidl_typesupport_fastrtps_cpp.hpp
-- Up-to-date: /home/raytech/repos/drone_ai_sim/install/ares_interfaces/include/ares_interfaces/ares_interfaces/srv/detail/dds_fastrtps
-- Up-to-date: /home/raytech/repos/drone_ai_sim/install/ares_interfaces/lib/libares_interfaces__rosidl_typesupport_fastrtps_cpp.so
-- Up-to-date: /home/raytech/repos/drone_ai_sim/install/ares_interfaces/include/ares_interfaces/ares_interfaces
-- Up-to-date: /home/raytech/repos/drone_ai_sim/install/ares_interfaces/include/ares_interfaces/ares_interfaces/msg
-- Up-to-date: /home/raytech/repos/drone_ai_sim/install/ares_interfaces/include/ares_interfaces/ares_interfaces/msg/detail
-- Up-to-date: /home/raytech/repos/drone_ai_sim/install/ares_interfaces/include/ares_interfaces/ares_interfaces/msg/detail/sensed_object__rosidl_typesupport_introspection_cpp.hpp
-- Up-to-date: /home/raytech/repos/drone_ai_sim/install/ares_interfaces/include/ares_interfaces/ares_interfaces/msg/detail/sensed_object__type_support.cpp
-- Up-to-date: /home/raytech/repos/drone_ai_sim/install/ares_interfaces/include/ares_interfaces/ares_interfaces/srv
-- Up-to-date: /home/raytech/repos/drone_ai_sim/install/ares_interfaces/include/ares_interfaces/ares_interfaces/srv/detail
-- Up-to-date: /home/raytech/repos/drone_ai_sim/install/ares_interfaces/include/ares_interfaces/ares_interfaces/srv/detail/detect_objects__rosidl_typesupport_introspection_cpp.hpp
-- Up-to-date: /home/raytech/repos/drone_ai_sim/install/ares_interfaces/include/ares_interfaces/ares_interfaces/srv/detail/detect_objects__type_support.cpp
-- Up-to-date: /home/raytech/repos/drone_ai_sim/install/ares_interfaces/lib/libares_interfaces__rosidl_typesupport_introspection_cpp.so
-- Up-to-date: /home/raytech/repos/drone_ai_sim/install/ares_interfaces/lib/libares_interfaces__rosidl_typesupport_cpp.so
-- Up-to-date: /home/raytech/repos/drone_ai_sim/install/ares_interfaces/share/ares_interfaces/environment/pythonpath.sh
-- Up-to-date: /home/raytech/repos/drone_ai_sim/install/ares_interfaces/share/ares_interfaces/environment/pythonpath.dsv
-- Up-to-date: /home/raytech/repos/drone_ai_sim/install/ares_interfaces/lib/python3.12/site-packages/ares_interfaces-0.0.1-py3.12.egg-info
-- Installing: /home/raytech/repos/drone_ai_sim/install/ares_interfaces/lib/python3.12/site-packages/ares_interfaces-0.0.1-py3.12.egg-info/top_level.txt
-- Installing: /home/raytech/repos/drone_ai_sim/install/ares_interfaces/lib/python3.12/site-packages/ares_interfaces-0.0.1-py3.12.egg-info/PKG-INFO
-- Installing: /home/raytech/repos/drone_ai_sim/install/ares_interfaces/lib/python3.12/site-packages/ares_interfaces-0.0.1-py3.12.egg-info/SOURCES.txt
-- Installing: /home/raytech/repos/drone_ai_sim/install/ares_interfaces/lib/python3.12/site-packages/ares_interfaces-0.0.1-py3.12.egg-info/dependency_links.txt
-- Up-to-date: /home/raytech/repos/drone_ai_sim/install/ares_interfaces/lib/python3.12/site-packages/ares_interfaces
-- Up-to-date: /home/raytech/repos/drone_ai_sim/install/ares_interfaces/lib/python3.12/site-packages/ares_interfaces/__init__.py
-- Up-to-date: /home/raytech/repos/drone_ai_sim/install/ares_interfaces/lib/python3.12/site-packages/ares_interfaces/_ares_interfaces_s.ep.rosidl_typesupport_introspection_c.c
-- Up-to-date: /home/raytech/repos/drone_ai_sim/install/ares_interfaces/lib/python3.12/site-packages/ares_interfaces/ares_interfaces_s__rosidl_typesupport_c.so
-- Up-to-date: /home/raytech/repos/drone_ai_sim/install/ares_interfaces/lib/python3.12/site-packages/ares_interfaces/ares_interfaces_s__rosidl_typesupport_fastrtps_c.so
-- Up-to-date: /home/raytech/repos/drone_ai_sim/install/ares_interfaces/lib/python3.12/site-packages/ares_interfaces/_ares_interfaces_s.ep.rosidl_typesupport_fastrtps_c.c
-- Up-to-date: /home/raytech/repos/drone_ai_sim/install/ares_interfaces/lib/python3.12/site-packages/ares_interfaces/_ares_interfaces_s.ep.rosidl_typesupport_c.c
-- Up-to-date: /home/raytech/repos/drone_ai_sim/install/ares_interfaces/lib/python3.12/site-packages/ares_interfaces/ares_interfaces_s__rosidl_typesupport_introspection_c.so
-- Up-to-date: /home/raytech/repos/drone_ai_sim/install/ares_interfaces/lib/python3.12/site-packages/ares_interfaces/msg
-- Up-to-date: /home/raytech/repos/drone_ai_sim/install/ares_interfaces/lib/python3.12/site-packages/ares_interfaces/msg/__init__.py
-- Up-to-date: /home/raytech/repos/drone_ai_sim/install/ares_interfaces/lib/python3.12/site-packages/ares_interfaces/msg/_sensed_object.py
-- Up-to-date: /home/raytech/repos/drone_ai_sim/install/ares_interfaces/lib/python3.12/site-packages/ares_interfaces/msg/_sensed_object_s.c
-- Up-to-date: /home/raytech/repos/drone_ai_sim/install/ares_interfaces/lib/python3.12/site-packages/ares_interfaces/srv
-- Up-to-date: /home/raytech/repos/drone_ai_sim/install/ares_interfaces/lib/python3.12/site-packages/ares_interfaces/srv/__init__.py
-- Up-to-date: /home/raytech/repos/drone_ai_sim/install/ares_interfaces/lib/python3.12/site-packages/ares_interfaces/srv/_detect_objects_s.c
-- Up-to-date: /home/raytech/repos/drone_ai_sim/install/ares_interfaces/lib/python3.12/site-packages/ares_interfaces/srv/_detect_objects.py
Listing '/home/raytech/repos/drone_ai_sim/install/ares_interfaces/lib/python3.12/site-packages/ares_interfaces'...
Listing '/home/raytech/repos/drone_ai_sim/install/ares_interfaces/lib/python3.12/site-packages/ares_interfaces/msg'...
Listing '/home/raytech/repos/drone_ai_sim/install/ares_interfaces/lib/python3.12/site-packages/ares_interfaces/srv'...
-- Up-to-date: /home/raytech/repos/drone_ai_sim/install/ares_interfaces/lib/python3.12/site-packages/ares_interfaces/ares_interfaces_s__rosidl_typesupport_fastrtps_c.so
-- Up-to-date: /home/raytech/repos/drone_ai_sim/install/ares_interfaces/lib/python3.12/site-packages/ares_interfaces/ares_interfaces_s__rosidl_typesupport_introspection_c.so
-- Up-to-date: /home/raytech/repos/drone_ai_sim/install/ares_interfaces/lib/python3.12/site-packages/ares_interfaces/ares_interfaces_s__rosidl_typesupport_c.so
-- Up-to-date: /home/raytech/repos/drone_ai_sim/install/ares_interfaces/lib/libares_interfaces__rosidl_generator_py.so
-- Up-to-date: /home/raytech/repos/drone_ai_sim/install/ares_interfaces/share/ares_interfaces/msg/SensedObject.idl
-- Up-to-date: /home/raytech/repos/drone_ai_sim/install/ares_interfaces/share/ares_interfaces/srv/DetectObjects.idl
-- Up-to-date: /home/raytech/repos/drone_ai_sim/install/ares_interfaces/share/ares_interfaces/msg/SensedObject.msg
-- Up-to-date: /home/raytech/repos/drone_ai_sim/install/ares_interfaces/share/ares_interfaces/srv/DetectObjects.srv
-- Up-to-date: /home/raytech/repos/drone_ai_sim/install/ares_interfaces/share/ament_index/resource_index/package_run_dependencies/ares_interfaces
-- Up-to-date: /home/raytech/repos/drone_ai_sim/install/ares_interfaces/share/ament_index/resource_index/parent_prefix_path/ares_interfaces
-- Up-to-date: /home/raytech/repos/drone_ai_sim/install/ares_interfaces/share/ares_interfaces/environment/ament_prefix_path.sh
-- Up-to-date: /home/raytech/repos/drone_ai_sim/install/ares_interfaces/share/ares_interfaces/environment/ament_prefix_path.dsv
-- Up-to-date: /home/raytech/repos/drone_ai_sim/install/ares_interfaces/share/ares_interfaces/environment/path.sh
-- Up-to-date: /home/raytech/repos/drone_ai_sim/install/ares_interfaces/share/ares_interfaces/environment/path.dsv
-- Up-to-date: /home/raytech/repos/drone_ai_sim/install/ares_interfaces/share/ares_interfaces/local_setup.bash
-- Up-to-date: /home/raytech/repos/drone_ai_sim/install/ares_interfaces/share/ares_interfaces/local_setup.sh
-- Up-to-date: /home/raytech/repos/drone_ai_sim/install/ares_interfaces/share/ares_interfaces/local_setup.zsh
-- Up-to-date: /home/raytech/repos/drone_ai_sim/install/ares_interfaces/share/ares_interfaces/local_setup.dsv
-- Installing: /home/raytech/repos/drone_ai_sim/install/ares_interfaces/share/ares_interfaces/package.dsv
-- Up-to-date: /home/raytech/repos/drone_ai_sim/install/ares_interfaces/share/ament_index/resource_index/packages/ares_interfaces
-- Up-to-date: /home/raytech/repos/drone_ai_sim/install/ares_interfaces/share/ares_interfaces/cmake/export_ares_interfaces__rosidl_generator_cExport.cmake
-- Up-to-date: /home/raytech/repos/drone_ai_sim/install/ares_interfaces/share/ares_interfaces/cmake/export_ares_interfaces__rosidl_generator_cExport-noconfig.cmake
-- Up-to-date: /home/raytech/repos/drone_ai_sim/install/ares_interfaces/share/ares_interfaces/cmake/export_ares_interfaces__rosidl_typesupport_fastrtps_cExport.cmake
-- Up-to-date: /home/raytech/repos/drone_ai_sim/install/ares_interfaces/share/ares_interfaces/cmake/export_ares_interfaces__rosidl_typesupport_fastrtps_cExport-noconfig.cmake
-- Up-to-date: /home/raytech/repos/drone_ai_sim/install/ares_interfaces/share/ares_interfaces/cmake/ares_interfaces__rosidl_typesupport_introspection_cExport.cmake
-- Up-to-date: /home/raytech/repos/drone_ai_sim/install/ares_interfaces/share/ares_interfaces/cmake/ares_interfaces__rosidl_typesupport_introspection_cExport-noconfig.cmake
-- Up-to-date: /home/raytech/repos/drone_ai_sim/install/ares_interfaces/share/ares_interfaces/cmake/ares_interfaces__rosidl_typesupport_cExport.cmake
-- Up-to-date: /home/raytech/repos/drone_ai_sim/install/ares_interfaces/share/ares_interfaces/cmake/ares_interfaces__rosidl_typesupport_cExport-noconfig.cmake
-- Up-to-date: /home/raytech/repos/drone_ai_sim/install/ares_interfaces/share/ares_interfaces/cmake/export_ares_interfaces__rosidl_generator_cppExport.cmake
-- Up-to-date: /home/raytech/repos/drone_ai_sim/install/ares_interfaces/share/ares_interfaces/cmake/export_ares_interfaces__rosidl_typesupport_fastrtps_cppExport.cmake
-- Up-to-date: /home/raytech/repos/drone_ai_sim/install/ares_interfaces/share/ares_interfaces/cmake/export_ares_interfaces__rosidl_typesupport_fastrtps_cppExport-noconfig.cmake
-- Up-to-date: /home/raytech/repos/drone_ai_sim/install/ares_interfaces/share/ares_interfaces/cmake/ares_interfaces__rosidl_typesupport_introspection_cppExport.cmake
-- Up-to-date: /home/raytech/repos/drone_ai_sim/install/ares_interfaces/share/ares_interfaces/cmake/ares_interfaces__rosidl_typesupport_introspection_cppExport-noconfig.cmake
-- Up-to-date: /home/raytech/repos/drone_ai_sim/install/ares_interfaces/share/ares_interfaces/cmake/ares_interfaces__rosidl_typesupport_cppExport.cmake
-- Up-to-date: /home/raytech/repos/drone_ai_sim/install/ares_interfaces/share/ares_interfaces/cmake/ares_interfaces__rosidl_typesupport_cppExport-noconfig.cmake
-- Up-to-date: /home/raytech/repos/drone_ai_sim/install/ares_interfaces/share/ares_interfaces/cmake/export_ares_interfaces__rosidl_generator_pyExport.cmake
-- Up-to-date: /home/raytech/repos/drone_ai_sim/install/ares_interfaces/share/ares_interfaces/cmake/export_ares_interfaces__rosidl_generator_pyExport-noconfig.cmake
-- Up-to-date: /home/raytech/repos/drone_ai_sim/install/ares_interfaces/share/ares_interfaces/cmake/rosidl_cmake-extras.cmake
-- Up-to-date: /home/raytech/repos/drone_ai_sim/install/ares_interfaces/share/ares_interfaces/cmake/ament_cmake_export_dependencies-extras.cmake
-- Up-to-date: /home/raytech/repos/drone_ai_sim/install/ares_interfaces/share/ares_interfaces/cmake/ament_cmake_export_include_directories-extras.cmake
-- Up-to-date: /home/raytech/repos/drone_ai_sim/install/ares_interfaces/share/ares_interfaces/cmake/ament_cmake_export_libraries-extras.cmake
-- Up-to-date: /home/raytech/repos/drone_ai_sim/install/ares_interfaces/share/ares_interfaces/cmake/ament_cmake_export_targets-extras.cmake
-- Up-to-date: /home/raytech/repos/drone_ai_sim/install/ares_interfaces/share/ares_interfaces/cmake/rosidl_cmake_export_typesupport_targets-extras.cmake
-- Up-to-date: /home/raytech/repos/drone_ai_sim/install/ares_interfaces/share/ares_interfaces/cmake/rosidl_cmake_export_typesupport_libraries-extras.cmake
-- Up-to-date: /home/raytech/repos/drone_ai_sim/install/ares_interfaces/share/ares_interfaces/cmake/ares_interfacesConfig.cmake
-- Up-to-date: /home/raytech/repos/drone_ai_sim/install/ares_interfaces/share/ares_interfaces/cmake/ares_interfacesConfig-version.cmake
-- Up-to-date: /home/raytech/repos/drone_ai_sim/install/ares_interfaces/share/ares_interfaces/package.xml
