[0.008s] Invoking command in '/home/raytech/repos/drone_ai_sim/build/ares_interfaces': CMAKE_PREFIX_PATH=${CMAKE_PREFIX_PATH}:/opt/ros/jazzy DEBUGINFOD_URLS=https://debuginfod.ubuntu.com /usr/bin/cmake /home/raytech/repos/drone_ai_sim/ares_interfaces -DCMAKE_INSTALL_PREFIX=/home/raytech/repos/drone_ai_sim/install/ares_interfaces
[0.111s] -- The C compiler identification is GNU 13.3.0
[0.208s] -- The CXX compiler identification is GNU 13.3.0
[0.223s] -- Detecting C compiler ABI info
[0.278s] -- Detecting C compiler ABI info - done
[0.284s] -- Check for working C compiler: /usr/bin/cc - skipped
[0.284s] -- Detecting C compile features
[0.284s] -- Detecting C compile features - done
[0.291s] -- Detecting CXX compiler ABI info
[0.351s] -- Detecting CXX compiler ABI info - done
[0.356s] -- Check for working CXX compiler: /usr/bin/c++ - skipped
[0.357s] -- Detecting CXX compile features
[0.357s] -- Detecting CXX compile features - done
[0.373s] -- Found ament_cmake: 2.5.4 (/opt/ros/jazzy/share/ament_cmake/cmake)
[0.450s] -- Found Python3: /usr/bin/python3 (found version "3.12.3") found components: Interpreter 
[0.526s] -- Found rosidl_default_generators: 1.6.0 (/opt/ros/jazzy/share/rosidl_default_generators/cmake)
[0.534s] -- Using all available rosidl_typesupport_c: rosidl_typesupport_fastrtps_c;rosidl_typesupport_introspection_c
[0.601s] -- Using all available rosidl_typesupport_cpp: rosidl_typesupport_fastrtps_cpp;rosidl_typesupport_introspection_cpp
[0.655s] -- Found rosidl_adapter: 4.6.6 (/opt/ros/jazzy/share/rosidl_adapter/cmake)
[0.663s] -- Found geometry_msgs: 5.3.6 (/opt/ros/jazzy/share/geometry_msgs/cmake)
[1.031s] -- Found ament_cmake_ros: 0.12.0 (/opt/ros/jazzy/share/ament_cmake_ros/cmake)
[1.288s] -- Using all available rosidl_typesupport_c: rosidl_typesupport_fastrtps_c;rosidl_typesupport_introspection_c
[1.608s] -- Using all available rosidl_typesupport_cpp: rosidl_typesupport_fastrtps_cpp;rosidl_typesupport_introspection_cpp
[1.612s] -- Found python_cmake_module: 0.11.1 (/opt/ros/jazzy/share/python_cmake_module/cmake)
[1.678s] -- Found PythonExtra: /usr/bin/python3  
[1.952s] -- Found Python3: /usr/bin/python3 (found version "3.12.3") found components: Interpreter Development NumPy Development.Module Development.Embed 
[1.988s] -- Configuring done (2.0s)
[2.009s] -- Generating done (0.0s)
[2.015s] -- Build files have been written to: /home/raytech/repos/drone_ai_sim/build/ares_interfaces
[2.020s] Invoked command in '/home/raytech/repos/drone_ai_sim/build/ares_interfaces' returned '0': CMAKE_PREFIX_PATH=${CMAKE_PREFIX_PATH}:/opt/ros/jazzy DEBUGINFOD_URLS=https://debuginfod.ubuntu.com /usr/bin/cmake /home/raytech/repos/drone_ai_sim/ares_interfaces -DCMAKE_INSTALL_PREFIX=/home/raytech/repos/drone_ai_sim/install/ares_interfaces
[2.021s] Invoking command in '/home/raytech/repos/drone_ai_sim/build/ares_interfaces': CMAKE_PREFIX_PATH=${CMAKE_PREFIX_PATH}:/opt/ros/jazzy DEBUGINFOD_URLS=https://debuginfod.ubuntu.com /usr/bin/cmake --build /home/raytech/repos/drone_ai_sim/build/ares_interfaces -- -j8 -l8
[2.051s] [  2%] [34m[1mGenerating type hashes for ROS interfaces[0m
[2.056s] [  2%] Built target ament_cmake_python_copy_ares_interfaces
[2.152s] running egg_info
[2.152s] creating ares_interfaces.egg-info
[2.160s] writing ares_interfaces.egg-info/PKG-INFO
[2.160s] writing dependency_links to ares_interfaces.egg-info/dependency_links.txt
[2.160s] writing top-level names to ares_interfaces.egg-info/top_level.txt
[2.160s] writing manifest file 'ares_interfaces.egg-info/SOURCES.txt'
[2.165s] [  2%] Built target ares_interfaces__rosidl_generator_type_description
[2.173s] [  4%] [34m[1mGenerating C code for ROS interfaces[0m
[2.179s] [  6%] [34m[1mGenerating C++ code for ROS interfaces[0m
[2.190s] reading manifest file 'ares_interfaces.egg-info/SOURCES.txt'
[2.191s] writing manifest file 'ares_interfaces.egg-info/SOURCES.txt'
[2.210s] [  6%] Built target ament_cmake_python_build_ares_interfaces_egg
[2.344s] [  6%] Built target ares_interfaces__cpp
[2.364s] [ 11%] [32mBuilding C object CMakeFiles/ares_interfaces__rosidl_generator_c.dir/rosidl_generator_c/ares_interfaces/msg/detail/sensed_object__functions.c.o[0m
[2.364s] [ 11%] [32mBuilding C object CMakeFiles/ares_interfaces__rosidl_generator_c.dir/rosidl_generator_c/ares_interfaces/msg/detail/sensed_object__description.c.o[0m
[2.365s] [ 13%] [32mBuilding C object CMakeFiles/ares_interfaces__rosidl_generator_c.dir/rosidl_generator_c/ares_interfaces/msg/detail/sensed_object__type_support.c.o[0m
[2.365s] [ 15%] [32mBuilding C object CMakeFiles/ares_interfaces__rosidl_generator_c.dir/rosidl_generator_c/ares_interfaces/srv/detail/detect_objects__description.c.o[0m
[2.365s] [ 18%] [32mBuilding C object CMakeFiles/ares_interfaces__rosidl_generator_c.dir/rosidl_generator_c/ares_interfaces/srv/detail/detect_objects__functions.c.o[0m
[2.366s] [ 20%] [32mBuilding C object CMakeFiles/ares_interfaces__rosidl_generator_c.dir/rosidl_generator_c/ares_interfaces/srv/detail/detect_objects__type_support.c.o[0m
[2.436s] [ 22%] [32m[1mLinking C shared library libares_interfaces__rosidl_generator_c.so[0m
[2.465s] [ 22%] Built target ares_interfaces__rosidl_generator_c
[2.472s] [ 25%] [34m[1mGenerating C introspection for ROS interfaces[0m
[2.472s] [ 29%] [34m[1mGenerating C type support dispatch for ROS interfaces[0m
[2.472s] [ 29%] [34m[1mGenerating C++ introspection for ROS interfaces[0m
[2.472s] [ 31%] [34m[1mGenerating C++ type support dispatch for ROS interfaces[0m
[2.472s] [ 34%] [34m[1mGenerating C++ type support for eProsima Fast-RTPS[0m
[2.472s] [ 36%] [34m[1mGenerating C type support for eProsima Fast-RTPS[0m
[2.610s] [ 38%] [32mBuilding CXX object CMakeFiles/ares_interfaces__rosidl_typesupport_c.dir/rosidl_typesupport_c/ares_interfaces/msg/sensed_object__type_support.cpp.o[0m
[2.610s] [ 40%] [32mBuilding CXX object CMakeFiles/ares_interfaces__rosidl_typesupport_c.dir/rosidl_typesupport_c/ares_interfaces/srv/detect_objects__type_support.cpp.o[0m
[2.611s] [ 43%] [32mBuilding CXX object CMakeFiles/ares_interfaces__rosidl_typesupport_cpp.dir/rosidl_typesupport_cpp/ares_interfaces/msg/sensed_object__type_support.cpp.o[0m
[2.612s] [ 45%] [32mBuilding CXX object CMakeFiles/ares_interfaces__rosidl_typesupport_cpp.dir/rosidl_typesupport_cpp/ares_interfaces/srv/detect_objects__type_support.cpp.o[0m
[2.640s] [ 47%] [32mBuilding C object CMakeFiles/ares_interfaces__rosidl_typesupport_introspection_c.dir/rosidl_typesupport_introspection_c/ares_interfaces/msg/detail/sensed_object__type_support.c.o[0m
[2.642s] [ 50%] [32mBuilding CXX object CMakeFiles/ares_interfaces__rosidl_typesupport_introspection_cpp.dir/rosidl_typesupport_introspection_cpp/ares_interfaces/msg/detail/sensed_object__type_support.cpp.o[0m
[2.652s] [ 52%] [32mBuilding CXX object CMakeFiles/ares_interfaces__rosidl_typesupport_introspection_cpp.dir/rosidl_typesupport_introspection_cpp/ares_interfaces/srv/detail/detect_objects__type_support.cpp.o[0m
[2.654s] [ 54%] [32m[1mLinking CXX shared library libares_interfaces__rosidl_typesupport_c.so[0m
[2.664s] [ 56%] [32mBuilding CXX object CMakeFiles/ares_interfaces__rosidl_typesupport_fastrtps_cpp.dir/rosidl_typesupport_fastrtps_cpp/ares_interfaces/msg/detail/dds_fastrtps/sensed_object__type_support.cpp.o[0m
[2.668s] [ 59%] [32mBuilding CXX object CMakeFiles/ares_interfaces__rosidl_typesupport_fastrtps_c.dir/rosidl_typesupport_fastrtps_c/ares_interfaces/msg/detail/sensed_object__type_support_c.cpp.o[0m
[2.669s] [ 61%] [32mBuilding C object CMakeFiles/ares_interfaces__rosidl_typesupport_introspection_c.dir/rosidl_typesupport_introspection_c/ares_interfaces/srv/detail/detect_objects__type_support.c.o[0m
[2.697s] [ 61%] Built target ares_interfaces__rosidl_typesupport_c
[2.703s] [ 63%] [32mBuilding CXX object CMakeFiles/ares_interfaces__rosidl_typesupport_fastrtps_c.dir/rosidl_typesupport_fastrtps_c/ares_interfaces/srv/detail/detect_objects__type_support_c.cpp.o[0m
[2.706s] [ 65%] [32m[1mLinking C shared library libares_interfaces__rosidl_typesupport_introspection_c.so[0m
[2.739s] [ 65%] Built target ares_interfaces__rosidl_typesupport_introspection_c
[2.749s] [ 68%] [32mBuilding CXX object CMakeFiles/ares_interfaces__rosidl_typesupport_fastrtps_cpp.dir/rosidl_typesupport_fastrtps_cpp/ares_interfaces/srv/detail/dds_fastrtps/detect_objects__type_support.cpp.o[0m
[2.982s] [ 70%] [32m[1mLinking CXX shared library libares_interfaces__rosidl_typesupport_cpp.so[0m
[3.009s] [ 72%] [32m[1mLinking CXX shared library libares_interfaces__rosidl_typesupport_introspection_cpp.so[0m
[3.036s] [ 72%] Built target ares_interfaces__rosidl_typesupport_cpp
[3.061s] [ 72%] Built target ares_interfaces__rosidl_typesupport_introspection_cpp
[3.081s] [ 75%] [32m[1mLinking CXX shared library libares_interfaces__rosidl_typesupport_fastrtps_c.so[0m
[3.127s] [ 75%] Built target ares_interfaces__rosidl_typesupport_fastrtps_c
[3.177s] [ 77%] [32m[1mLinking CXX shared library libares_interfaces__rosidl_typesupport_fastrtps_cpp.so[0m
[3.216s] [ 77%] Built target ares_interfaces__rosidl_typesupport_fastrtps_cpp
[3.226s] [ 77%] Built target ares_interfaces
[3.238s] [ 79%] [34m[1mGenerating Python code for ROS interfaces[0m
[3.432s] [ 79%] Built target ares_interfaces__py
[3.445s] [ 81%] [32mBuilding C object CMakeFiles/ares_interfaces__rosidl_generator_py.dir/rosidl_generator_py/ares_interfaces/msg/_sensed_object_s.c.o[0m
[3.446s] [ 84%] [32mBuilding C object CMakeFiles/ares_interfaces__rosidl_generator_py.dir/rosidl_generator_py/ares_interfaces/srv/_detect_objects_s.c.o[0m
[3.549s] [ 86%] [32m[1mLinking C shared library libares_interfaces__rosidl_generator_py.so[0m
[3.577s] [ 86%] Built target ares_interfaces__rosidl_generator_py
[3.590s] [ 88%] [32mBuilding C object CMakeFiles/ares_interfaces_s__rosidl_typesupport_fastrtps_c.dir/rosidl_generator_py/ares_interfaces/_ares_interfaces_s.ep.rosidl_typesupport_fastrtps_c.c.o[0m
[3.590s] [ 90%] [32mBuilding C object CMakeFiles/ares_interfaces_s__rosidl_typesupport_c.dir/rosidl_generator_py/ares_interfaces/_ares_interfaces_s.ep.rosidl_typesupport_c.c.o[0m
[3.591s] [ 93%] [32mBuilding C object CMakeFiles/ares_interfaces_s__rosidl_typesupport_introspection_c.dir/rosidl_generator_py/ares_interfaces/_ares_interfaces_s.ep.rosidl_typesupport_introspection_c.c.o[0m
[3.647s] [ 95%] [32m[1mLinking C shared module rosidl_generator_py/ares_interfaces/ares_interfaces_s__rosidl_typesupport_introspection_c.so[0m
[3.647s] [ 97%] [32m[1mLinking C shared module rosidl_generator_py/ares_interfaces/ares_interfaces_s__rosidl_typesupport_fastrtps_c.so[0m
[3.648s] [100%] [32m[1mLinking C shared module rosidl_generator_py/ares_interfaces/ares_interfaces_s__rosidl_typesupport_c.so[0m
[3.668s] [100%] Built target ares_interfaces_s__rosidl_typesupport_c
[3.668s] [100%] Built target ares_interfaces_s__rosidl_typesupport_introspection_c
[3.668s] [100%] Built target ares_interfaces_s__rosidl_typesupport_fastrtps_c
[3.676s] Invoked command in '/home/raytech/repos/drone_ai_sim/build/ares_interfaces' returned '0': CMAKE_PREFIX_PATH=${CMAKE_PREFIX_PATH}:/opt/ros/jazzy DEBUGINFOD_URLS=https://debuginfod.ubuntu.com /usr/bin/cmake --build /home/raytech/repos/drone_ai_sim/build/ares_interfaces -- -j8 -l8
[3.683s] Invoking command in '/home/raytech/repos/drone_ai_sim/build/ares_interfaces': CMAKE_PREFIX_PATH=${CMAKE_PREFIX_PATH}:/opt/ros/jazzy DEBUGINFOD_URLS=https://debuginfod.ubuntu.com /usr/bin/cmake --install /home/raytech/repos/drone_ai_sim/build/ares_interfaces
[3.688s] -- Install configuration: ""
[3.688s] -- Installing: /home/raytech/repos/drone_ai_sim/install/ares_interfaces/share/ament_index/resource_index/rosidl_interfaces/ares_interfaces
[3.688s] -- Installing: /home/raytech/repos/drone_ai_sim/install/ares_interfaces/share/ares_interfaces/msg/SensedObject.json
[3.688s] -- Installing: /home/raytech/repos/drone_ai_sim/install/ares_interfaces/share/ares_interfaces/srv/DetectObjects.json
[3.688s] -- Installing: /home/raytech/repos/drone_ai_sim/install/ares_interfaces/include/ares_interfaces/ares_interfaces
[3.689s] -- Installing: /home/raytech/repos/drone_ai_sim/install/ares_interfaces/include/ares_interfaces/ares_interfaces/msg
[3.689s] -- Installing: /home/raytech/repos/drone_ai_sim/install/ares_interfaces/include/ares_interfaces/ares_interfaces/msg/detail
[3.689s] -- Installing: /home/raytech/repos/drone_ai_sim/install/ares_interfaces/include/ares_interfaces/ares_interfaces/msg/detail/sensed_object__type_support.c
[3.689s] -- Installing: /home/raytech/repos/drone_ai_sim/install/ares_interfaces/include/ares_interfaces/ares_interfaces/msg/detail/sensed_object__functions.h
[3.689s] -- Installing: /home/raytech/repos/drone_ai_sim/install/ares_interfaces/include/ares_interfaces/ares_interfaces/msg/detail/sensed_object__description.c
[3.689s] -- Installing: /home/raytech/repos/drone_ai_sim/install/ares_interfaces/include/ares_interfaces/ares_interfaces/msg/detail/sensed_object__functions.c
[3.689s] -- Installing: /home/raytech/repos/drone_ai_sim/install/ares_interfaces/include/ares_interfaces/ares_interfaces/msg/detail/sensed_object__struct.h
[3.689s] -- Installing: /home/raytech/repos/drone_ai_sim/install/ares_interfaces/include/ares_interfaces/ares_interfaces/msg/detail/sensed_object__type_support.h
[3.689s] -- Installing: /home/raytech/repos/drone_ai_sim/install/ares_interfaces/include/ares_interfaces/ares_interfaces/msg/rosidl_generator_c__visibility_control.h
[3.689s] -- Installing: /home/raytech/repos/drone_ai_sim/install/ares_interfaces/include/ares_interfaces/ares_interfaces/msg/sensed_object.h
[3.690s] -- Installing: /home/raytech/repos/drone_ai_sim/install/ares_interfaces/include/ares_interfaces/ares_interfaces/srv
[3.690s] -- Installing: /home/raytech/repos/drone_ai_sim/install/ares_interfaces/include/ares_interfaces/ares_interfaces/srv/detail
[3.690s] -- Installing: /home/raytech/repos/drone_ai_sim/install/ares_interfaces/include/ares_interfaces/ares_interfaces/srv/detail/detect_objects__functions.h
[3.690s] -- Installing: /home/raytech/repos/drone_ai_sim/install/ares_interfaces/include/ares_interfaces/ares_interfaces/srv/detail/detect_objects__type_support.h
[3.690s] -- Installing: /home/raytech/repos/drone_ai_sim/install/ares_interfaces/include/ares_interfaces/ares_interfaces/srv/detail/detect_objects__type_support.c
[3.690s] -- Installing: /home/raytech/repos/drone_ai_sim/install/ares_interfaces/include/ares_interfaces/ares_interfaces/srv/detail/detect_objects__struct.h
[3.690s] -- Installing: /home/raytech/repos/drone_ai_sim/install/ares_interfaces/include/ares_interfaces/ares_interfaces/srv/detail/detect_objects__functions.c
[3.690s] -- Installing: /home/raytech/repos/drone_ai_sim/install/ares_interfaces/include/ares_interfaces/ares_interfaces/srv/detail/detect_objects__description.c
[3.690s] -- Installing: /home/raytech/repos/drone_ai_sim/install/ares_interfaces/include/ares_interfaces/ares_interfaces/srv/detect_objects.h
[3.690s] -- Installing: /home/raytech/repos/drone_ai_sim/install/ares_interfaces/share/ares_interfaces/environment/library_path.sh
[3.690s] -- Installing: /home/raytech/repos/drone_ai_sim/install/ares_interfaces/share/ares_interfaces/environment/library_path.dsv
[3.690s] -- Installing: /home/raytech/repos/drone_ai_sim/install/ares_interfaces/lib/libares_interfaces__rosidl_generator_c.so
[3.691s] -- Set non-toolchain portion of runtime path of "/home/raytech/repos/drone_ai_sim/install/ares_interfaces/lib/libares_interfaces__rosidl_generator_c.so" to ""
[3.691s] -- Up-to-date: /home/raytech/repos/drone_ai_sim/install/ares_interfaces/include/ares_interfaces/ares_interfaces
[3.691s] -- Up-to-date: /home/raytech/repos/drone_ai_sim/install/ares_interfaces/include/ares_interfaces/ares_interfaces/msg
[3.691s] -- Up-to-date: /home/raytech/repos/drone_ai_sim/install/ares_interfaces/include/ares_interfaces/ares_interfaces/msg/detail
[3.691s] -- Installing: /home/raytech/repos/drone_ai_sim/install/ares_interfaces/include/ares_interfaces/ares_interfaces/msg/detail/sensed_object__rosidl_typesupport_fastrtps_c.h
[3.691s] -- Installing: /home/raytech/repos/drone_ai_sim/install/ares_interfaces/include/ares_interfaces/ares_interfaces/msg/rosidl_typesupport_fastrtps_c__visibility_control.h
[3.691s] -- Up-to-date: /home/raytech/repos/drone_ai_sim/install/ares_interfaces/include/ares_interfaces/ares_interfaces/srv
[3.691s] -- Up-to-date: /home/raytech/repos/drone_ai_sim/install/ares_interfaces/include/ares_interfaces/ares_interfaces/srv/detail
[3.691s] -- Installing: /home/raytech/repos/drone_ai_sim/install/ares_interfaces/include/ares_interfaces/ares_interfaces/srv/detail/detect_objects__rosidl_typesupport_fastrtps_c.h
[3.691s] -- Installing: /home/raytech/repos/drone_ai_sim/install/ares_interfaces/lib/libares_interfaces__rosidl_typesupport_fastrtps_c.so
[3.691s] -- Set non-toolchain portion of runtime path of "/home/raytech/repos/drone_ai_sim/install/ares_interfaces/lib/libares_interfaces__rosidl_typesupport_fastrtps_c.so" to ""
[3.691s] -- Up-to-date: /home/raytech/repos/drone_ai_sim/install/ares_interfaces/include/ares_interfaces/ares_interfaces
[3.691s] -- Up-to-date: /home/raytech/repos/drone_ai_sim/install/ares_interfaces/include/ares_interfaces/ares_interfaces/msg
[3.691s] -- Up-to-date: /home/raytech/repos/drone_ai_sim/install/ares_interfaces/include/ares_interfaces/ares_interfaces/msg/detail
[3.691s] -- Up-to-date: /home/raytech/repos/drone_ai_sim/install/ares_interfaces/include/ares_interfaces/ares_interfaces/msg/detail/sensed_object__type_support.c
[3.691s] -- Installing: /home/raytech/repos/drone_ai_sim/install/ares_interfaces/include/ares_interfaces/ares_interfaces/msg/detail/sensed_object__rosidl_typesupport_introspection_c.h
[3.691s] -- Installing: /home/raytech/repos/drone_ai_sim/install/ares_interfaces/include/ares_interfaces/ares_interfaces/msg/rosidl_typesupport_introspection_c__visibility_control.h
[3.691s] -- Up-to-date: /home/raytech/repos/drone_ai_sim/install/ares_interfaces/include/ares_interfaces/ares_interfaces/srv
[3.691s] -- Up-to-date: /home/raytech/repos/drone_ai_sim/install/ares_interfaces/include/ares_interfaces/ares_interfaces/srv/detail
[3.692s] -- Up-to-date: /home/raytech/repos/drone_ai_sim/install/ares_interfaces/include/ares_interfaces/ares_interfaces/srv/detail/detect_objects__type_support.c
[3.692s] -- Installing: /home/raytech/repos/drone_ai_sim/install/ares_interfaces/include/ares_interfaces/ares_interfaces/srv/detail/detect_objects__rosidl_typesupport_introspection_c.h
[3.692s] -- Installing: /home/raytech/repos/drone_ai_sim/install/ares_interfaces/lib/libares_interfaces__rosidl_typesupport_introspection_c.so
[3.692s] -- Set non-toolchain portion of runtime path of "/home/raytech/repos/drone_ai_sim/install/ares_interfaces/lib/libares_interfaces__rosidl_typesupport_introspection_c.so" to ""
[3.692s] -- Installing: /home/raytech/repos/drone_ai_sim/install/ares_interfaces/lib/libares_interfaces__rosidl_typesupport_c.so
[3.692s] -- Set non-toolchain portion of runtime path of "/home/raytech/repos/drone_ai_sim/install/ares_interfaces/lib/libares_interfaces__rosidl_typesupport_c.so" to ""
[3.692s] -- Up-to-date: /home/raytech/repos/drone_ai_sim/install/ares_interfaces/include/ares_interfaces/ares_interfaces
[3.692s] -- Up-to-date: /home/raytech/repos/drone_ai_sim/install/ares_interfaces/include/ares_interfaces/ares_interfaces/msg
[3.692s] -- Up-to-date: /home/raytech/repos/drone_ai_sim/install/ares_interfaces/include/ares_interfaces/ares_interfaces/msg/detail
[3.692s] -- Installing: /home/raytech/repos/drone_ai_sim/install/ares_interfaces/include/ares_interfaces/ares_interfaces/msg/detail/sensed_object__struct.hpp
[3.693s] -- Installing: /home/raytech/repos/drone_ai_sim/install/ares_interfaces/include/ares_interfaces/ares_interfaces/msg/detail/sensed_object__traits.hpp
[3.693s] -- Installing: /home/raytech/repos/drone_ai_sim/install/ares_interfaces/include/ares_interfaces/ares_interfaces/msg/detail/sensed_object__type_support.hpp
[3.693s] -- Installing: /home/raytech/repos/drone_ai_sim/install/ares_interfaces/include/ares_interfaces/ares_interfaces/msg/detail/sensed_object__builder.hpp
[3.693s] -- Installing: /home/raytech/repos/drone_ai_sim/install/ares_interfaces/include/ares_interfaces/ares_interfaces/msg/rosidl_generator_cpp__visibility_control.hpp
[3.693s] -- Installing: /home/raytech/repos/drone_ai_sim/install/ares_interfaces/include/ares_interfaces/ares_interfaces/msg/sensed_object.hpp
[3.693s] -- Up-to-date: /home/raytech/repos/drone_ai_sim/install/ares_interfaces/include/ares_interfaces/ares_interfaces/srv
[3.693s] -- Up-to-date: /home/raytech/repos/drone_ai_sim/install/ares_interfaces/include/ares_interfaces/ares_interfaces/srv/detail
[3.693s] -- Installing: /home/raytech/repos/drone_ai_sim/install/ares_interfaces/include/ares_interfaces/ares_interfaces/srv/detail/detect_objects__traits.hpp
[3.693s] -- Installing: /home/raytech/repos/drone_ai_sim/install/ares_interfaces/include/ares_interfaces/ares_interfaces/srv/detail/detect_objects__builder.hpp
[3.693s] -- Installing: /home/raytech/repos/drone_ai_sim/install/ares_interfaces/include/ares_interfaces/ares_interfaces/srv/detail/detect_objects__struct.hpp
[3.693s] -- Installing: /home/raytech/repos/drone_ai_sim/install/ares_interfaces/include/ares_interfaces/ares_interfaces/srv/detail/detect_objects__type_support.hpp
[3.694s] -- Installing: /home/raytech/repos/drone_ai_sim/install/ares_interfaces/include/ares_interfaces/ares_interfaces/srv/detect_objects.hpp
[3.694s] -- Up-to-date: /home/raytech/repos/drone_ai_sim/install/ares_interfaces/include/ares_interfaces/ares_interfaces
[3.694s] -- Up-to-date: /home/raytech/repos/drone_ai_sim/install/ares_interfaces/include/ares_interfaces/ares_interfaces/msg
[3.694s] -- Up-to-date: /home/raytech/repos/drone_ai_sim/install/ares_interfaces/include/ares_interfaces/ares_interfaces/msg/detail
[3.694s] -- Installing: /home/raytech/repos/drone_ai_sim/install/ares_interfaces/include/ares_interfaces/ares_interfaces/msg/detail/sensed_object__rosidl_typesupport_fastrtps_cpp.hpp
[3.694s] -- Installing: /home/raytech/repos/drone_ai_sim/install/ares_interfaces/include/ares_interfaces/ares_interfaces/msg/detail/dds_fastrtps
[3.694s] -- Installing: /home/raytech/repos/drone_ai_sim/install/ares_interfaces/include/ares_interfaces/ares_interfaces/msg/rosidl_typesupport_fastrtps_cpp__visibility_control.h
[3.694s] -- Up-to-date: /home/raytech/repos/drone_ai_sim/install/ares_interfaces/include/ares_interfaces/ares_interfaces/srv
[3.694s] -- Up-to-date: /home/raytech/repos/drone_ai_sim/install/ares_interfaces/include/ares_interfaces/ares_interfaces/srv/detail
[3.694s] -- Installing: /home/raytech/repos/drone_ai_sim/install/ares_interfaces/include/ares_interfaces/ares_interfaces/srv/detail/detect_objects__rosidl_typesupport_fastrtps_cpp.hpp
[3.694s] -- Installing: /home/raytech/repos/drone_ai_sim/install/ares_interfaces/include/ares_interfaces/ares_interfaces/srv/detail/dds_fastrtps
[3.694s] -- Installing: /home/raytech/repos/drone_ai_sim/install/ares_interfaces/lib/libares_interfaces__rosidl_typesupport_fastrtps_cpp.so
[3.694s] -- Set non-toolchain portion of runtime path of "/home/raytech/repos/drone_ai_sim/install/ares_interfaces/lib/libares_interfaces__rosidl_typesupport_fastrtps_cpp.so" to ""
[3.694s] -- Up-to-date: /home/raytech/repos/drone_ai_sim/install/ares_interfaces/include/ares_interfaces/ares_interfaces
[3.695s] -- Up-to-date: /home/raytech/repos/drone_ai_sim/install/ares_interfaces/include/ares_interfaces/ares_interfaces/msg
[3.695s] -- Up-to-date: /home/raytech/repos/drone_ai_sim/install/ares_interfaces/include/ares_interfaces/ares_interfaces/msg/detail
[3.695s] -- Installing: /home/raytech/repos/drone_ai_sim/install/ares_interfaces/include/ares_interfaces/ares_interfaces/msg/detail/sensed_object__rosidl_typesupport_introspection_cpp.hpp
[3.695s] -- Installing: /home/raytech/repos/drone_ai_sim/install/ares_interfaces/include/ares_interfaces/ares_interfaces/msg/detail/sensed_object__type_support.cpp
[3.695s] -- Up-to-date: /home/raytech/repos/drone_ai_sim/install/ares_interfaces/include/ares_interfaces/ares_interfaces/srv
[3.695s] -- Up-to-date: /home/raytech/repos/drone_ai_sim/install/ares_interfaces/include/ares_interfaces/ares_interfaces/srv/detail
[3.695s] -- Installing: /home/raytech/repos/drone_ai_sim/install/ares_interfaces/include/ares_interfaces/ares_interfaces/srv/detail/detect_objects__rosidl_typesupport_introspection_cpp.hpp
[3.695s] -- Installing: /home/raytech/repos/drone_ai_sim/install/ares_interfaces/include/ares_interfaces/ares_interfaces/srv/detail/detect_objects__type_support.cpp
[3.695s] -- Installing: /home/raytech/repos/drone_ai_sim/install/ares_interfaces/lib/libares_interfaces__rosidl_typesupport_introspection_cpp.so
[3.695s] -- Set non-toolchain portion of runtime path of "/home/raytech/repos/drone_ai_sim/install/ares_interfaces/lib/libares_interfaces__rosidl_typesupport_introspection_cpp.so" to ""
[3.695s] -- Installing: /home/raytech/repos/drone_ai_sim/install/ares_interfaces/lib/libares_interfaces__rosidl_typesupport_cpp.so
[3.696s] -- Set non-toolchain portion of runtime path of "/home/raytech/repos/drone_ai_sim/install/ares_interfaces/lib/libares_interfaces__rosidl_typesupport_cpp.so" to ""
[3.696s] -- Installing: /home/raytech/repos/drone_ai_sim/install/ares_interfaces/share/ares_interfaces/environment/pythonpath.sh
[3.696s] -- Installing: /home/raytech/repos/drone_ai_sim/install/ares_interfaces/share/ares_interfaces/environment/pythonpath.dsv
[3.696s] -- Installing: /home/raytech/repos/drone_ai_sim/install/ares_interfaces/lib/python3.12/site-packages/ares_interfaces-0.0.1-py3.12.egg-info
[3.696s] -- Installing: /home/raytech/repos/drone_ai_sim/install/ares_interfaces/lib/python3.12/site-packages/ares_interfaces-0.0.1-py3.12.egg-info/top_level.txt
[3.696s] -- Installing: /home/raytech/repos/drone_ai_sim/install/ares_interfaces/lib/python3.12/site-packages/ares_interfaces-0.0.1-py3.12.egg-info/PKG-INFO
[3.696s] -- Installing: /home/raytech/repos/drone_ai_sim/install/ares_interfaces/lib/python3.12/site-packages/ares_interfaces-0.0.1-py3.12.egg-info/SOURCES.txt
[3.696s] -- Installing: /home/raytech/repos/drone_ai_sim/install/ares_interfaces/lib/python3.12/site-packages/ares_interfaces-0.0.1-py3.12.egg-info/dependency_links.txt
[3.696s] -- Installing: /home/raytech/repos/drone_ai_sim/install/ares_interfaces/lib/python3.12/site-packages/ares_interfaces
[3.696s] -- Installing: /home/raytech/repos/drone_ai_sim/install/ares_interfaces/lib/python3.12/site-packages/ares_interfaces/__init__.py
[3.696s] -- Installing: /home/raytech/repos/drone_ai_sim/install/ares_interfaces/lib/python3.12/site-packages/ares_interfaces/_ares_interfaces_s.ep.rosidl_typesupport_introspection_c.c
[3.696s] -- Installing: /home/raytech/repos/drone_ai_sim/install/ares_interfaces/lib/python3.12/site-packages/ares_interfaces/ares_interfaces_s__rosidl_typesupport_c.so
[3.696s] -- Installing: /home/raytech/repos/drone_ai_sim/install/ares_interfaces/lib/python3.12/site-packages/ares_interfaces/ares_interfaces_s__rosidl_typesupport_fastrtps_c.so
[3.696s] -- Installing: /home/raytech/repos/drone_ai_sim/install/ares_interfaces/lib/python3.12/site-packages/ares_interfaces/_ares_interfaces_s.ep.rosidl_typesupport_fastrtps_c.c
[3.696s] -- Installing: /home/raytech/repos/drone_ai_sim/install/ares_interfaces/lib/python3.12/site-packages/ares_interfaces/_ares_interfaces_s.ep.rosidl_typesupport_c.c
[3.696s] -- Installing: /home/raytech/repos/drone_ai_sim/install/ares_interfaces/lib/python3.12/site-packages/ares_interfaces/ares_interfaces_s__rosidl_typesupport_introspection_c.so
[3.696s] -- Installing: /home/raytech/repos/drone_ai_sim/install/ares_interfaces/lib/python3.12/site-packages/ares_interfaces/msg
[3.696s] -- Installing: /home/raytech/repos/drone_ai_sim/install/ares_interfaces/lib/python3.12/site-packages/ares_interfaces/msg/__init__.py
[3.696s] -- Installing: /home/raytech/repos/drone_ai_sim/install/ares_interfaces/lib/python3.12/site-packages/ares_interfaces/msg/_sensed_object.py
[3.696s] -- Installing: /home/raytech/repos/drone_ai_sim/install/ares_interfaces/lib/python3.12/site-packages/ares_interfaces/msg/_sensed_object_s.c
[3.697s] -- Installing: /home/raytech/repos/drone_ai_sim/install/ares_interfaces/lib/python3.12/site-packages/ares_interfaces/srv
[3.697s] -- Installing: /home/raytech/repos/drone_ai_sim/install/ares_interfaces/lib/python3.12/site-packages/ares_interfaces/srv/__init__.py
[3.697s] -- Installing: /home/raytech/repos/drone_ai_sim/install/ares_interfaces/lib/python3.12/site-packages/ares_interfaces/srv/_detect_objects_s.c
[3.697s] -- Installing: /home/raytech/repos/drone_ai_sim/install/ares_interfaces/lib/python3.12/site-packages/ares_interfaces/srv/_detect_objects.py
[3.715s] Listing '/home/raytech/repos/drone_ai_sim/install/ares_interfaces/lib/python3.12/site-packages/ares_interfaces'...
[3.715s] Compiling '/home/raytech/repos/drone_ai_sim/install/ares_interfaces/lib/python3.12/site-packages/ares_interfaces/__init__.py'...
[3.715s] Listing '/home/raytech/repos/drone_ai_sim/install/ares_interfaces/lib/python3.12/site-packages/ares_interfaces/msg'...
[3.715s] Compiling '/home/raytech/repos/drone_ai_sim/install/ares_interfaces/lib/python3.12/site-packages/ares_interfaces/msg/__init__.py'...
[3.715s] Compiling '/home/raytech/repos/drone_ai_sim/install/ares_interfaces/lib/python3.12/site-packages/ares_interfaces/msg/_sensed_object.py'...
[3.715s] Listing '/home/raytech/repos/drone_ai_sim/install/ares_interfaces/lib/python3.12/site-packages/ares_interfaces/srv'...
[3.715s] Compiling '/home/raytech/repos/drone_ai_sim/install/ares_interfaces/lib/python3.12/site-packages/ares_interfaces/srv/__init__.py'...
[3.715s] Compiling '/home/raytech/repos/drone_ai_sim/install/ares_interfaces/lib/python3.12/site-packages/ares_interfaces/srv/_detect_objects.py'...
[3.719s] -- Installing: /home/raytech/repos/drone_ai_sim/install/ares_interfaces/lib/python3.12/site-packages/ares_interfaces/ares_interfaces_s__rosidl_typesupport_fastrtps_c.so
[3.719s] -- Set non-toolchain portion of runtime path of "/home/raytech/repos/drone_ai_sim/install/ares_interfaces/lib/python3.12/site-packages/ares_interfaces/ares_interfaces_s__rosidl_typesupport_fastrtps_c.so" to ""
[3.719s] -- Installing: /home/raytech/repos/drone_ai_sim/install/ares_interfaces/lib/python3.12/site-packages/ares_interfaces/ares_interfaces_s__rosidl_typesupport_introspection_c.so
[3.719s] -- Set non-toolchain portion of runtime path of "/home/raytech/repos/drone_ai_sim/install/ares_interfaces/lib/python3.12/site-packages/ares_interfaces/ares_interfaces_s__rosidl_typesupport_introspection_c.so" to ""
[3.719s] -- Installing: /home/raytech/repos/drone_ai_sim/install/ares_interfaces/lib/python3.12/site-packages/ares_interfaces/ares_interfaces_s__rosidl_typesupport_c.so
[3.719s] -- Set non-toolchain portion of runtime path of "/home/raytech/repos/drone_ai_sim/install/ares_interfaces/lib/python3.12/site-packages/ares_interfaces/ares_interfaces_s__rosidl_typesupport_c.so" to ""
[3.719s] -- Installing: /home/raytech/repos/drone_ai_sim/install/ares_interfaces/lib/libares_interfaces__rosidl_generator_py.so
[3.720s] -- Set non-toolchain portion of runtime path of "/home/raytech/repos/drone_ai_sim/install/ares_interfaces/lib/libares_interfaces__rosidl_generator_py.so" to ""
[3.720s] -- Installing: /home/raytech/repos/drone_ai_sim/install/ares_interfaces/share/ares_interfaces/msg/SensedObject.idl
[3.720s] -- Installing: /home/raytech/repos/drone_ai_sim/install/ares_interfaces/share/ares_interfaces/srv/DetectObjects.idl
[3.720s] -- Installing: /home/raytech/repos/drone_ai_sim/install/ares_interfaces/share/ares_interfaces/msg/SensedObject.msg
[3.720s] -- Installing: /home/raytech/repos/drone_ai_sim/install/ares_interfaces/share/ares_interfaces/srv/DetectObjects.srv
[3.720s] -- Installing: /home/raytech/repos/drone_ai_sim/install/ares_interfaces/share/ament_index/resource_index/package_run_dependencies/ares_interfaces
[3.720s] -- Installing: /home/raytech/repos/drone_ai_sim/install/ares_interfaces/share/ament_index/resource_index/parent_prefix_path/ares_interfaces
[3.720s] -- Installing: /home/raytech/repos/drone_ai_sim/install/ares_interfaces/share/ares_interfaces/environment/ament_prefix_path.sh
[3.720s] -- Installing: /home/raytech/repos/drone_ai_sim/install/ares_interfaces/share/ares_interfaces/environment/ament_prefix_path.dsv
[3.720s] -- Installing: /home/raytech/repos/drone_ai_sim/install/ares_interfaces/share/ares_interfaces/environment/path.sh
[3.720s] -- Installing: /home/raytech/repos/drone_ai_sim/install/ares_interfaces/share/ares_interfaces/environment/path.dsv
[3.720s] -- Installing: /home/raytech/repos/drone_ai_sim/install/ares_interfaces/share/ares_interfaces/local_setup.bash
[3.720s] -- Installing: /home/raytech/repos/drone_ai_sim/install/ares_interfaces/share/ares_interfaces/local_setup.sh
[3.720s] -- Installing: /home/raytech/repos/drone_ai_sim/install/ares_interfaces/share/ares_interfaces/local_setup.zsh
[3.720s] -- Installing: /home/raytech/repos/drone_ai_sim/install/ares_interfaces/share/ares_interfaces/local_setup.dsv
[3.720s] -- Installing: /home/raytech/repos/drone_ai_sim/install/ares_interfaces/share/ares_interfaces/package.dsv
[3.720s] -- Installing: /home/raytech/repos/drone_ai_sim/install/ares_interfaces/share/ament_index/resource_index/packages/ares_interfaces
[3.720s] -- Installing: /home/raytech/repos/drone_ai_sim/install/ares_interfaces/share/ares_interfaces/cmake/export_ares_interfaces__rosidl_generator_cExport.cmake
[3.721s] -- Installing: /home/raytech/repos/drone_ai_sim/install/ares_interfaces/share/ares_interfaces/cmake/export_ares_interfaces__rosidl_generator_cExport-noconfig.cmake
[3.721s] -- Installing: /home/raytech/repos/drone_ai_sim/install/ares_interfaces/share/ares_interfaces/cmake/export_ares_interfaces__rosidl_typesupport_fastrtps_cExport.cmake
[3.721s] -- Installing: /home/raytech/repos/drone_ai_sim/install/ares_interfaces/share/ares_interfaces/cmake/export_ares_interfaces__rosidl_typesupport_fastrtps_cExport-noconfig.cmake
[3.721s] -- Installing: /home/raytech/repos/drone_ai_sim/install/ares_interfaces/share/ares_interfaces/cmake/ares_interfaces__rosidl_typesupport_introspection_cExport.cmake
[3.721s] -- Installing: /home/raytech/repos/drone_ai_sim/install/ares_interfaces/share/ares_interfaces/cmake/ares_interfaces__rosidl_typesupport_introspection_cExport-noconfig.cmake
[3.721s] -- Installing: /home/raytech/repos/drone_ai_sim/install/ares_interfaces/share/ares_interfaces/cmake/ares_interfaces__rosidl_typesupport_cExport.cmake
[3.721s] -- Installing: /home/raytech/repos/drone_ai_sim/install/ares_interfaces/share/ares_interfaces/cmake/ares_interfaces__rosidl_typesupport_cExport-noconfig.cmake
[3.721s] -- Installing: /home/raytech/repos/drone_ai_sim/install/ares_interfaces/share/ares_interfaces/cmake/export_ares_interfaces__rosidl_generator_cppExport.cmake
[3.721s] -- Installing: /home/raytech/repos/drone_ai_sim/install/ares_interfaces/share/ares_interfaces/cmake/export_ares_interfaces__rosidl_typesupport_fastrtps_cppExport.cmake
[3.721s] -- Installing: /home/raytech/repos/drone_ai_sim/install/ares_interfaces/share/ares_interfaces/cmake/export_ares_interfaces__rosidl_typesupport_fastrtps_cppExport-noconfig.cmake
[3.721s] -- Installing: /home/raytech/repos/drone_ai_sim/install/ares_interfaces/share/ares_interfaces/cmake/ares_interfaces__rosidl_typesupport_introspection_cppExport.cmake
[3.722s] -- Installing: /home/raytech/repos/drone_ai_sim/install/ares_interfaces/share/ares_interfaces/cmake/ares_interfaces__rosidl_typesupport_introspection_cppExport-noconfig.cmake
[3.722s] -- Installing: /home/raytech/repos/drone_ai_sim/install/ares_interfaces/share/ares_interfaces/cmake/ares_interfaces__rosidl_typesupport_cppExport.cmake
[3.722s] -- Installing: /home/raytech/repos/drone_ai_sim/install/ares_interfaces/share/ares_interfaces/cmake/ares_interfaces__rosidl_typesupport_cppExport-noconfig.cmake
[3.722s] -- Installing: /home/raytech/repos/drone_ai_sim/install/ares_interfaces/share/ares_interfaces/cmake/export_ares_interfaces__rosidl_generator_pyExport.cmake
[3.722s] -- Installing: /home/raytech/repos/drone_ai_sim/install/ares_interfaces/share/ares_interfaces/cmake/export_ares_interfaces__rosidl_generator_pyExport-noconfig.cmake
[3.722s] -- Installing: /home/raytech/repos/drone_ai_sim/install/ares_interfaces/share/ares_interfaces/cmake/rosidl_cmake-extras.cmake
[3.722s] -- Installing: /home/raytech/repos/drone_ai_sim/install/ares_interfaces/share/ares_interfaces/cmake/ament_cmake_export_dependencies-extras.cmake
[3.722s] -- Installing: /home/raytech/repos/drone_ai_sim/install/ares_interfaces/share/ares_interfaces/cmake/ament_cmake_export_include_directories-extras.cmake
[3.722s] -- Installing: /home/raytech/repos/drone_ai_sim/install/ares_interfaces/share/ares_interfaces/cmake/ament_cmake_export_libraries-extras.cmake
[3.722s] -- Installing: /home/raytech/repos/drone_ai_sim/install/ares_interfaces/share/ares_interfaces/cmake/ament_cmake_export_targets-extras.cmake
[3.722s] -- Installing: /home/raytech/repos/drone_ai_sim/install/ares_interfaces/share/ares_interfaces/cmake/rosidl_cmake_export_typesupport_targets-extras.cmake
[3.722s] -- Installing: /home/raytech/repos/drone_ai_sim/install/ares_interfaces/share/ares_interfaces/cmake/rosidl_cmake_export_typesupport_libraries-extras.cmake
[3.722s] -- Installing: /home/raytech/repos/drone_ai_sim/install/ares_interfaces/share/ares_interfaces/cmake/ares_interfacesConfig.cmake
[3.722s] -- Installing: /home/raytech/repos/drone_ai_sim/install/ares_interfaces/share/ares_interfaces/cmake/ares_interfacesConfig-version.cmake
[3.722s] -- Installing: /home/raytech/repos/drone_ai_sim/install/ares_interfaces/share/ares_interfaces/package.xml
[3.724s] Invoked command in '/home/raytech/repos/drone_ai_sim/build/ares_interfaces' returned '0': CMAKE_PREFIX_PATH=${CMAKE_PREFIX_PATH}:/opt/ros/jazzy DEBUGINFOD_URLS=https://debuginfod.ubuntu.com /usr/bin/cmake --install /home/raytech/repos/drone_ai_sim/build/ares_interfaces
