[0.008s] Invoking command in '/home/raytech/repos/drone_ai_sim/build/ares_interfaces': CMAKE_PREFIX_PATH=${CMAKE_PREFIX_PATH}:/home/raytech/repos/drone_ai_sim/install/drone_ai_sim_ros:/opt/ros/jazzy DEBUGINFOD_URLS=https://debuginfod.ubuntu.com /usr/bin/cmake --build /home/raytech/repos/drone_ai_sim/build/ares_interfaces -- -j10 -l10
[0.040s] [  2%] Built target ares_interfaces__rosidl_generator_type_description
[0.044s] [  2%] Built target ament_cmake_python_copy_ares_interfaces
[0.050s] [  4%] Built target ares_interfaces__cpp
[0.051s] [ 22%] Built target ares_interfaces__rosidl_generator_c
[0.063s] [ 52%] Built target ares_interfaces__rosidl_typesupport_introspection_c
[0.064s] [ 56%] Built target ares_interfaces__rosidl_typesupport_c
[0.064s] [ 65%] Built target ares_interfaces__rosidl_typesupport_fastrtps_cpp
[0.064s] [ 68%] Built target ares_interfaces__rosidl_typesupport_introspection_cpp
[0.064s] [ 70%] Built target ares_interfaces__rosidl_typesupport_cpp
[0.064s] [ 77%] Built target ares_interfaces__rosidl_typesupport_fastrtps_c
[0.075s] [ 77%] Built target ares_interfaces
[0.085s] [ 79%] Built target ares_interfaces__py
[0.097s] [ 81%] [32mBuilding C object CMakeFiles/ares_interfaces__rosidl_generator_py.dir/rosidl_generator_py/ares_interfaces/msg/_sensed_object_s.c.o[0m
[0.097s] [ 84%] [32mBuilding C object CMakeFiles/ares_interfaces__rosidl_generator_py.dir/rosidl_generator_py/ares_interfaces/srv/_detect_objects_s.c.o[0m
[0.133s] [01m[K/home/raytech/repos/drone_ai_sim/build/ares_interfaces/rosidl_generator_py/ares_interfaces/msg/_sensed_object_s.c:11:10:[m[K [01;31m[Kfatal error: [m[Knumpy/ndarrayobject.h: No such file or directory
[0.133s]    11 | #include [01;31m[K"numpy/ndarrayobject.h"[m[K
[0.133s]       |          [01;31m[K^~~~~~~~~~~~~~~~~~~~~~~[m[K
[0.133s] compilation terminated.
[0.133s] [01m[K/home/raytech/repos/drone_ai_sim/build/ares_interfaces/rosidl_generator_py/ares_interfaces/srv/_detect_objects_s.c:11:10:[m[K [01;31m[Kfatal error: [m[Knumpy/ndarrayobject.h: No such file or directory
[0.133s]    11 | #include [01;31m[K"numpy/ndarrayobject.h"[m[K
[0.133s]       |          [01;31m[K^~~~~~~~~~~~~~~~~~~~~~~[m[K
[0.133s] compilation terminated.
[0.135s] gmake[2]: *** [CMakeFiles/ares_interfaces__rosidl_generator_py.dir/build.make:90: CMakeFiles/ares_interfaces__rosidl_generator_py.dir/rosidl_generator_py/ares_interfaces/srv/_detect_objects_s.c.o] Error 1
[0.135s] gmake[2]: *** Waiting for unfinished jobs....
[0.135s] gmake[2]: *** [CMakeFiles/ares_interfaces__rosidl_generator_py.dir/build.make:76: CMakeFiles/ares_interfaces__rosidl_generator_py.dir/rosidl_generator_py/ares_interfaces/msg/_sensed_object_s.c.o] Error 1
[0.135s] gmake[1]: *** [CMakeFiles/Makefile2:506: CMakeFiles/ares_interfaces__rosidl_generator_py.dir/all] Error 2
[0.135s] gmake[1]: *** Waiting for unfinished jobs....
[0.142s] running egg_info
[0.150s] writing ares_interfaces.egg-info/PKG-INFO
[0.151s] writing dependency_links to ares_interfaces.egg-info/dependency_links.txt
[0.151s] writing top-level names to ares_interfaces.egg-info/top_level.txt
[0.172s] reading manifest file 'ares_interfaces.egg-info/SOURCES.txt'
[0.172s] writing manifest file 'ares_interfaces.egg-info/SOURCES.txt'
[0.186s] [ 84%] Built target ament_cmake_python_build_ares_interfaces_egg
[0.187s] gmake: *** [Makefile:146: all] Error 2
[0.190s] Invoked command in '/home/raytech/repos/drone_ai_sim/build/ares_interfaces' returned '2': CMAKE_PREFIX_PATH=${CMAKE_PREFIX_PATH}:/home/raytech/repos/drone_ai_sim/install/drone_ai_sim_ros:/opt/ros/jazzy DEBUGINFOD_URLS=https://debuginfod.ubuntu.com /usr/bin/cmake --build /home/raytech/repos/drone_ai_sim/build/ares_interfaces -- -j10 -l10
