[0.457s] Invoking command in '/home/raytech/repos/drone_ai_sim/drone_ai_sim_ros': DEBUGINFOD_URLS=https://debuginfod.ubuntu.com PS1=(venv) \[\e]0;\u@\h: \w\a\]${debian_chroot:+($debian_chroot)}\[\033[01;32m\]\u@\h\[\033[00m\]:\[\033[01;34m\]\w\[\033[00m\]\$ PYTHONPATH=/home/raytech/repos/drone_ai_sim/build/drone_ai_sim_ros/prefix_override:/usr/lib/python3/dist-packages/colcon_core/task/python/colcon_distutils_commands:/home/raytech/repos/drone_ai_sim/install/drone_ai_sim_ros/lib/python3.12/site-packages:${PYTHONPATH} VIRTUAL_ENV_PROMPT=(venv) /usr/bin/python3 -W ignore:setup.py install is deprecated -W ignore:easy_install command is deprecated setup.py egg_info --egg-base ../build/drone_ai_sim_ros build --build-base /home/raytech/repos/drone_ai_sim/build/drone_ai_sim_ros/build install --record /home/raytech/repos/drone_ai_sim/build/drone_ai_sim_ros/install.log --single-version-externally-managed install_data
[0.564s] running egg_info
[0.564s] creating ../build/drone_ai_sim_ros/drone_ai_sim_ros.egg-info
[0.570s] writing ../build/drone_ai_sim_ros/drone_ai_sim_ros.egg-info/PKG-INFO
[0.570s] writing dependency_links to ../build/drone_ai_sim_ros/drone_ai_sim_ros.egg-info/dependency_links.txt
[0.570s] writing entry points to ../build/drone_ai_sim_ros/drone_ai_sim_ros.egg-info/entry_points.txt
[0.570s] writing requirements to ../build/drone_ai_sim_ros/drone_ai_sim_ros.egg-info/requires.txt
[0.571s] writing top-level names to ../build/drone_ai_sim_ros/drone_ai_sim_ros.egg-info/top_level.txt
[0.571s] writing manifest file '../build/drone_ai_sim_ros/drone_ai_sim_ros.egg-info/SOURCES.txt'
[0.584s] reading manifest file '../build/drone_ai_sim_ros/drone_ai_sim_ros.egg-info/SOURCES.txt'
[0.584s] writing manifest file '../build/drone_ai_sim_ros/drone_ai_sim_ros.egg-info/SOURCES.txt'
[0.584s] running build
[0.584s] running build_py
[0.585s] creating /home/raytech/repos/drone_ai_sim/build/drone_ai_sim_ros/build
[0.585s] creating /home/raytech/repos/drone_ai_sim/build/drone_ai_sim_ros/build/lib
[0.585s] creating /home/raytech/repos/drone_ai_sim/build/drone_ai_sim_ros/build/lib/drone_ai_sim_ros
[0.585s] copying drone_ai_sim_ros/__init__.py -> /home/raytech/repos/drone_ai_sim/build/drone_ai_sim_ros/build/lib/drone_ai_sim_ros
[0.585s] copying drone_ai_sim_ros/republish.py -> /home/raytech/repos/drone_ai_sim/build/drone_ai_sim_ros/build/lib/drone_ai_sim_ros
[0.585s] copying drone_ai_sim_ros/odom_tf_broadcaster.py -> /home/raytech/repos/drone_ai_sim/build/drone_ai_sim_ros/build/lib/drone_ai_sim_ros
[0.585s] copying drone_ai_sim_ros/pointcloud_websocket_bridge.py -> /home/raytech/repos/drone_ai_sim/build/drone_ai_sim_ros/build/lib/drone_ai_sim_ros
[0.585s] copying drone_ai_sim_ros/yolo_perception_node.py -> /home/raytech/repos/drone_ai_sim/build/drone_ai_sim_ros/build/lib/drone_ai_sim_ros
[0.585s] running install
[0.588s] running install_lib
[0.595s] creating /home/raytech/repos/drone_ai_sim/install/drone_ai_sim_ros/lib/python3.12/site-packages/drone_ai_sim_ros
[0.595s] copying /home/raytech/repos/drone_ai_sim/build/drone_ai_sim_ros/build/lib/drone_ai_sim_ros/__init__.py -> /home/raytech/repos/drone_ai_sim/install/drone_ai_sim_ros/lib/python3.12/site-packages/drone_ai_sim_ros
[0.595s] copying /home/raytech/repos/drone_ai_sim/build/drone_ai_sim_ros/build/lib/drone_ai_sim_ros/republish.py -> /home/raytech/repos/drone_ai_sim/install/drone_ai_sim_ros/lib/python3.12/site-packages/drone_ai_sim_ros
[0.595s] copying /home/raytech/repos/drone_ai_sim/build/drone_ai_sim_ros/build/lib/drone_ai_sim_ros/odom_tf_broadcaster.py -> /home/raytech/repos/drone_ai_sim/install/drone_ai_sim_ros/lib/python3.12/site-packages/drone_ai_sim_ros
[0.595s] copying /home/raytech/repos/drone_ai_sim/build/drone_ai_sim_ros/build/lib/drone_ai_sim_ros/pointcloud_websocket_bridge.py -> /home/raytech/repos/drone_ai_sim/install/drone_ai_sim_ros/lib/python3.12/site-packages/drone_ai_sim_ros
[0.595s] copying /home/raytech/repos/drone_ai_sim/build/drone_ai_sim_ros/build/lib/drone_ai_sim_ros/yolo_perception_node.py -> /home/raytech/repos/drone_ai_sim/install/drone_ai_sim_ros/lib/python3.12/site-packages/drone_ai_sim_ros
[0.596s] byte-compiling /home/raytech/repos/drone_ai_sim/install/drone_ai_sim_ros/lib/python3.12/site-packages/drone_ai_sim_ros/__init__.py to __init__.cpython-312.pyc
[0.596s] byte-compiling /home/raytech/repos/drone_ai_sim/install/drone_ai_sim_ros/lib/python3.12/site-packages/drone_ai_sim_ros/republish.py to republish.cpython-312.pyc
[0.596s] byte-compiling /home/raytech/repos/drone_ai_sim/install/drone_ai_sim_ros/lib/python3.12/site-packages/drone_ai_sim_ros/odom_tf_broadcaster.py to odom_tf_broadcaster.cpython-312.pyc
[0.596s] byte-compiling /home/raytech/repos/drone_ai_sim/install/drone_ai_sim_ros/lib/python3.12/site-packages/drone_ai_sim_ros/pointcloud_websocket_bridge.py to pointcloud_websocket_bridge.cpython-312.pyc
[0.598s] byte-compiling /home/raytech/repos/drone_ai_sim/install/drone_ai_sim_ros/lib/python3.12/site-packages/drone_ai_sim_ros/yolo_perception_node.py to yolo_perception_node.cpython-312.pyc
[0.599s] running install_data
[0.599s] creating /home/raytech/repos/drone_ai_sim/install/drone_ai_sim_ros/share/ament_index
[0.599s] creating /home/raytech/repos/drone_ai_sim/install/drone_ai_sim_ros/share/ament_index/resource_index
[0.599s] creating /home/raytech/repos/drone_ai_sim/install/drone_ai_sim_ros/share/ament_index/resource_index/packages
[0.599s] copying resource/drone_ai_sim_ros -> /home/raytech/repos/drone_ai_sim/install/drone_ai_sim_ros/share/ament_index/resource_index/packages
[0.599s] copying package.xml -> /home/raytech/repos/drone_ai_sim/install/drone_ai_sim_ros/share/drone_ai_sim_ros
[0.599s] creating /home/raytech/repos/drone_ai_sim/install/drone_ai_sim_ros/share/drone_ai_sim_ros/launch
[0.599s] copying launch/orchestrate.launch.py -> /home/raytech/repos/drone_ai_sim/install/drone_ai_sim_ros/share/drone_ai_sim_ros/launch
[0.599s] running install_egg_info
[0.606s] Copying ../build/drone_ai_sim_ros/drone_ai_sim_ros.egg-info to /home/raytech/repos/drone_ai_sim/install/drone_ai_sim_ros/lib/python3.12/site-packages/drone_ai_sim_ros-0.0.0-py3.12.egg-info
[0.607s] running install_scripts
[0.657s] Installing odom_tf_broadcaster script to /home/raytech/repos/drone_ai_sim/install/drone_ai_sim_ros/lib/drone_ai_sim_ros
[0.657s] Installing pointcloud_websocket_bridge script to /home/raytech/repos/drone_ai_sim/install/drone_ai_sim_ros/lib/drone_ai_sim_ros
[0.657s] Installing republish script to /home/raytech/repos/drone_ai_sim/install/drone_ai_sim_ros/lib/drone_ai_sim_ros
[0.657s] Installing yolo_perception_node script to /home/raytech/repos/drone_ai_sim/install/drone_ai_sim_ros/lib/drone_ai_sim_ros
[0.658s] writing list of installed files to '/home/raytech/repos/drone_ai_sim/build/drone_ai_sim_ros/install.log'
[0.671s] Invoked command in '/home/raytech/repos/drone_ai_sim/drone_ai_sim_ros' returned '0': DEBUGINFOD_URLS=https://debuginfod.ubuntu.com PS1=(venv) \[\e]0;\u@\h: \w\a\]${debian_chroot:+($debian_chroot)}\[\033[01;32m\]\u@\h\[\033[00m\]:\[\033[01;34m\]\w\[\033[00m\]\$ PYTHONPATH=/home/raytech/repos/drone_ai_sim/build/drone_ai_sim_ros/prefix_override:/usr/lib/python3/dist-packages/colcon_core/task/python/colcon_distutils_commands:/home/raytech/repos/drone_ai_sim/install/drone_ai_sim_ros/lib/python3.12/site-packages:${PYTHONPATH} VIRTUAL_ENV_PROMPT=(venv) /usr/bin/python3 -W ignore:setup.py install is deprecated -W ignore:easy_install command is deprecated setup.py egg_info --egg-base ../build/drone_ai_sim_ros build --build-base /home/raytech/repos/drone_ai_sim/build/drone_ai_sim_ros/build install --record /home/raytech/repos/drone_ai_sim/build/drone_ai_sim_ros/install.log --single-version-externally-managed install_data
