[0.008s] Invoking command in '/home/raytech/repos/drone_ai_sim/build/ares_interfaces': CMAKE_PREFIX_PATH=${CMAKE_PREFIX_PATH}:/opt/ros/jazzy DEBUGINFOD_URLS=https://debuginfod.ubuntu.com /usr/bin/cmake --build /home/raytech/repos/drone_ai_sim/build/ares_interfaces -- -j8 -l8
[0.055s] [  2%] Built target ares_interfaces__rosidl_generator_type_description
[0.062s] [  2%] Built target ament_cmake_python_copy_ares_interfaces
[0.069s] [  4%] Built target ares_interfaces__cpp
[0.071s] [ 22%] Built target ares_interfaces__rosidl_generator_c
[0.090s] [ 34%] Built target ares_interfaces__rosidl_typesupport_c
[0.090s] [ 40%] Built target ares_interfaces__rosidl_typesupport_introspection_c
[0.090s] [ 50%] Built target ares_interfaces__rosidl_typesupport_introspection_cpp
[0.090s] [ 68%] Built target ares_interfaces__rosidl_typesupport_fastrtps_cpp
[0.090s] [ 68%] Built target ares_interfaces__rosidl_typesupport_fastrtps_c
[0.090s] [ 77%] Built target ares_interfaces__rosidl_typesupport_cpp
[0.102s] [ 77%] Built target ares_interfaces
[0.117s] [ 79%] Built target ares_interfaces__py
[0.132s] [ 86%] Built target ares_interfaces__rosidl_generator_py
[0.150s] [ 95%] Built target ares_interfaces_s__rosidl_typesupport_introspection_c
[0.150s] [ 95%] Built target ares_interfaces_s__rosidl_typesupport_fastrtps_c
[0.150s] [100%] Built target ares_interfaces_s__rosidl_typesupport_c
[0.181s] running egg_info
[0.188s] writing ares_interfaces.egg-info/PKG-INFO
[0.189s] writing dependency_links to ares_interfaces.egg-info/dependency_links.txt
[0.189s] writing top-level names to ares_interfaces.egg-info/top_level.txt
[0.214s] reading manifest file 'ares_interfaces.egg-info/SOURCES.txt'
[0.215s] writing manifest file 'ares_interfaces.egg-info/SOURCES.txt'
[0.230s] [100%] Built target ament_cmake_python_build_ares_interfaces_egg
[0.237s] Invoked command in '/home/raytech/repos/drone_ai_sim/build/ares_interfaces' returned '0': CMAKE_PREFIX_PATH=${CMAKE_PREFIX_PATH}:/opt/ros/jazzy DEBUGINFOD_URLS=https://debuginfod.ubuntu.com /usr/bin/cmake --build /home/raytech/repos/drone_ai_sim/build/ares_interfaces -- -j8 -l8
[0.244s] Invoking command in '/home/raytech/repos/drone_ai_sim/build/ares_interfaces': CMAKE_PREFIX_PATH=${CMAKE_PREFIX_PATH}:/opt/ros/jazzy DEBUGINFOD_URLS=https://debuginfod.ubuntu.com /usr/bin/cmake --install /home/raytech/repos/drone_ai_sim/build/ares_interfaces
[0.249s] -- Install configuration: ""
[0.249s] -- Up-to-date: /home/raytech/repos/drone_ai_sim/install/ares_interfaces/share/ament_index/resource_index/rosidl_interfaces/ares_interfaces
[0.249s] -- Up-to-date: /home/raytech/repos/drone_ai_sim/install/ares_interfaces/share/ares_interfaces/msg/SensedObject.json
[0.249s] -- Up-to-date: /home/raytech/repos/drone_ai_sim/install/ares_interfaces/share/ares_interfaces/srv/DetectObjects.json
[0.249s] -- Up-to-date: /home/raytech/repos/drone_ai_sim/install/ares_interfaces/include/ares_interfaces/ares_interfaces
[0.249s] -- Up-to-date: /home/raytech/repos/drone_ai_sim/install/ares_interfaces/include/ares_interfaces/ares_interfaces/msg
[0.249s] -- Up-to-date: /home/raytech/repos/drone_ai_sim/install/ares_interfaces/include/ares_interfaces/ares_interfaces/msg/detail
[0.249s] -- Up-to-date: /home/raytech/repos/drone_ai_sim/install/ares_interfaces/include/ares_interfaces/ares_interfaces/msg/detail/sensed_object__type_support.c
[0.250s] -- Up-to-date: /home/raytech/repos/drone_ai_sim/install/ares_interfaces/include/ares_interfaces/ares_interfaces/msg/detail/sensed_object__functions.h
[0.250s] -- Up-to-date: /home/raytech/repos/drone_ai_sim/install/ares_interfaces/include/ares_interfaces/ares_interfaces/msg/detail/sensed_object__description.c
[0.250s] -- Up-to-date: /home/raytech/repos/drone_ai_sim/install/ares_interfaces/include/ares_interfaces/ares_interfaces/msg/detail/sensed_object__functions.c
[0.250s] -- Up-to-date: /home/raytech/repos/drone_ai_sim/install/ares_interfaces/include/ares_interfaces/ares_interfaces/msg/detail/sensed_object__struct.h
[0.250s] -- Up-to-date: /home/raytech/repos/drone_ai_sim/install/ares_interfaces/include/ares_interfaces/ares_interfaces/msg/detail/sensed_object__type_support.h
[0.250s] -- Up-to-date: /home/raytech/repos/drone_ai_sim/install/ares_interfaces/include/ares_interfaces/ares_interfaces/msg/rosidl_generator_c__visibility_control.h
[0.250s] -- Up-to-date: /home/raytech/repos/drone_ai_sim/install/ares_interfaces/include/ares_interfaces/ares_interfaces/msg/sensed_object.h
[0.250s] -- Up-to-date: /home/raytech/repos/drone_ai_sim/install/ares_interfaces/include/ares_interfaces/ares_interfaces/srv
[0.250s] -- Up-to-date: /home/raytech/repos/drone_ai_sim/install/ares_interfaces/include/ares_interfaces/ares_interfaces/srv/detail
[0.250s] -- Up-to-date: /home/raytech/repos/drone_ai_sim/install/ares_interfaces/include/ares_interfaces/ares_interfaces/srv/detail/detect_objects__functions.h
[0.250s] -- Up-to-date: /home/raytech/repos/drone_ai_sim/install/ares_interfaces/include/ares_interfaces/ares_interfaces/srv/detail/detect_objects__type_support.h
[0.251s] -- Up-to-date: /home/raytech/repos/drone_ai_sim/install/ares_interfaces/include/ares_interfaces/ares_interfaces/srv/detail/detect_objects__type_support.c
[0.251s] -- Up-to-date: /home/raytech/repos/drone_ai_sim/install/ares_interfaces/include/ares_interfaces/ares_interfaces/srv/detail/detect_objects__struct.h
[0.251s] -- Up-to-date: /home/raytech/repos/drone_ai_sim/install/ares_interfaces/include/ares_interfaces/ares_interfaces/srv/detail/detect_objects__functions.c
[0.251s] -- Up-to-date: /home/raytech/repos/drone_ai_sim/install/ares_interfaces/include/ares_interfaces/ares_interfaces/srv/detail/detect_objects__description.c
[0.251s] -- Up-to-date: /home/raytech/repos/drone_ai_sim/install/ares_interfaces/include/ares_interfaces/ares_interfaces/srv/detect_objects.h
[0.251s] -- Up-to-date: /home/raytech/repos/drone_ai_sim/install/ares_interfaces/share/ares_interfaces/environment/library_path.sh
[0.251s] -- Up-to-date: /home/raytech/repos/drone_ai_sim/install/ares_interfaces/share/ares_interfaces/environment/library_path.dsv
[0.251s] -- Up-to-date: /home/raytech/repos/drone_ai_sim/install/ares_interfaces/lib/libares_interfaces__rosidl_generator_c.so
[0.251s] -- Up-to-date: /home/raytech/repos/drone_ai_sim/install/ares_interfaces/include/ares_interfaces/ares_interfaces
[0.251s] -- Up-to-date: /home/raytech/repos/drone_ai_sim/install/ares_interfaces/include/ares_interfaces/ares_interfaces/msg
[0.251s] -- Up-to-date: /home/raytech/repos/drone_ai_sim/install/ares_interfaces/include/ares_interfaces/ares_interfaces/msg/detail
[0.251s] -- Up-to-date: /home/raytech/repos/drone_ai_sim/install/ares_interfaces/include/ares_interfaces/ares_interfaces/msg/detail/sensed_object__rosidl_typesupport_fastrtps_c.h
[0.251s] -- Up-to-date: /home/raytech/repos/drone_ai_sim/install/ares_interfaces/include/ares_interfaces/ares_interfaces/msg/rosidl_typesupport_fastrtps_c__visibility_control.h
[0.251s] -- Up-to-date: /home/raytech/repos/drone_ai_sim/install/ares_interfaces/include/ares_interfaces/ares_interfaces/srv
[0.251s] -- Up-to-date: /home/raytech/repos/drone_ai_sim/install/ares_interfaces/include/ares_interfaces/ares_interfaces/srv/detail
[0.252s] -- Up-to-date: /home/raytech/repos/drone_ai_sim/install/ares_interfaces/include/ares_interfaces/ares_interfaces/srv/detail/detect_objects__rosidl_typesupport_fastrtps_c.h
[0.252s] -- Up-to-date: /home/raytech/repos/drone_ai_sim/install/ares_interfaces/lib/libares_interfaces__rosidl_typesupport_fastrtps_c.so
[0.252s] -- Up-to-date: /home/raytech/repos/drone_ai_sim/install/ares_interfaces/include/ares_interfaces/ares_interfaces
[0.252s] -- Up-to-date: /home/raytech/repos/drone_ai_sim/install/ares_interfaces/include/ares_interfaces/ares_interfaces/msg
[0.252s] -- Up-to-date: /home/raytech/repos/drone_ai_sim/install/ares_interfaces/include/ares_interfaces/ares_interfaces/msg/detail
[0.252s] -- Up-to-date: /home/raytech/repos/drone_ai_sim/install/ares_interfaces/include/ares_interfaces/ares_interfaces/msg/detail/sensed_object__type_support.c
[0.252s] -- Up-to-date: /home/raytech/repos/drone_ai_sim/install/ares_interfaces/include/ares_interfaces/ares_interfaces/msg/detail/sensed_object__rosidl_typesupport_introspection_c.h
[0.252s] -- Up-to-date: /home/raytech/repos/drone_ai_sim/install/ares_interfaces/include/ares_interfaces/ares_interfaces/msg/rosidl_typesupport_introspection_c__visibility_control.h
[0.252s] -- Up-to-date: /home/raytech/repos/drone_ai_sim/install/ares_interfaces/include/ares_interfaces/ares_interfaces/srv
[0.252s] -- Up-to-date: /home/raytech/repos/drone_ai_sim/install/ares_interfaces/include/ares_interfaces/ares_interfaces/srv/detail
[0.252s] -- Up-to-date: /home/raytech/repos/drone_ai_sim/install/ares_interfaces/include/ares_interfaces/ares_interfaces/srv/detail/detect_objects__type_support.c
[0.252s] -- Up-to-date: /home/raytech/repos/drone_ai_sim/install/ares_interfaces/include/ares_interfaces/ares_interfaces/srv/detail/detect_objects__rosidl_typesupport_introspection_c.h
[0.252s] -- Up-to-date: /home/raytech/repos/drone_ai_sim/install/ares_interfaces/lib/libares_interfaces__rosidl_typesupport_introspection_c.so
[0.252s] -- Up-to-date: /home/raytech/repos/drone_ai_sim/install/ares_interfaces/lib/libares_interfaces__rosidl_typesupport_c.so
[0.252s] -- Up-to-date: /home/raytech/repos/drone_ai_sim/install/ares_interfaces/include/ares_interfaces/ares_interfaces
[0.252s] -- Up-to-date: /home/raytech/repos/drone_ai_sim/install/ares_interfaces/include/ares_interfaces/ares_interfaces/msg
[0.252s] -- Up-to-date: /home/raytech/repos/drone_ai_sim/install/ares_interfaces/include/ares_interfaces/ares_interfaces/msg/detail
[0.252s] -- Up-to-date: /home/raytech/repos/drone_ai_sim/install/ares_interfaces/include/ares_interfaces/ares_interfaces/msg/detail/sensed_object__struct.hpp
[0.252s] -- Up-to-date: /home/raytech/repos/drone_ai_sim/install/ares_interfaces/include/ares_interfaces/ares_interfaces/msg/detail/sensed_object__traits.hpp
[0.252s] -- Up-to-date: /home/raytech/repos/drone_ai_sim/install/ares_interfaces/include/ares_interfaces/ares_interfaces/msg/detail/sensed_object__type_support.hpp
[0.253s] -- Up-to-date: /home/raytech/repos/drone_ai_sim/install/ares_interfaces/include/ares_interfaces/ares_interfaces/msg/detail/sensed_object__builder.hpp
[0.253s] -- Up-to-date: /home/raytech/repos/drone_ai_sim/install/ares_interfaces/include/ares_interfaces/ares_interfaces/msg/rosidl_generator_cpp__visibility_control.hpp
[0.253s] -- Up-to-date: /home/raytech/repos/drone_ai_sim/install/ares_interfaces/include/ares_interfaces/ares_interfaces/msg/sensed_object.hpp
[0.253s] -- Up-to-date: /home/raytech/repos/drone_ai_sim/install/ares_interfaces/include/ares_interfaces/ares_interfaces/srv
[0.253s] -- Up-to-date: /home/raytech/repos/drone_ai_sim/install/ares_interfaces/include/ares_interfaces/ares_interfaces/srv/detail
[0.253s] -- Up-to-date: /home/raytech/repos/drone_ai_sim/install/ares_interfaces/include/ares_interfaces/ares_interfaces/srv/detail/detect_objects__traits.hpp
[0.253s] -- Up-to-date: /home/raytech/repos/drone_ai_sim/install/ares_interfaces/include/ares_interfaces/ares_interfaces/srv/detail/detect_objects__builder.hpp
[0.253s] -- Up-to-date: /home/raytech/repos/drone_ai_sim/install/ares_interfaces/include/ares_interfaces/ares_interfaces/srv/detail/detect_objects__struct.hpp
[0.253s] -- Up-to-date: /home/raytech/repos/drone_ai_sim/install/ares_interfaces/include/ares_interfaces/ares_interfaces/srv/detail/detect_objects__type_support.hpp
[0.253s] -- Up-to-date: /home/raytech/repos/drone_ai_sim/install/ares_interfaces/include/ares_interfaces/ares_interfaces/srv/detect_objects.hpp
[0.253s] -- Up-to-date: /home/raytech/repos/drone_ai_sim/install/ares_interfaces/include/ares_interfaces/ares_interfaces
[0.253s] -- Up-to-date: /home/raytech/repos/drone_ai_sim/install/ares_interfaces/include/ares_interfaces/ares_interfaces/msg
[0.253s] -- Up-to-date: /home/raytech/repos/drone_ai_sim/install/ares_interfaces/include/ares_interfaces/ares_interfaces/msg/detail
[0.253s] -- Up-to-date: /home/raytech/repos/drone_ai_sim/install/ares_interfaces/include/ares_interfaces/ares_interfaces/msg/detail/sensed_object__rosidl_typesupport_fastrtps_cpp.hpp
[0.253s] -- Up-to-date: /home/raytech/repos/drone_ai_sim/install/ares_interfaces/include/ares_interfaces/ares_interfaces/msg/detail/dds_fastrtps
[0.253s] -- Up-to-date: /home/raytech/repos/drone_ai_sim/install/ares_interfaces/include/ares_interfaces/ares_interfaces/msg/rosidl_typesupport_fastrtps_cpp__visibility_control.h
[0.253s] -- Up-to-date: /home/raytech/repos/drone_ai_sim/install/ares_interfaces/include/ares_interfaces/ares_interfaces/srv
[0.253s] -- Up-to-date: /home/raytech/repos/drone_ai_sim/install/ares_interfaces/include/ares_interfaces/ares_interfaces/srv/detail
[0.253s] -- Up-to-date: /home/raytech/repos/drone_ai_sim/install/ares_interfaces/include/ares_interfaces/ares_interfaces/srv/detail/detect_objects__rosidl_typesupport_fastrtps_cpp.hpp
[0.254s] -- Up-to-date: /home/raytech/repos/drone_ai_sim/install/ares_interfaces/include/ares_interfaces/ares_interfaces/srv/detail/dds_fastrtps
[0.254s] -- Up-to-date: /home/raytech/repos/drone_ai_sim/install/ares_interfaces/lib/libares_interfaces__rosidl_typesupport_fastrtps_cpp.so
[0.254s] -- Up-to-date: /home/raytech/repos/drone_ai_sim/install/ares_interfaces/include/ares_interfaces/ares_interfaces
[0.254s] -- Up-to-date: /home/raytech/repos/drone_ai_sim/install/ares_interfaces/include/ares_interfaces/ares_interfaces/msg
[0.254s] -- Up-to-date: /home/raytech/repos/drone_ai_sim/install/ares_interfaces/include/ares_interfaces/ares_interfaces/msg/detail
[0.254s] -- Up-to-date: /home/raytech/repos/drone_ai_sim/install/ares_interfaces/include/ares_interfaces/ares_interfaces/msg/detail/sensed_object__rosidl_typesupport_introspection_cpp.hpp
[0.254s] -- Up-to-date: /home/raytech/repos/drone_ai_sim/install/ares_interfaces/include/ares_interfaces/ares_interfaces/msg/detail/sensed_object__type_support.cpp
[0.254s] -- Up-to-date: /home/raytech/repos/drone_ai_sim/install/ares_interfaces/include/ares_interfaces/ares_interfaces/srv
[0.254s] -- Up-to-date: /home/raytech/repos/drone_ai_sim/install/ares_interfaces/include/ares_interfaces/ares_interfaces/srv/detail
[0.254s] -- Up-to-date: /home/raytech/repos/drone_ai_sim/install/ares_interfaces/include/ares_interfaces/ares_interfaces/srv/detail/detect_objects__rosidl_typesupport_introspection_cpp.hpp
[0.254s] -- Up-to-date: /home/raytech/repos/drone_ai_sim/install/ares_interfaces/include/ares_interfaces/ares_interfaces/srv/detail/detect_objects__type_support.cpp
[0.254s] -- Up-to-date: /home/raytech/repos/drone_ai_sim/install/ares_interfaces/lib/libares_interfaces__rosidl_typesupport_introspection_cpp.so
[0.254s] -- Up-to-date: /home/raytech/repos/drone_ai_sim/install/ares_interfaces/lib/libares_interfaces__rosidl_typesupport_cpp.so
[0.254s] -- Up-to-date: /home/raytech/repos/drone_ai_sim/install/ares_interfaces/share/ares_interfaces/environment/pythonpath.sh
[0.254s] -- Up-to-date: /home/raytech/repos/drone_ai_sim/install/ares_interfaces/share/ares_interfaces/environment/pythonpath.dsv
[0.254s] -- Up-to-date: /home/raytech/repos/drone_ai_sim/install/ares_interfaces/lib/python3.12/site-packages/ares_interfaces-0.0.1-py3.12.egg-info
[0.254s] -- Installing: /home/raytech/repos/drone_ai_sim/install/ares_interfaces/lib/python3.12/site-packages/ares_interfaces-0.0.1-py3.12.egg-info/top_level.txt
[0.254s] -- Installing: /home/raytech/repos/drone_ai_sim/install/ares_interfaces/lib/python3.12/site-packages/ares_interfaces-0.0.1-py3.12.egg-info/PKG-INFO
[0.254s] -- Installing: /home/raytech/repos/drone_ai_sim/install/ares_interfaces/lib/python3.12/site-packages/ares_interfaces-0.0.1-py3.12.egg-info/SOURCES.txt
[0.254s] -- Installing: /home/raytech/repos/drone_ai_sim/install/ares_interfaces/lib/python3.12/site-packages/ares_interfaces-0.0.1-py3.12.egg-info/dependency_links.txt
[0.254s] -- Up-to-date: /home/raytech/repos/drone_ai_sim/install/ares_interfaces/lib/python3.12/site-packages/ares_interfaces
[0.254s] -- Up-to-date: /home/raytech/repos/drone_ai_sim/install/ares_interfaces/lib/python3.12/site-packages/ares_interfaces/__init__.py
[0.254s] -- Up-to-date: /home/raytech/repos/drone_ai_sim/install/ares_interfaces/lib/python3.12/site-packages/ares_interfaces/_ares_interfaces_s.ep.rosidl_typesupport_introspection_c.c
[0.254s] -- Up-to-date: /home/raytech/repos/drone_ai_sim/install/ares_interfaces/lib/python3.12/site-packages/ares_interfaces/ares_interfaces_s__rosidl_typesupport_c.so
[0.254s] -- Up-to-date: /home/raytech/repos/drone_ai_sim/install/ares_interfaces/lib/python3.12/site-packages/ares_interfaces/ares_interfaces_s__rosidl_typesupport_fastrtps_c.so
[0.254s] -- Up-to-date: /home/raytech/repos/drone_ai_sim/install/ares_interfaces/lib/python3.12/site-packages/ares_interfaces/_ares_interfaces_s.ep.rosidl_typesupport_fastrtps_c.c
[0.254s] -- Up-to-date: /home/raytech/repos/drone_ai_sim/install/ares_interfaces/lib/python3.12/site-packages/ares_interfaces/_ares_interfaces_s.ep.rosidl_typesupport_c.c
[0.254s] -- Up-to-date: /home/raytech/repos/drone_ai_sim/install/ares_interfaces/lib/python3.12/site-packages/ares_interfaces/ares_interfaces_s__rosidl_typesupport_introspection_c.so
[0.254s] -- Up-to-date: /home/raytech/repos/drone_ai_sim/install/ares_interfaces/lib/python3.12/site-packages/ares_interfaces/msg
[0.254s] -- Up-to-date: /home/raytech/repos/drone_ai_sim/install/ares_interfaces/lib/python3.12/site-packages/ares_interfaces/msg/__init__.py
[0.254s] -- Up-to-date: /home/raytech/repos/drone_ai_sim/install/ares_interfaces/lib/python3.12/site-packages/ares_interfaces/msg/_sensed_object.py
[0.254s] -- Up-to-date: /home/raytech/repos/drone_ai_sim/install/ares_interfaces/lib/python3.12/site-packages/ares_interfaces/msg/_sensed_object_s.c
[0.254s] -- Up-to-date: /home/raytech/repos/drone_ai_sim/install/ares_interfaces/lib/python3.12/site-packages/ares_interfaces/srv
[0.254s] -- Up-to-date: /home/raytech/repos/drone_ai_sim/install/ares_interfaces/lib/python3.12/site-packages/ares_interfaces/srv/__init__.py
[0.254s] -- Up-to-date: /home/raytech/repos/drone_ai_sim/install/ares_interfaces/lib/python3.12/site-packages/ares_interfaces/srv/_detect_objects_s.c
[0.254s] -- Up-to-date: /home/raytech/repos/drone_ai_sim/install/ares_interfaces/lib/python3.12/site-packages/ares_interfaces/srv/_detect_objects.py
[0.270s] Listing '/home/raytech/repos/drone_ai_sim/install/ares_interfaces/lib/python3.12/site-packages/ares_interfaces'...
[0.270s] Listing '/home/raytech/repos/drone_ai_sim/install/ares_interfaces/lib/python3.12/site-packages/ares_interfaces/msg'...
[0.270s] Listing '/home/raytech/repos/drone_ai_sim/install/ares_interfaces/lib/python3.12/site-packages/ares_interfaces/srv'...
[0.273s] -- Up-to-date: /home/raytech/repos/drone_ai_sim/install/ares_interfaces/lib/python3.12/site-packages/ares_interfaces/ares_interfaces_s__rosidl_typesupport_fastrtps_c.so
[0.273s] -- Up-to-date: /home/raytech/repos/drone_ai_sim/install/ares_interfaces/lib/python3.12/site-packages/ares_interfaces/ares_interfaces_s__rosidl_typesupport_introspection_c.so
[0.273s] -- Up-to-date: /home/raytech/repos/drone_ai_sim/install/ares_interfaces/lib/python3.12/site-packages/ares_interfaces/ares_interfaces_s__rosidl_typesupport_c.so
[0.273s] -- Up-to-date: /home/raytech/repos/drone_ai_sim/install/ares_interfaces/lib/libares_interfaces__rosidl_generator_py.so
[0.274s] -- Up-to-date: /home/raytech/repos/drone_ai_sim/install/ares_interfaces/share/ares_interfaces/msg/SensedObject.idl
[0.274s] -- Up-to-date: /home/raytech/repos/drone_ai_sim/install/ares_interfaces/share/ares_interfaces/srv/DetectObjects.idl
[0.274s] -- Up-to-date: /home/raytech/repos/drone_ai_sim/install/ares_interfaces/share/ares_interfaces/msg/SensedObject.msg
[0.274s] -- Up-to-date: /home/raytech/repos/drone_ai_sim/install/ares_interfaces/share/ares_interfaces/srv/DetectObjects.srv
[0.274s] -- Up-to-date: /home/raytech/repos/drone_ai_sim/install/ares_interfaces/share/ament_index/resource_index/package_run_dependencies/ares_interfaces
[0.274s] -- Up-to-date: /home/raytech/repos/drone_ai_sim/install/ares_interfaces/share/ament_index/resource_index/parent_prefix_path/ares_interfaces
[0.274s] -- Up-to-date: /home/raytech/repos/drone_ai_sim/install/ares_interfaces/share/ares_interfaces/environment/ament_prefix_path.sh
[0.274s] -- Up-to-date: /home/raytech/repos/drone_ai_sim/install/ares_interfaces/share/ares_interfaces/environment/ament_prefix_path.dsv
[0.274s] -- Up-to-date: /home/raytech/repos/drone_ai_sim/install/ares_interfaces/share/ares_interfaces/environment/path.sh
[0.274s] -- Up-to-date: /home/raytech/repos/drone_ai_sim/install/ares_interfaces/share/ares_interfaces/environment/path.dsv
[0.274s] -- Up-to-date: /home/raytech/repos/drone_ai_sim/install/ares_interfaces/share/ares_interfaces/local_setup.bash
[0.274s] -- Up-to-date: /home/raytech/repos/drone_ai_sim/install/ares_interfaces/share/ares_interfaces/local_setup.sh
[0.274s] -- Up-to-date: /home/raytech/repos/drone_ai_sim/install/ares_interfaces/share/ares_interfaces/local_setup.zsh
[0.274s] -- Up-to-date: /home/raytech/repos/drone_ai_sim/install/ares_interfaces/share/ares_interfaces/local_setup.dsv
[0.275s] -- Installing: /home/raytech/repos/drone_ai_sim/install/ares_interfaces/share/ares_interfaces/package.dsv
[0.275s] -- Up-to-date: /home/raytech/repos/drone_ai_sim/install/ares_interfaces/share/ament_index/resource_index/packages/ares_interfaces
[0.275s] -- Up-to-date: /home/raytech/repos/drone_ai_sim/install/ares_interfaces/share/ares_interfaces/cmake/export_ares_interfaces__rosidl_generator_cExport.cmake
[0.275s] -- Up-to-date: /home/raytech/repos/drone_ai_sim/install/ares_interfaces/share/ares_interfaces/cmake/export_ares_interfaces__rosidl_generator_cExport-noconfig.cmake
[0.275s] -- Up-to-date: /home/raytech/repos/drone_ai_sim/install/ares_interfaces/share/ares_interfaces/cmake/export_ares_interfaces__rosidl_typesupport_fastrtps_cExport.cmake
[0.275s] -- Up-to-date: /home/raytech/repos/drone_ai_sim/install/ares_interfaces/share/ares_interfaces/cmake/export_ares_interfaces__rosidl_typesupport_fastrtps_cExport-noconfig.cmake
[0.275s] -- Up-to-date: /home/raytech/repos/drone_ai_sim/install/ares_interfaces/share/ares_interfaces/cmake/ares_interfaces__rosidl_typesupport_introspection_cExport.cmake
[0.275s] -- Up-to-date: /home/raytech/repos/drone_ai_sim/install/ares_interfaces/share/ares_interfaces/cmake/ares_interfaces__rosidl_typesupport_introspection_cExport-noconfig.cmake
[0.275s] -- Up-to-date: /home/raytech/repos/drone_ai_sim/install/ares_interfaces/share/ares_interfaces/cmake/ares_interfaces__rosidl_typesupport_cExport.cmake
[0.275s] -- Up-to-date: /home/raytech/repos/drone_ai_sim/install/ares_interfaces/share/ares_interfaces/cmake/ares_interfaces__rosidl_typesupport_cExport-noconfig.cmake
[0.275s] -- Up-to-date: /home/raytech/repos/drone_ai_sim/install/ares_interfaces/share/ares_interfaces/cmake/export_ares_interfaces__rosidl_generator_cppExport.cmake
[0.275s] -- Up-to-date: /home/raytech/repos/drone_ai_sim/install/ares_interfaces/share/ares_interfaces/cmake/export_ares_interfaces__rosidl_typesupport_fastrtps_cppExport.cmake
[0.275s] -- Up-to-date: /home/raytech/repos/drone_ai_sim/install/ares_interfaces/share/ares_interfaces/cmake/export_ares_interfaces__rosidl_typesupport_fastrtps_cppExport-noconfig.cmake
[0.275s] -- Up-to-date: /home/raytech/repos/drone_ai_sim/install/ares_interfaces/share/ares_interfaces/cmake/ares_interfaces__rosidl_typesupport_introspection_cppExport.cmake
[0.275s] -- Up-to-date: /home/raytech/repos/drone_ai_sim/install/ares_interfaces/share/ares_interfaces/cmake/ares_interfaces__rosidl_typesupport_introspection_cppExport-noconfig.cmake
[0.275s] -- Up-to-date: /home/raytech/repos/drone_ai_sim/install/ares_interfaces/share/ares_interfaces/cmake/ares_interfaces__rosidl_typesupport_cppExport.cmake
[0.275s] -- Up-to-date: /home/raytech/repos/drone_ai_sim/install/ares_interfaces/share/ares_interfaces/cmake/ares_interfaces__rosidl_typesupport_cppExport-noconfig.cmake
[0.276s] -- Up-to-date: /home/raytech/repos/drone_ai_sim/install/ares_interfaces/share/ares_interfaces/cmake/export_ares_interfaces__rosidl_generator_pyExport.cmake
[0.276s] -- Up-to-date: /home/raytech/repos/drone_ai_sim/install/ares_interfaces/share/ares_interfaces/cmake/export_ares_interfaces__rosidl_generator_pyExport-noconfig.cmake
[0.276s] -- Up-to-date: /home/raytech/repos/drone_ai_sim/install/ares_interfaces/share/ares_interfaces/cmake/rosidl_cmake-extras.cmake
[0.276s] -- Up-to-date: /home/raytech/repos/drone_ai_sim/install/ares_interfaces/share/ares_interfaces/cmake/ament_cmake_export_dependencies-extras.cmake
[0.276s] -- Up-to-date: /home/raytech/repos/drone_ai_sim/install/ares_interfaces/share/ares_interfaces/cmake/ament_cmake_export_include_directories-extras.cmake
[0.276s] -- Up-to-date: /home/raytech/repos/drone_ai_sim/install/ares_interfaces/share/ares_interfaces/cmake/ament_cmake_export_libraries-extras.cmake
[0.276s] -- Up-to-date: /home/raytech/repos/drone_ai_sim/install/ares_interfaces/share/ares_interfaces/cmake/ament_cmake_export_targets-extras.cmake
[0.276s] -- Up-to-date: /home/raytech/repos/drone_ai_sim/install/ares_interfaces/share/ares_interfaces/cmake/rosidl_cmake_export_typesupport_targets-extras.cmake
[0.276s] -- Up-to-date: /home/raytech/repos/drone_ai_sim/install/ares_interfaces/share/ares_interfaces/cmake/rosidl_cmake_export_typesupport_libraries-extras.cmake
[0.276s] -- Up-to-date: /home/raytech/repos/drone_ai_sim/install/ares_interfaces/share/ares_interfaces/cmake/ares_interfacesConfig.cmake
[0.276s] -- Up-to-date: /home/raytech/repos/drone_ai_sim/install/ares_interfaces/share/ares_interfaces/cmake/ares_interfacesConfig-version.cmake
[0.276s] -- Up-to-date: /home/raytech/repos/drone_ai_sim/install/ares_interfaces/share/ares_interfaces/package.xml
[0.278s] Invoked command in '/home/raytech/repos/drone_ai_sim/build/ares_interfaces' returned '0': CMAKE_PREFIX_PATH=${CMAKE_PREFIX_PATH}:/opt/ros/jazzy DEBUGINFOD_URLS=https://debuginfod.ubuntu.com /usr/bin/cmake --install /home/raytech/repos/drone_ai_sim/build/ares_interfaces
