running egg_info
writing ../build/drone_ai_sim_ros/drone_ai_sim_ros.egg-info/PKG-INFO
writing dependency_links to ../build/drone_ai_sim_ros/drone_ai_sim_ros.egg-info/dependency_links.txt
writing entry points to ../build/drone_ai_sim_ros/drone_ai_sim_ros.egg-info/entry_points.txt
writing requirements to ../build/drone_ai_sim_ros/drone_ai_sim_ros.egg-info/requires.txt
writing top-level names to ../build/drone_ai_sim_ros/drone_ai_sim_ros.egg-info/top_level.txt
reading manifest file '../build/drone_ai_sim_ros/drone_ai_sim_ros.egg-info/SOURCES.txt'
writing manifest file '../build/drone_ai_sim_ros/drone_ai_sim_ros.egg-info/SOURCES.txt'
running build
running build_py
running install
running install_lib
running install_data
running install_egg_info
removing '/home/raytech/repos/drone_ai_sim/install/drone_ai_sim_ros/lib/python3.12/site-packages/drone_ai_sim_ros-0.0.0-py3.12.egg-info' (and everything under it)
Copying ../build/drone_ai_sim_ros/drone_ai_sim_ros.egg-info to /home/raytech/repos/drone_ai_sim/install/drone_ai_sim_ros/lib/python3.12/site-packages/drone_ai_sim_ros-0.0.0-py3.12.egg-info
running install_scripts
Installing odom_tf_broadcaster script to /home/raytech/repos/drone_ai_sim/install/drone_ai_sim_ros/lib/drone_ai_sim_ros
Installing pointcloud_websocket_bridge script to /home/raytech/repos/drone_ai_sim/install/drone_ai_sim_ros/lib/drone_ai_sim_ros
Installing republish script to /home/raytech/repos/drone_ai_sim/install/drone_ai_sim_ros/lib/drone_ai_sim_ros
Installing yolo_perception_node script to /home/raytech/repos/drone_ai_sim/install/drone_ai_sim_ros/lib/drone_ai_sim_ros
writing list of installed files to '/home/raytech/repos/drone_ai_sim/build/drone_ai_sim_ros/install.log'
