[  2%] Built target ares_interfaces__rosidl_generator_type_description
[  2%] Built target ament_cmake_python_copy_ares_interfaces
[  9%] Built target ares_interfaces__cpp
[ 22%] Built target ares_interfaces__rosidl_generator_c
[ 31%] Built target ares_interfaces__rosidl_typesupport_introspection_c
[ 40%] Built target ares_interfaces__rosidl_typesupport_fastrtps_cpp
[ 50%] Built target ares_interfaces__rosidl_typesupport_c
[ 59%] Built target ares_interfaces__rosidl_typesupport_cpp
[ 68%] Built target ares_interfaces__rosidl_typesupport_fastrtps_c
[ 77%] Built target ares_interfaces__rosidl_typesupport_introspection_cpp
[ 77%] Built target ares_interfaces
[ 79%] Built target ares_interfaces__py
[ 81%] [32mBuilding C object CMakeFiles/ares_interfaces__rosidl_generator_py.dir/rosidl_generator_py/ares_interfaces/msg/_sensed_object_s.c.o[0m
[ 84%] [32mBuilding C object CMakeFiles/ares_interfaces__rosidl_generator_py.dir/rosidl_generator_py/ares_interfaces/srv/_detect_objects_s.c.o[0m
running egg_info
writing ares_interfaces.egg-info/PKG-INFO
writing dependency_links to ares_interfaces.egg-info/dependency_links.txt
writing top-level names to ares_interfaces.egg-info/top_level.txt
reading manifest file 'ares_interfaces.egg-info/SOURCES.txt'
writing manifest file 'ares_interfaces.egg-info/SOURCES.txt'
[ 84%] Built target ament_cmake_python_build_ares_interfaces_egg
