[0.009s] Invoking command in '/home/raytech/repos/drone_ai_sim/build/ares_interfaces': CMAKE_PREFIX_PATH=${CMAKE_PREFIX_PATH}:/home/raytech/repos/drone_ai_sim/install/drone_ai_sim_ros:/opt/ros/jazzy DEBUGINFOD_URLS=https://debuginfod.ubuntu.com /usr/bin/cmake --build /home/raytech/repos/drone_ai_sim/build/ares_interfaces -- -j10 -l10
[0.056s] [  2%] Built target ares_interfaces__rosidl_generator_type_description
[0.068s] [  2%] Built target ament_cmake_python_copy_ares_interfaces
[0.083s] [  9%] Built target ares_interfaces__cpp
[0.083s] [ 22%] Built target ares_interfaces__rosidl_generator_c
[0.103s] [ 31%] Built target ares_interfaces__rosidl_typesupport_introspection_c
[0.107s] [ 40%] Built target ares_interfaces__rosidl_typesupport_fastrtps_cpp
[0.107s] [ 50%] Built target ares_interfaces__rosidl_typesupport_c
[0.107s] [ 59%] Built target ares_interfaces__rosidl_typesupport_cpp
[0.108s] [ 68%] Built target ares_interfaces__rosidl_typesupport_fastrtps_c
[0.112s] [ 77%] Built target ares_interfaces__rosidl_typesupport_introspection_cpp
[0.126s] [ 77%] Built target ares_interfaces
[0.143s] [ 79%] Built target ares_interfaces__py
[0.159s] [ 81%] [32mBuilding C object CMakeFiles/ares_interfaces__rosidl_generator_py.dir/rosidl_generator_py/ares_interfaces/msg/_sensed_object_s.c.o[0m
[0.159s] [ 84%] [32mBuilding C object CMakeFiles/ares_interfaces__rosidl_generator_py.dir/rosidl_generator_py/ares_interfaces/srv/_detect_objects_s.c.o[0m
[0.201s] running egg_info
[0.213s] writing ares_interfaces.egg-info/PKG-INFO
[0.213s] writing dependency_links to ares_interfaces.egg-info/dependency_links.txt
[0.214s] writing top-level names to ares_interfaces.egg-info/top_level.txt
[0.244s] reading manifest file 'ares_interfaces.egg-info/SOURCES.txt'
[0.245s] writing manifest file 'ares_interfaces.egg-info/SOURCES.txt'
[0.268s] [ 84%] Built target ament_cmake_python_build_ares_interfaces_egg
[0.344s] [01m[K/home/raytech/repos/drone_ai_sim/build/ares_interfaces/rosidl_generator_py/ares_interfaces/msg/_sensed_object_s.c:11:10:[m[K [01;31m[Kfatal error: [m[Knumpy/ndarrayobject.h: No such file or directory
[0.344s]    11 | #include [01;31m[K"numpy/ndarrayobject.h"[m[K
[0.344s]       |          [01;31m[K^~~~~~~~~~~~~~~~~~~~~~~[m[K
[0.344s] compilation terminated.
[0.344s] [01m[K/home/raytech/repos/drone_ai_sim/build/ares_interfaces/rosidl_generator_py/ares_interfaces/srv/_detect_objects_s.c:11:10:[m[K [01;31m[Kfatal error: [m[Knumpy/ndarrayobject.h: No such file or directory
[0.344s]    11 | #include [01;31m[K"numpy/ndarrayobject.h"[m[K
[0.345s]       |          [01;31m[K^~~~~~~~~~~~~~~~~~~~~~~[m[K
[0.345s] compilation terminated.
[0.345s] gmake[2]: *** [CMakeFiles/ares_interfaces__rosidl_generator_py.dir/build.make:76: CMakeFiles/ares_interfaces__rosidl_generator_py.dir/rosidl_generator_py/ares_interfaces/msg/_sensed_object_s.c.o] Error 1
[0.345s] gmake[2]: *** Waiting for unfinished jobs....
[0.345s] gmake[2]: *** [CMakeFiles/ares_interfaces__rosidl_generator_py.dir/build.make:90: CMakeFiles/ares_interfaces__rosidl_generator_py.dir/rosidl_generator_py/ares_interfaces/srv/_detect_objects_s.c.o] Error 1
[0.345s] gmake[1]: *** [CMakeFiles/Makefile2:506: CMakeFiles/ares_interfaces__rosidl_generator_py.dir/all] Error 2
[0.345s] gmake: *** [Makefile:146: all] Error 2
[0.348s] Invoked command in '/home/raytech/repos/drone_ai_sim/build/ares_interfaces' returned '2': CMAKE_PREFIX_PATH=${CMAKE_PREFIX_PATH}:/home/raytech/repos/drone_ai_sim/install/drone_ai_sim_ros:/opt/ros/jazzy DEBUGINFOD_URLS=https://debuginfod.ubuntu.com /usr/bin/cmake --build /home/raytech/repos/drone_ai_sim/build/ares_interfaces -- -j10 -l10
