[0.000000] (-) TimerEvent: {}
[0.000240] (-) JobUnselected: {'identifier': 'drone_ai_sim_ros'}
[0.000269] (ares_interfaces) JobQueued: {'identifier': 'ares_interfaces', 'dependencies': OrderedDict()}
[0.000283] (ares_interfaces) JobStarted: {'identifier': 'ares_interfaces'}
[0.003925] (ares_interfaces) JobProgress: {'identifier': 'ares_interfaces', 'progress': 'cmake'}
[0.004298] (ares_interfaces) Command: {'cmd': ['/usr/bin/cmake', '/home/raytech/repos/drone_ai_sim/ares_interfaces', '-DCMAKE_INSTALL_PREFIX=/home/raytech/repos/drone_ai_sim/install/ares_interfaces'], 'cwd': '/home/raytech/repos/drone_ai_sim/build/ares_interfaces', 'env': OrderedDict({'GJS_DEBUG_TOPICS': 'JS ERROR;JS LOG', 'LESSOPEN': '| /usr/bin/lesspipe %s', 'VSCODE_CWD': '/home/raytech', 'VSCODE_ESM_ENTRYPOINT': 'vs/workbench/api/node/extensionHostProcess', 'USER': 'raytech', 'VSCODE_NLS_CONFIG': '{"userLocale":"en-us","osLocale":"en-us","resolvedLanguage":"en","defaultMessagesFile":"/usr/share/cursor/resources/app/out/nls.messages.json","locale":"en-us","availableLanguages":{}}', 'GZ_CONFIG_PATH': '/opt/ros/jazzy/opt/gz_sim_vendor/share/gz:/opt/ros/jazzy/opt/sdformat_vendor/share/gz:/opt/ros/jazzy/opt/gz_gui_vendor/share/gz:/opt/ros/jazzy/opt/gz_transport_vendor/share/gz:/opt/ros/jazzy/opt/gz_rendering_vendor/share/gz:/opt/ros/jazzy/opt/gz_plugin_vendor/share/gz:/opt/ros/jazzy/opt/gz_fuel_tools_vendor/share/gz:/opt/ros/jazzy/opt/gz_msgs_vendor/share/gz:/opt/ros/jazzy/opt/gz_common_vendor/share/gz', 'VSCODE_HANDLES_UNCAUGHT_ERRORS': 'true', 'XDG_SESSION_TYPE': 'wayland', 'CLUTTER_DISABLE_MIPMAPPED_TEXT': '1', 'SHLVL': '1', 'LD_LIBRARY_PATH': '/home/raytech/repos/drone_ai_sim/install/ares_interfaces/lib:/opt/ros/jazzy/opt/gz_sim_vendor/lib:/opt/ros/jazzy/opt/gz_sensors_vendor/lib:/opt/ros/jazzy/opt/gz_physics_vendor/lib:/opt/ros/jazzy/opt/sdformat_vendor/lib:/opt/ros/jazzy/opt/rviz_ogre_vendor/lib:/opt/ros/jazzy/lib/aarch64-linux-gnu:/opt/ros/jazzy/opt/gz_gui_vendor/lib:/opt/ros/jazzy/opt/gz_transport_vendor/lib:/opt/ros/jazzy/opt/gz_rendering_vendor/lib:/opt/ros/jazzy/opt/gz_plugin_vendor/lib:/opt/ros/jazzy/opt/gz_fuel_tools_vendor/lib:/opt/ros/jazzy/opt/gz_msgs_vendor/lib:/opt/ros/jazzy/opt/gz_common_vendor/lib:/opt/ros/jazzy/opt/gz_math_vendor/lib:/opt/ros/jazzy/opt/gz_utils_vendor/lib:/opt/ros/jazzy/opt/gz_tools_vendor/lib:/opt/ros/jazzy/opt/gz_ogre_next_vendor/lib:/opt/ros/jazzy/opt/gz_dartsim_vendor/lib:/opt/ros/jazzy/opt/gz_cmake_vendor/lib:/opt/ros/jazzy/lib', 'HOME': '/home/raytech', 'CHROME_DESKTOP': 'cursor.desktop', 'OLDPWD': '/home/raytech/repos/drone_ai_sim', 'DESKTOP_SESSION': 'ubuntu', 'VSCODE_IPC_HOOK': '/run/user/1000/vscode-a3cb47b8-1.7.-main.sock', 'GIO_LAUNCHED_DESKTOP_FILE': '/usr/share/applications/cursor.desktop', 'ROS_PYTHON_VERSION': '3', 'GNOME_SHELL_SESSION_MODE': 'ubuntu', 'GTK_MODULES': 'gail:atk-bridge', 'MANAGERPID': '1800', 'SYSTEMD_EXEC_PID': '1993', 'IM_CONFIG_CHECK_ENV': '1', 'GSM_SKIP_SSH_AGENT_WORKAROUND': 'true', 'NO_COLOR': '1', 'DBUS_SESSION_BUS_ADDRESS': 'unix:path=/run/user/1000/bus', 'GIO_LAUNCHED_DESKTOP_FILE_PID': '6019', 'VSCODE_CRASH_REPORTER_PROCESS_TYPE': 'extensionHost', 'DEBUGINFOD_URLS': 'https://debuginfod.ubuntu.com', 'IM_CONFIG_PHASE': '1', 'WAYLAND_DISPLAY': 'wayland-0', 'VSCODE_L10N_BUNDLE_LOCATION': '', 'COLCON_PREFIX_PATH': '/home/raytech/repos/drone_ai_sim/install', 'ROS_DISTRO': 'jazzy', 'LOGNAME': 'raytech', 'FORCE_COLOR': '0', 'JOURNAL_STREAM': '8:18667', '_': '/usr/bin/colcon', 'ROS_VERSION': '2', 'MEMORY_PRESSURE_WATCH': '/sys/fs/cgroup/user.slice/user-1000.slice/user@1000.service/session.slice/org.gnome.Shell@wayland.service/memory.pressure', 'XDG_SESSION_CLASS': 'user', 'USERNAME': 'raytech', 'TERM': 'dumb', 'GNOME_DESKTOP_SESSION_ID': 'this-is-deprecated', 'COMPOSER_NO_INTERACTION': '1', 'PATH': '/home/raytech/.local/bin:/home/raytech/.local/bin:/opt/ros/jazzy/opt/gz_msgs_vendor/bin:/opt/ros/jazzy/opt/gz_tools_vendor/bin:/opt/ros/jazzy/opt/gz_ogre_next_vendor/bin:/opt/ros/jazzy/bin:/home/raytech/.local/bin:/usr/local/sbin:/usr/local/bin:/usr/sbin:/usr/bin:/sbin:/bin:/usr/games:/usr/local/games:/snap/bin:/snap/bin', 'SESSION_MANAGER': 'local/ubuntu24:@/tmp/.ICE-unix/1949,unix/ubuntu24:/tmp/.ICE-unix/1949', 'INVOCATION_ID': '93127e296ca945899146c4c3d6273020', 'XDG_MENU_PREFIX': 'gnome-', 'VSCODE_PROCESS_TITLE': 'extension-host  [1-1]', 'GNOME_SETUP_DISPLAY': ':1', 'XDG_RUNTIME_DIR': '/run/user/1000', 'GDK_BACKEND': 'x11', 'CURSOR_AGENT': '1', 'DISPLAY': ':0', 'LANG': 'en_US.UTF-8', 'XDG_CURRENT_DESKTOP': 'Unity', 'XMODIFIERS': '@im=ibus', 'XDG_SESSION_DESKTOP': 'ubuntu', 'XAUTHORITY': '/run/user/1000/.mutter-Xwaylandauth.HBR5E3', 'LS_COLORS': '', 'SBX_CHROME_API_RQ': '1', 'CURSOR_TRACE_ID': '5b7aca9d756043e3ae84977735051f4b', 'SSH_AUTH_SOCK': '/run/user/1000/keyring/ssh', 'AMENT_PREFIX_PATH': '/home/raytech/repos/drone_ai_sim/install/drone_ai_sim_ros:/home/raytech/repos/drone_ai_sim/install/ares_interfaces:/opt/ros/jazzy', 'ORIGINAL_XDG_CURRENT_DESKTOP': 'ubuntu:GNOME', 'SHELL': '/bin/bash', 'QT_ACCESSIBILITY': '1', 'GDMSESSION': 'ubuntu', 'LESSCLOSE': '/usr/bin/lesspipe %s %s', 'GJS_DEBUG_OUTPUT': 'stderr', 'ROS_AUTOMATIC_DISCOVERY_RANGE': 'SUBNET', 'QT_IM_MODULE': 'ibus', 'PWD': '/home/raytech/repos/drone_ai_sim/build/ares_interfaces', 'LC_ALL': 'en_US.UTF-8', 'XDG_CONFIG_DIRS': '/etc/xdg/xdg-ubuntu:/etc/xdg', 'VSCODE_CODE_CACHE_PATH': '/home/raytech/.config/Cursor/CachedData/5c17eb2968a37f66bc6662f48d6356a100b67be0', 'XDG_DATA_DIRS': '/usr/share/ubuntu:/usr/share/gnome:/usr/local/share/:/usr/share/:/var/lib/snapd/desktop', 'PYTHONPATH': '/home/raytech/repos/drone_ai_sim/build/drone_ai_sim_ros:/home/raytech/repos/drone_ai_sim/install/drone_ai_sim_ros/lib/python3.12/site-packages:/home/raytech/repos/drone_ai_sim/install/ares_interfaces/lib/python3.12/site-packages:/opt/ros/jazzy/lib/python3.12/site-packages', 'COLCON': '1', 'MEMORY_PRESSURE_WRITE': 'c29tZSAyMDAwMDAgMjAwMDAwMAA=', 'CMAKE_PREFIX_PATH': '/home/raytech/repos/drone_ai_sim/install/ares_interfaces:/opt/ros/jazzy/opt/gz_sim_vendor:/opt/ros/jazzy/opt/gz_sensors_vendor:/opt/ros/jazzy/opt/gz_physics_vendor:/opt/ros/jazzy/opt/sdformat_vendor:/opt/ros/jazzy/opt/gz_gui_vendor:/opt/ros/jazzy/opt/gz_transport_vendor:/opt/ros/jazzy/opt/gz_rendering_vendor:/opt/ros/jazzy/opt/gz_plugin_vendor:/opt/ros/jazzy/opt/gz_fuel_tools_vendor:/opt/ros/jazzy/opt/gz_msgs_vendor:/opt/ros/jazzy/opt/gz_common_vendor:/opt/ros/jazzy/opt/gz_math_vendor:/opt/ros/jazzy/opt/gz_utils_vendor:/opt/ros/jazzy/opt/gz_tools_vendor:/opt/ros/jazzy/opt/gz_ogre_next_vendor:/opt/ros/jazzy/opt/gz_dartsim_vendor:/opt/ros/jazzy/opt/gz_cmake_vendor:/home/raytech/repos/drone_ai_sim/install/drone_ai_sim_ros:/opt/ros/jazzy', 'VSCODE_PID': '6019'}), 'shell': False}
[0.099675] (-) TimerEvent: {}
[0.124713] (ares_interfaces) StdoutLine: {'line': b'-- The C compiler identification is GNU 13.3.0\n'}
[0.199833] (-) TimerEvent: {}
[0.274810] (ares_interfaces) StdoutLine: {'line': b'-- The CXX compiler identification is GNU 13.3.0\n'}
[0.297778] (ares_interfaces) StdoutLine: {'line': b'-- Detecting C compiler ABI info\n'}
[0.301428] (-) TimerEvent: {}
[0.364285] (ares_interfaces) StdoutLine: {'line': b'-- Detecting C compiler ABI info - done\n'}
[0.369797] (ares_interfaces) StdoutLine: {'line': b'-- Check for working C compiler: /usr/bin/cc - skipped\n'}
[0.370574] (ares_interfaces) StdoutLine: {'line': b'-- Detecting C compile features\n'}
[0.371524] (ares_interfaces) StdoutLine: {'line': b'-- Detecting C compile features - done\n'}
[0.380038] (ares_interfaces) StdoutLine: {'line': b'-- Detecting CXX compiler ABI info\n'}
[0.401538] (-) TimerEvent: {}
[0.447832] (ares_interfaces) StdoutLine: {'line': b'-- Detecting CXX compiler ABI info - done\n'}
[0.453835] (ares_interfaces) StdoutLine: {'line': b'-- Check for working CXX compiler: /usr/bin/c++ - skipped\n'}
[0.453944] (ares_interfaces) StdoutLine: {'line': b'-- Detecting CXX compile features\n'}
[0.453971] (ares_interfaces) StdoutLine: {'line': b'-- Detecting CXX compile features - done\n'}
[0.460867] (ares_interfaces) StdoutLine: {'line': b'-- Found ament_cmake: 2.5.4 (/opt/ros/jazzy/share/ament_cmake/cmake)\n'}
[0.502179] (-) TimerEvent: {}
[0.564597] (ares_interfaces) StdoutLine: {'line': b'-- Found Python3: /usr/bin/python3 (found version "3.12.3") found components: Interpreter \n'}
[0.602889] (-) TimerEvent: {}
[0.678207] (ares_interfaces) StdoutLine: {'line': b'-- Found rosidl_default_generators: 1.6.0 (/opt/ros/jazzy/share/rosidl_default_generators/cmake)\n'}
[0.685085] (ares_interfaces) StdoutLine: {'line': b'-- Using all available rosidl_typesupport_c: rosidl_typesupport_fastrtps_c;rosidl_typesupport_introspection_c\n'}
[0.703289] (-) TimerEvent: {}
[0.754035] (ares_interfaces) StdoutLine: {'line': b'-- Using all available rosidl_typesupport_cpp: rosidl_typesupport_fastrtps_cpp;rosidl_typesupport_introspection_cpp\n'}
[0.803396] (-) TimerEvent: {}
[0.810861] (ares_interfaces) StdoutLine: {'line': b'-- Found rosidl_adapter: 4.6.6 (/opt/ros/jazzy/share/rosidl_adapter/cmake)\n'}
[0.821017] (ares_interfaces) StdoutLine: {'line': b'-- Found geometry_msgs: 5.3.6 (/opt/ros/jazzy/share/geometry_msgs/cmake)\n'}
[0.904356] (-) TimerEvent: {}
[1.004520] (-) TimerEvent: {}
[1.104704] (-) TimerEvent: {}
[1.204865] (-) TimerEvent: {}
[1.274988] (ares_interfaces) StdoutLine: {'line': b'-- Found ament_cmake_ros: 0.12.0 (/opt/ros/jazzy/share/ament_cmake_ros/cmake)\n'}
[1.305741] (-) TimerEvent: {}
[1.405904] (-) TimerEvent: {}
[1.506096] (-) TimerEvent: {}
[1.599222] (ares_interfaces) StdoutLine: {'line': b'-- Using all available rosidl_typesupport_c: rosidl_typesupport_fastrtps_c;rosidl_typesupport_introspection_c\n'}
[1.606164] (-) TimerEvent: {}
[1.706361] (-) TimerEvent: {}
[1.806818] (-) TimerEvent: {}
[1.908204] (-) TimerEvent: {}
[2.009099] (-) TimerEvent: {}
[2.018397] (ares_interfaces) StdoutLine: {'line': b'-- Using all available rosidl_typesupport_cpp: rosidl_typesupport_fastrtps_cpp;rosidl_typesupport_introspection_cpp\n'}
[2.023530] (ares_interfaces) StdoutLine: {'line': b'-- Found python_cmake_module: 0.11.1 (/opt/ros/jazzy/share/python_cmake_module/cmake)\n'}
[2.107721] (ares_interfaces) StdoutLine: {'line': b'-- Found PythonExtra: /usr/bin/python3  \n'}
[2.109181] (-) TimerEvent: {}
[2.209342] (-) TimerEvent: {}
[2.310688] (-) TimerEvent: {}
[2.410828] (-) TimerEvent: {}
[2.453313] (ares_interfaces) StdoutLine: {'line': b'-- Found Python3: /usr/bin/python3 (found version "3.12.3") found components: Interpreter Development NumPy Development.Module Development.Embed \n'}
[2.499636] (ares_interfaces) StdoutLine: {'line': b'-- Configuring done (2.5s)\n'}
[2.510953] (-) TimerEvent: {}
[2.523234] (ares_interfaces) StdoutLine: {'line': b'-- Generating done (0.0s)\n'}
[2.531606] (ares_interfaces) StdoutLine: {'line': b'-- Build files have been written to: /home/raytech/repos/drone_ai_sim/build/ares_interfaces\n'}
[2.539036] (ares_interfaces) CommandEnded: {'returncode': 0}
[2.539521] (ares_interfaces) JobProgress: {'identifier': 'ares_interfaces', 'progress': 'build'}
[2.539930] (ares_interfaces) Command: {'cmd': ['/usr/bin/cmake', '--build', '/home/raytech/repos/drone_ai_sim/build/ares_interfaces', '--', '-j10', '-l10'], 'cwd': '/home/raytech/repos/drone_ai_sim/build/ares_interfaces', 'env': OrderedDict({'GJS_DEBUG_TOPICS': 'JS ERROR;JS LOG', 'LESSOPEN': '| /usr/bin/lesspipe %s', 'VSCODE_CWD': '/home/raytech', 'VSCODE_ESM_ENTRYPOINT': 'vs/workbench/api/node/extensionHostProcess', 'USER': 'raytech', 'VSCODE_NLS_CONFIG': '{"userLocale":"en-us","osLocale":"en-us","resolvedLanguage":"en","defaultMessagesFile":"/usr/share/cursor/resources/app/out/nls.messages.json","locale":"en-us","availableLanguages":{}}', 'GZ_CONFIG_PATH': '/opt/ros/jazzy/opt/gz_sim_vendor/share/gz:/opt/ros/jazzy/opt/sdformat_vendor/share/gz:/opt/ros/jazzy/opt/gz_gui_vendor/share/gz:/opt/ros/jazzy/opt/gz_transport_vendor/share/gz:/opt/ros/jazzy/opt/gz_rendering_vendor/share/gz:/opt/ros/jazzy/opt/gz_plugin_vendor/share/gz:/opt/ros/jazzy/opt/gz_fuel_tools_vendor/share/gz:/opt/ros/jazzy/opt/gz_msgs_vendor/share/gz:/opt/ros/jazzy/opt/gz_common_vendor/share/gz', 'VSCODE_HANDLES_UNCAUGHT_ERRORS': 'true', 'XDG_SESSION_TYPE': 'wayland', 'CLUTTER_DISABLE_MIPMAPPED_TEXT': '1', 'SHLVL': '1', 'LD_LIBRARY_PATH': '/home/raytech/repos/drone_ai_sim/install/ares_interfaces/lib:/opt/ros/jazzy/opt/gz_sim_vendor/lib:/opt/ros/jazzy/opt/gz_sensors_vendor/lib:/opt/ros/jazzy/opt/gz_physics_vendor/lib:/opt/ros/jazzy/opt/sdformat_vendor/lib:/opt/ros/jazzy/opt/rviz_ogre_vendor/lib:/opt/ros/jazzy/lib/aarch64-linux-gnu:/opt/ros/jazzy/opt/gz_gui_vendor/lib:/opt/ros/jazzy/opt/gz_transport_vendor/lib:/opt/ros/jazzy/opt/gz_rendering_vendor/lib:/opt/ros/jazzy/opt/gz_plugin_vendor/lib:/opt/ros/jazzy/opt/gz_fuel_tools_vendor/lib:/opt/ros/jazzy/opt/gz_msgs_vendor/lib:/opt/ros/jazzy/opt/gz_common_vendor/lib:/opt/ros/jazzy/opt/gz_math_vendor/lib:/opt/ros/jazzy/opt/gz_utils_vendor/lib:/opt/ros/jazzy/opt/gz_tools_vendor/lib:/opt/ros/jazzy/opt/gz_ogre_next_vendor/lib:/opt/ros/jazzy/opt/gz_dartsim_vendor/lib:/opt/ros/jazzy/opt/gz_cmake_vendor/lib:/opt/ros/jazzy/lib', 'HOME': '/home/raytech', 'CHROME_DESKTOP': 'cursor.desktop', 'OLDPWD': '/home/raytech/repos/drone_ai_sim', 'DESKTOP_SESSION': 'ubuntu', 'VSCODE_IPC_HOOK': '/run/user/1000/vscode-a3cb47b8-1.7.-main.sock', 'GIO_LAUNCHED_DESKTOP_FILE': '/usr/share/applications/cursor.desktop', 'ROS_PYTHON_VERSION': '3', 'GNOME_SHELL_SESSION_MODE': 'ubuntu', 'GTK_MODULES': 'gail:atk-bridge', 'MANAGERPID': '1800', 'SYSTEMD_EXEC_PID': '1993', 'IM_CONFIG_CHECK_ENV': '1', 'GSM_SKIP_SSH_AGENT_WORKAROUND': 'true', 'NO_COLOR': '1', 'DBUS_SESSION_BUS_ADDRESS': 'unix:path=/run/user/1000/bus', 'GIO_LAUNCHED_DESKTOP_FILE_PID': '6019', 'VSCODE_CRASH_REPORTER_PROCESS_TYPE': 'extensionHost', 'DEBUGINFOD_URLS': 'https://debuginfod.ubuntu.com', 'IM_CONFIG_PHASE': '1', 'WAYLAND_DISPLAY': 'wayland-0', 'VSCODE_L10N_BUNDLE_LOCATION': '', 'COLCON_PREFIX_PATH': '/home/raytech/repos/drone_ai_sim/install', 'ROS_DISTRO': 'jazzy', 'LOGNAME': 'raytech', 'FORCE_COLOR': '0', 'JOURNAL_STREAM': '8:18667', '_': '/usr/bin/colcon', 'ROS_VERSION': '2', 'MEMORY_PRESSURE_WATCH': '/sys/fs/cgroup/user.slice/user-1000.slice/user@1000.service/session.slice/org.gnome.Shell@wayland.service/memory.pressure', 'XDG_SESSION_CLASS': 'user', 'USERNAME': 'raytech', 'TERM': 'dumb', 'GNOME_DESKTOP_SESSION_ID': 'this-is-deprecated', 'COMPOSER_NO_INTERACTION': '1', 'PATH': '/home/raytech/.local/bin:/home/raytech/.local/bin:/opt/ros/jazzy/opt/gz_msgs_vendor/bin:/opt/ros/jazzy/opt/gz_tools_vendor/bin:/opt/ros/jazzy/opt/gz_ogre_next_vendor/bin:/opt/ros/jazzy/bin:/home/raytech/.local/bin:/usr/local/sbin:/usr/local/bin:/usr/sbin:/usr/bin:/sbin:/bin:/usr/games:/usr/local/games:/snap/bin:/snap/bin', 'SESSION_MANAGER': 'local/ubuntu24:@/tmp/.ICE-unix/1949,unix/ubuntu24:/tmp/.ICE-unix/1949', 'INVOCATION_ID': '93127e296ca945899146c4c3d6273020', 'XDG_MENU_PREFIX': 'gnome-', 'VSCODE_PROCESS_TITLE': 'extension-host  [1-1]', 'GNOME_SETUP_DISPLAY': ':1', 'XDG_RUNTIME_DIR': '/run/user/1000', 'GDK_BACKEND': 'x11', 'CURSOR_AGENT': '1', 'DISPLAY': ':0', 'LANG': 'en_US.UTF-8', 'XDG_CURRENT_DESKTOP': 'Unity', 'XMODIFIERS': '@im=ibus', 'XDG_SESSION_DESKTOP': 'ubuntu', 'XAUTHORITY': '/run/user/1000/.mutter-Xwaylandauth.HBR5E3', 'LS_COLORS': '', 'SBX_CHROME_API_RQ': '1', 'CURSOR_TRACE_ID': '5b7aca9d756043e3ae84977735051f4b', 'SSH_AUTH_SOCK': '/run/user/1000/keyring/ssh', 'AMENT_PREFIX_PATH': '/home/raytech/repos/drone_ai_sim/install/drone_ai_sim_ros:/home/raytech/repos/drone_ai_sim/install/ares_interfaces:/opt/ros/jazzy', 'ORIGINAL_XDG_CURRENT_DESKTOP': 'ubuntu:GNOME', 'SHELL': '/bin/bash', 'QT_ACCESSIBILITY': '1', 'GDMSESSION': 'ubuntu', 'LESSCLOSE': '/usr/bin/lesspipe %s %s', 'GJS_DEBUG_OUTPUT': 'stderr', 'ROS_AUTOMATIC_DISCOVERY_RANGE': 'SUBNET', 'QT_IM_MODULE': 'ibus', 'PWD': '/home/raytech/repos/drone_ai_sim/build/ares_interfaces', 'LC_ALL': 'en_US.UTF-8', 'XDG_CONFIG_DIRS': '/etc/xdg/xdg-ubuntu:/etc/xdg', 'VSCODE_CODE_CACHE_PATH': '/home/raytech/.config/Cursor/CachedData/5c17eb2968a37f66bc6662f48d6356a100b67be0', 'XDG_DATA_DIRS': '/usr/share/ubuntu:/usr/share/gnome:/usr/local/share/:/usr/share/:/var/lib/snapd/desktop', 'PYTHONPATH': '/home/raytech/repos/drone_ai_sim/build/drone_ai_sim_ros:/home/raytech/repos/drone_ai_sim/install/drone_ai_sim_ros/lib/python3.12/site-packages:/home/raytech/repos/drone_ai_sim/install/ares_interfaces/lib/python3.12/site-packages:/opt/ros/jazzy/lib/python3.12/site-packages', 'COLCON': '1', 'MEMORY_PRESSURE_WRITE': 'c29tZSAyMDAwMDAgMjAwMDAwMAA=', 'CMAKE_PREFIX_PATH': '/home/raytech/repos/drone_ai_sim/install/ares_interfaces:/opt/ros/jazzy/opt/gz_sim_vendor:/opt/ros/jazzy/opt/gz_sensors_vendor:/opt/ros/jazzy/opt/gz_physics_vendor:/opt/ros/jazzy/opt/sdformat_vendor:/opt/ros/jazzy/opt/gz_gui_vendor:/opt/ros/jazzy/opt/gz_transport_vendor:/opt/ros/jazzy/opt/gz_rendering_vendor:/opt/ros/jazzy/opt/gz_plugin_vendor:/opt/ros/jazzy/opt/gz_fuel_tools_vendor:/opt/ros/jazzy/opt/gz_msgs_vendor:/opt/ros/jazzy/opt/gz_common_vendor:/opt/ros/jazzy/opt/gz_math_vendor:/opt/ros/jazzy/opt/gz_utils_vendor:/opt/ros/jazzy/opt/gz_tools_vendor:/opt/ros/jazzy/opt/gz_ogre_next_vendor:/opt/ros/jazzy/opt/gz_dartsim_vendor:/opt/ros/jazzy/opt/gz_cmake_vendor:/home/raytech/repos/drone_ai_sim/install/drone_ai_sim_ros:/opt/ros/jazzy', 'VSCODE_PID': '6019'}), 'shell': False}
[2.576778] (ares_interfaces) StdoutLine: {'line': b'[  2%] Generating type hashes for ROS interfaces\n'}
[2.582909] (ares_interfaces) StdoutLine: {'line': b'[  2%] Built target ament_cmake_python_copy_ares_interfaces\n'}
[2.611081] (-) TimerEvent: {}
[2.700744] (ares_interfaces) StdoutLine: {'line': b'running egg_info\n'}
[2.704679] (ares_interfaces) StdoutLine: {'line': b'creating ares_interfaces.egg-info\n'}
[2.711409] (-) TimerEvent: {}
[2.711659] (ares_interfaces) StdoutLine: {'line': b'writing ares_interfaces.egg-info/PKG-INFO\n'}
[2.711952] (ares_interfaces) StdoutLine: {'line': b'writing dependency_links to ares_interfaces.egg-info/dependency_links.txt\n'}
[2.712247] (ares_interfaces) StdoutLine: {'line': b'writing top-level names to ares_interfaces.egg-info/top_level.txt\n'}
[2.712437] (ares_interfaces) StdoutLine: {'line': b"writing manifest file 'ares_interfaces.egg-info/SOURCES.txt'\n"}
[2.713443] (ares_interfaces) StdoutLine: {'line': b'[  2%] Built target ares_interfaces__rosidl_generator_type_description\n'}
[2.720989] (ares_interfaces) StdoutLine: {'line': b'[  4%] Generating C code for ROS interfaces\n'}
[2.732457] (ares_interfaces) StdoutLine: {'line': b'[  6%] Generating C++ code for ROS interfaces\n'}
[2.741483] (ares_interfaces) StdoutLine: {'line': b"reading manifest file 'ares_interfaces.egg-info/SOURCES.txt'\n"}
[2.741967] (ares_interfaces) StdoutLine: {'line': b"writing manifest file 'ares_interfaces.egg-info/SOURCES.txt'\n"}
[2.768295] (ares_interfaces) StdoutLine: {'line': b'[  6%] Built target ament_cmake_python_build_ares_interfaces_egg\n'}
[2.811512] (-) TimerEvent: {}
[2.911808] (-) TimerEvent: {}
[2.949473] (ares_interfaces) StdoutLine: {'line': b'[  6%] Built target ares_interfaces__cpp\n'}
[2.954993] (ares_interfaces) StdoutLine: {'line': b'[  9%] Building C object CMakeFiles/ares_interfaces__rosidl_generator_c.dir/rosidl_generator_c/ares_interfaces/msg/detail/sensed_object__functions.c.o\n'}
[2.959063] (ares_interfaces) StdoutLine: {'line': b'[ 11%] Building C object CMakeFiles/ares_interfaces__rosidl_generator_c.dir/rosidl_generator_c/ares_interfaces/msg/detail/sensed_object__description.c.o\n'}
[2.959203] (ares_interfaces) StdoutLine: {'line': b'[ 13%] Building C object CMakeFiles/ares_interfaces__rosidl_generator_c.dir/rosidl_generator_c/ares_interfaces/msg/detail/sensed_object__type_support.c.o\n'}
[2.959766] (ares_interfaces) StdoutLine: {'line': b'[ 15%] Building C object CMakeFiles/ares_interfaces__rosidl_generator_c.dir/rosidl_generator_c/ares_interfaces/srv/detail/detect_objects__description.c.o\n'}
[2.960977] (ares_interfaces) StdoutLine: {'line': b'[ 18%] Building C object CMakeFiles/ares_interfaces__rosidl_generator_c.dir/rosidl_generator_c/ares_interfaces/srv/detail/detect_objects__functions.c.o\n'}
[2.962484] (ares_interfaces) StdoutLine: {'line': b'[ 20%] Building C object CMakeFiles/ares_interfaces__rosidl_generator_c.dir/rosidl_generator_c/ares_interfaces/srv/detail/detect_objects__type_support.c.o\n'}
[3.013021] (-) TimerEvent: {}
[3.026308] (ares_interfaces) StdoutLine: {'line': b'[ 22%] Linking C shared library libares_interfaces__rosidl_generator_c.so\n'}
[3.053416] (ares_interfaces) StdoutLine: {'line': b'[ 22%] Built target ares_interfaces__rosidl_generator_c\n'}
[3.060920] (ares_interfaces) StdoutLine: {'line': b'[ 25%] Generating C type support for eProsima Fast-RTPS\n'}
[3.061170] (ares_interfaces) StdoutLine: {'line': b'[ 27%] Generating C type support dispatch for ROS interfaces\n'}
[3.061250] (ares_interfaces) StdoutLine: {'line': b'[ 29%] Generating C++ type support for eProsima Fast-RTPS\n'}
[3.061278] (ares_interfaces) StdoutLine: {'line': b'[ 31%] Generating C introspection for ROS interfaces\n'}
[3.061300] (ares_interfaces) StdoutLine: {'line': b'[ 34%] Generating C++ introspection for ROS interfaces\n'}
[3.070032] (ares_interfaces) StdoutLine: {'line': b'[ 36%] Generating C++ type support dispatch for ROS interfaces\n'}
[3.113308] (-) TimerEvent: {}
[3.214384] (-) TimerEvent: {}
[3.216955] (ares_interfaces) StdoutLine: {'line': b'[ 38%] Building CXX object CMakeFiles/ares_interfaces__rosidl_typesupport_c.dir/rosidl_typesupport_c/ares_interfaces/msg/sensed_object__type_support.cpp.o\n'}
[3.217285] (ares_interfaces) StdoutLine: {'line': b'[ 40%] Building CXX object CMakeFiles/ares_interfaces__rosidl_typesupport_c.dir/rosidl_typesupport_c/ares_interfaces/srv/detect_objects__type_support.cpp.o\n'}
[3.257338] (ares_interfaces) StdoutLine: {'line': b'[ 43%] Building C object CMakeFiles/ares_interfaces__rosidl_typesupport_introspection_c.dir/rosidl_typesupport_introspection_c/ares_interfaces/msg/detail/sensed_object__type_support.c.o\n'}
[3.257444] (ares_interfaces) StdoutLine: {'line': b'[ 45%] Building C object CMakeFiles/ares_interfaces__rosidl_typesupport_introspection_c.dir/rosidl_typesupport_introspection_c/ares_interfaces/srv/detail/detect_objects__type_support.c.o\n'}
[3.261048] (ares_interfaces) StdoutLine: {'line': b'[ 47%] Building CXX object CMakeFiles/ares_interfaces__rosidl_typesupport_introspection_cpp.dir/rosidl_typesupport_introspection_cpp/ares_interfaces/msg/detail/sensed_object__type_support.cpp.o\n'}
[3.270409] (ares_interfaces) StdoutLine: {'line': b'[ 50%] Building CXX object CMakeFiles/ares_interfaces__rosidl_typesupport_introspection_cpp.dir/rosidl_typesupport_introspection_cpp/ares_interfaces/srv/detail/detect_objects__type_support.cpp.o\n'}
[3.276977] (ares_interfaces) StdoutLine: {'line': b'[ 52%] Building CXX object CMakeFiles/ares_interfaces__rosidl_typesupport_fastrtps_c.dir/rosidl_typesupport_fastrtps_c/ares_interfaces/msg/detail/sensed_object__type_support_c.cpp.o\n'}
[3.277751] (ares_interfaces) StdoutLine: {'line': b'[ 54%] Building CXX object CMakeFiles/ares_interfaces__rosidl_typesupport_cpp.dir/rosidl_typesupport_cpp/ares_interfaces/msg/sensed_object__type_support.cpp.o\n'}
[3.277798] (ares_interfaces) StdoutLine: {'line': b'[ 56%] Building CXX object CMakeFiles/ares_interfaces__rosidl_typesupport_cpp.dir/rosidl_typesupport_cpp/ares_interfaces/srv/detect_objects__type_support.cpp.o\n'}
[3.293477] (ares_interfaces) StdoutLine: {'line': b'[ 59%] Linking CXX shared library libares_interfaces__rosidl_typesupport_c.so\n'}
[3.293583] (ares_interfaces) StdoutLine: {'line': b'[ 61%] Building CXX object CMakeFiles/ares_interfaces__rosidl_typesupport_fastrtps_c.dir/rosidl_typesupport_fastrtps_c/ares_interfaces/srv/detail/detect_objects__type_support_c.cpp.o\n'}
[3.306498] (ares_interfaces) StdoutLine: {'line': b'[ 63%] Linking C shared library libares_interfaces__rosidl_typesupport_introspection_c.so\n'}
[3.314477] (-) TimerEvent: {}
[3.321404] (ares_interfaces) StdoutLine: {'line': b'[ 63%] Built target ares_interfaces__rosidl_typesupport_c\n'}
[3.329436] (ares_interfaces) StdoutLine: {'line': b'[ 63%] Built target ares_interfaces__rosidl_typesupport_introspection_c\n'}
[3.348773] (ares_interfaces) StdoutLine: {'line': b'[ 65%] Building CXX object CMakeFiles/ares_interfaces__rosidl_typesupport_fastrtps_cpp.dir/rosidl_typesupport_fastrtps_cpp/ares_interfaces/srv/detail/dds_fastrtps/detect_objects__type_support.cpp.o\n'}
[3.348881] (ares_interfaces) StdoutLine: {'line': b'[ 68%] Building CXX object CMakeFiles/ares_interfaces__rosidl_typesupport_fastrtps_cpp.dir/rosidl_typesupport_fastrtps_cpp/ares_interfaces/msg/detail/dds_fastrtps/sensed_object__type_support.cpp.o\n'}
[3.416210] (-) TimerEvent: {}
[3.516629] (-) TimerEvent: {}
[3.616834] (-) TimerEvent: {}
[3.644425] (ares_interfaces) StdoutLine: {'line': b'[ 70%] Linking CXX shared library libares_interfaces__rosidl_typesupport_cpp.so\n'}
[3.710617] (ares_interfaces) StdoutLine: {'line': b'[ 70%] Built target ares_interfaces__rosidl_typesupport_cpp\n'}
[3.718499] (-) TimerEvent: {}
[3.744312] (ares_interfaces) StdoutLine: {'line': b'[ 72%] Linking CXX shared library libares_interfaces__rosidl_typesupport_introspection_cpp.so\n'}
[3.785289] (ares_interfaces) StdoutLine: {'line': b'[ 75%] Linking CXX shared library libares_interfaces__rosidl_typesupport_fastrtps_c.so\n'}
[3.796036] (ares_interfaces) StdoutLine: {'line': b'[ 75%] Built target ares_interfaces__rosidl_typesupport_introspection_cpp\n'}
[3.818735] (-) TimerEvent: {}
[3.829920] (ares_interfaces) StdoutLine: {'line': b'[ 75%] Built target ares_interfaces__rosidl_typesupport_fastrtps_c\n'}
[3.840465] (ares_interfaces) StdoutLine: {'line': b'[ 77%] Linking CXX shared library libares_interfaces__rosidl_typesupport_fastrtps_cpp.so\n'}
[3.885471] (ares_interfaces) StdoutLine: {'line': b'[ 77%] Built target ares_interfaces__rosidl_typesupport_fastrtps_cpp\n'}
[3.897998] (ares_interfaces) StdoutLine: {'line': b'[ 77%] Built target ares_interfaces\n'}
[3.912674] (ares_interfaces) StdoutLine: {'line': b'[ 79%] Generating Python code for ROS interfaces\n'}
[3.918891] (-) TimerEvent: {}
[4.019459] (-) TimerEvent: {}
[4.121193] (-) TimerEvent: {}
[4.155264] (ares_interfaces) StdoutLine: {'line': b'[ 79%] Built target ares_interfaces__py\n'}
[4.166526] (ares_interfaces) StdoutLine: {'line': b'[ 84%] Building C object CMakeFiles/ares_interfaces__rosidl_generator_py.dir/rosidl_generator_py/ares_interfaces/srv/_detect_objects_s.c.o\n'}
[4.166780] (ares_interfaces) StdoutLine: {'line': b'[ 84%] Building C object CMakeFiles/ares_interfaces__rosidl_generator_py.dir/rosidl_generator_py/ares_interfaces/msg/_sensed_object_s.c.o\n'}
[4.221707] (-) TimerEvent: {}
[4.262757] (ares_interfaces) StdoutLine: {'line': b'[ 86%] Linking C shared library libares_interfaces__rosidl_generator_py.so\n'}
[4.293186] (ares_interfaces) StdoutLine: {'line': b'[ 86%] Built target ares_interfaces__rosidl_generator_py\n'}
[4.305478] (ares_interfaces) StdoutLine: {'line': b'[ 90%] Building C object CMakeFiles/ares_interfaces_s__rosidl_typesupport_introspection_c.dir/rosidl_generator_py/ares_interfaces/_ares_interfaces_s.ep.rosidl_typesupport_introspection_c.c.o\n'}
[4.305632] (ares_interfaces) StdoutLine: {'line': b'[ 90%] Building C object CMakeFiles/ares_interfaces_s__rosidl_typesupport_c.dir/rosidl_generator_py/ares_interfaces/_ares_interfaces_s.ep.rosidl_typesupport_c.c.o\n'}
[4.311638] (ares_interfaces) StdoutLine: {'line': b'[ 93%] Building C object CMakeFiles/ares_interfaces_s__rosidl_typesupport_fastrtps_c.dir/rosidl_generator_py/ares_interfaces/_ares_interfaces_s.ep.rosidl_typesupport_fastrtps_c.c.o\n'}
[4.323300] (-) TimerEvent: {}
[4.366395] (ares_interfaces) StdoutLine: {'line': b'[ 95%] Linking C shared module rosidl_generator_py/ares_interfaces/ares_interfaces_s__rosidl_typesupport_c.so\n'}
[4.369923] (ares_interfaces) StdoutLine: {'line': b'[ 97%] Linking C shared module rosidl_generator_py/ares_interfaces/ares_interfaces_s__rosidl_typesupport_introspection_c.so\n'}
[4.371885] (ares_interfaces) StdoutLine: {'line': b'[100%] Linking C shared module rosidl_generator_py/ares_interfaces/ares_interfaces_s__rosidl_typesupport_fastrtps_c.so\n'}
[4.388705] (ares_interfaces) StdoutLine: {'line': b'[100%] Built target ares_interfaces_s__rosidl_typesupport_c\n'}
[4.392995] (ares_interfaces) StdoutLine: {'line': b'[100%] Built target ares_interfaces_s__rosidl_typesupport_introspection_c\n'}
[4.395710] (ares_interfaces) StdoutLine: {'line': b'[100%] Built target ares_interfaces_s__rosidl_typesupport_fastrtps_c\n'}
[4.402272] (ares_interfaces) CommandEnded: {'returncode': 0}
[4.402812] (ares_interfaces) JobProgress: {'identifier': 'ares_interfaces', 'progress': 'install'}
[4.407654] (ares_interfaces) Command: {'cmd': ['/usr/bin/cmake', '--install', '/home/raytech/repos/drone_ai_sim/build/ares_interfaces'], 'cwd': '/home/raytech/repos/drone_ai_sim/build/ares_interfaces', 'env': OrderedDict({'GJS_DEBUG_TOPICS': 'JS ERROR;JS LOG', 'LESSOPEN': '| /usr/bin/lesspipe %s', 'VSCODE_CWD': '/home/raytech', 'VSCODE_ESM_ENTRYPOINT': 'vs/workbench/api/node/extensionHostProcess', 'USER': 'raytech', 'VSCODE_NLS_CONFIG': '{"userLocale":"en-us","osLocale":"en-us","resolvedLanguage":"en","defaultMessagesFile":"/usr/share/cursor/resources/app/out/nls.messages.json","locale":"en-us","availableLanguages":{}}', 'GZ_CONFIG_PATH': '/opt/ros/jazzy/opt/gz_sim_vendor/share/gz:/opt/ros/jazzy/opt/sdformat_vendor/share/gz:/opt/ros/jazzy/opt/gz_gui_vendor/share/gz:/opt/ros/jazzy/opt/gz_transport_vendor/share/gz:/opt/ros/jazzy/opt/gz_rendering_vendor/share/gz:/opt/ros/jazzy/opt/gz_plugin_vendor/share/gz:/opt/ros/jazzy/opt/gz_fuel_tools_vendor/share/gz:/opt/ros/jazzy/opt/gz_msgs_vendor/share/gz:/opt/ros/jazzy/opt/gz_common_vendor/share/gz', 'VSCODE_HANDLES_UNCAUGHT_ERRORS': 'true', 'XDG_SESSION_TYPE': 'wayland', 'CLUTTER_DISABLE_MIPMAPPED_TEXT': '1', 'SHLVL': '1', 'LD_LIBRARY_PATH': '/home/raytech/repos/drone_ai_sim/install/ares_interfaces/lib:/opt/ros/jazzy/opt/gz_sim_vendor/lib:/opt/ros/jazzy/opt/gz_sensors_vendor/lib:/opt/ros/jazzy/opt/gz_physics_vendor/lib:/opt/ros/jazzy/opt/sdformat_vendor/lib:/opt/ros/jazzy/opt/rviz_ogre_vendor/lib:/opt/ros/jazzy/lib/aarch64-linux-gnu:/opt/ros/jazzy/opt/gz_gui_vendor/lib:/opt/ros/jazzy/opt/gz_transport_vendor/lib:/opt/ros/jazzy/opt/gz_rendering_vendor/lib:/opt/ros/jazzy/opt/gz_plugin_vendor/lib:/opt/ros/jazzy/opt/gz_fuel_tools_vendor/lib:/opt/ros/jazzy/opt/gz_msgs_vendor/lib:/opt/ros/jazzy/opt/gz_common_vendor/lib:/opt/ros/jazzy/opt/gz_math_vendor/lib:/opt/ros/jazzy/opt/gz_utils_vendor/lib:/opt/ros/jazzy/opt/gz_tools_vendor/lib:/opt/ros/jazzy/opt/gz_ogre_next_vendor/lib:/opt/ros/jazzy/opt/gz_dartsim_vendor/lib:/opt/ros/jazzy/opt/gz_cmake_vendor/lib:/opt/ros/jazzy/lib', 'HOME': '/home/raytech', 'CHROME_DESKTOP': 'cursor.desktop', 'OLDPWD': '/home/raytech/repos/drone_ai_sim', 'DESKTOP_SESSION': 'ubuntu', 'VSCODE_IPC_HOOK': '/run/user/1000/vscode-a3cb47b8-1.7.-main.sock', 'GIO_LAUNCHED_DESKTOP_FILE': '/usr/share/applications/cursor.desktop', 'ROS_PYTHON_VERSION': '3', 'GNOME_SHELL_SESSION_MODE': 'ubuntu', 'GTK_MODULES': 'gail:atk-bridge', 'MANAGERPID': '1800', 'SYSTEMD_EXEC_PID': '1993', 'IM_CONFIG_CHECK_ENV': '1', 'GSM_SKIP_SSH_AGENT_WORKAROUND': 'true', 'NO_COLOR': '1', 'DBUS_SESSION_BUS_ADDRESS': 'unix:path=/run/user/1000/bus', 'GIO_LAUNCHED_DESKTOP_FILE_PID': '6019', 'VSCODE_CRASH_REPORTER_PROCESS_TYPE': 'extensionHost', 'DEBUGINFOD_URLS': 'https://debuginfod.ubuntu.com', 'IM_CONFIG_PHASE': '1', 'WAYLAND_DISPLAY': 'wayland-0', 'VSCODE_L10N_BUNDLE_LOCATION': '', 'COLCON_PREFIX_PATH': '/home/raytech/repos/drone_ai_sim/install', 'ROS_DISTRO': 'jazzy', 'LOGNAME': 'raytech', 'FORCE_COLOR': '0', 'JOURNAL_STREAM': '8:18667', '_': '/usr/bin/colcon', 'ROS_VERSION': '2', 'MEMORY_PRESSURE_WATCH': '/sys/fs/cgroup/user.slice/user-1000.slice/user@1000.service/session.slice/org.gnome.Shell@wayland.service/memory.pressure', 'XDG_SESSION_CLASS': 'user', 'USERNAME': 'raytech', 'TERM': 'dumb', 'GNOME_DESKTOP_SESSION_ID': 'this-is-deprecated', 'COMPOSER_NO_INTERACTION': '1', 'PATH': '/home/raytech/.local/bin:/home/raytech/.local/bin:/opt/ros/jazzy/opt/gz_msgs_vendor/bin:/opt/ros/jazzy/opt/gz_tools_vendor/bin:/opt/ros/jazzy/opt/gz_ogre_next_vendor/bin:/opt/ros/jazzy/bin:/home/raytech/.local/bin:/usr/local/sbin:/usr/local/bin:/usr/sbin:/usr/bin:/sbin:/bin:/usr/games:/usr/local/games:/snap/bin:/snap/bin', 'SESSION_MANAGER': 'local/ubuntu24:@/tmp/.ICE-unix/1949,unix/ubuntu24:/tmp/.ICE-unix/1949', 'INVOCATION_ID': '93127e296ca945899146c4c3d6273020', 'XDG_MENU_PREFIX': 'gnome-', 'VSCODE_PROCESS_TITLE': 'extension-host  [1-1]', 'GNOME_SETUP_DISPLAY': ':1', 'XDG_RUNTIME_DIR': '/run/user/1000', 'GDK_BACKEND': 'x11', 'CURSOR_AGENT': '1', 'DISPLAY': ':0', 'LANG': 'en_US.UTF-8', 'XDG_CURRENT_DESKTOP': 'Unity', 'XMODIFIERS': '@im=ibus', 'XDG_SESSION_DESKTOP': 'ubuntu', 'XAUTHORITY': '/run/user/1000/.mutter-Xwaylandauth.HBR5E3', 'LS_COLORS': '', 'SBX_CHROME_API_RQ': '1', 'CURSOR_TRACE_ID': '5b7aca9d756043e3ae84977735051f4b', 'SSH_AUTH_SOCK': '/run/user/1000/keyring/ssh', 'AMENT_PREFIX_PATH': '/home/raytech/repos/drone_ai_sim/install/drone_ai_sim_ros:/home/raytech/repos/drone_ai_sim/install/ares_interfaces:/opt/ros/jazzy', 'ORIGINAL_XDG_CURRENT_DESKTOP': 'ubuntu:GNOME', 'SHELL': '/bin/bash', 'QT_ACCESSIBILITY': '1', 'GDMSESSION': 'ubuntu', 'LESSCLOSE': '/usr/bin/lesspipe %s %s', 'GJS_DEBUG_OUTPUT': 'stderr', 'ROS_AUTOMATIC_DISCOVERY_RANGE': 'SUBNET', 'QT_IM_MODULE': 'ibus', 'PWD': '/home/raytech/repos/drone_ai_sim/build/ares_interfaces', 'LC_ALL': 'en_US.UTF-8', 'XDG_CONFIG_DIRS': '/etc/xdg/xdg-ubuntu:/etc/xdg', 'VSCODE_CODE_CACHE_PATH': '/home/raytech/.config/Cursor/CachedData/5c17eb2968a37f66bc6662f48d6356a100b67be0', 'XDG_DATA_DIRS': '/usr/share/ubuntu:/usr/share/gnome:/usr/local/share/:/usr/share/:/var/lib/snapd/desktop', 'PYTHONPATH': '/home/raytech/repos/drone_ai_sim/build/drone_ai_sim_ros:/home/raytech/repos/drone_ai_sim/install/drone_ai_sim_ros/lib/python3.12/site-packages:/home/raytech/repos/drone_ai_sim/install/ares_interfaces/lib/python3.12/site-packages:/opt/ros/jazzy/lib/python3.12/site-packages', 'COLCON': '1', 'MEMORY_PRESSURE_WRITE': 'c29tZSAyMDAwMDAgMjAwMDAwMAA=', 'CMAKE_PREFIX_PATH': '/home/raytech/repos/drone_ai_sim/install/ares_interfaces:/opt/ros/jazzy/opt/gz_sim_vendor:/opt/ros/jazzy/opt/gz_sensors_vendor:/opt/ros/jazzy/opt/gz_physics_vendor:/opt/ros/jazzy/opt/sdformat_vendor:/opt/ros/jazzy/opt/gz_gui_vendor:/opt/ros/jazzy/opt/gz_transport_vendor:/opt/ros/jazzy/opt/gz_rendering_vendor:/opt/ros/jazzy/opt/gz_plugin_vendor:/opt/ros/jazzy/opt/gz_fuel_tools_vendor:/opt/ros/jazzy/opt/gz_msgs_vendor:/opt/ros/jazzy/opt/gz_common_vendor:/opt/ros/jazzy/opt/gz_math_vendor:/opt/ros/jazzy/opt/gz_utils_vendor:/opt/ros/jazzy/opt/gz_tools_vendor:/opt/ros/jazzy/opt/gz_ogre_next_vendor:/opt/ros/jazzy/opt/gz_dartsim_vendor:/opt/ros/jazzy/opt/gz_cmake_vendor:/home/raytech/repos/drone_ai_sim/install/drone_ai_sim_ros:/opt/ros/jazzy', 'VSCODE_PID': '6019'}), 'shell': False}
[4.415425] (ares_interfaces) StdoutLine: {'line': b'-- Install configuration: ""\n'}
[4.415561] (ares_interfaces) StdoutLine: {'line': b'-- Installing: /home/raytech/repos/drone_ai_sim/install/ares_interfaces/share/ament_index/resource_index/rosidl_interfaces/ares_interfaces\n'}
[4.415588] (ares_interfaces) StdoutLine: {'line': b'-- Installing: /home/raytech/repos/drone_ai_sim/install/ares_interfaces/share/ares_interfaces/msg/SensedObject.json\n'}
[4.415610] (ares_interfaces) StdoutLine: {'line': b'-- Installing: /home/raytech/repos/drone_ai_sim/install/ares_interfaces/share/ares_interfaces/srv/DetectObjects.json\n'}
[4.415641] (ares_interfaces) StdoutLine: {'line': b'-- Installing: /home/raytech/repos/drone_ai_sim/install/ares_interfaces/include/ares_interfaces/ares_interfaces\n'}
[4.415661] (ares_interfaces) StdoutLine: {'line': b'-- Installing: /home/raytech/repos/drone_ai_sim/install/ares_interfaces/include/ares_interfaces/ares_interfaces/msg\n'}
[4.415682] (ares_interfaces) StdoutLine: {'line': b'-- Installing: /home/raytech/repos/drone_ai_sim/install/ares_interfaces/include/ares_interfaces/ares_interfaces/msg/detail\n'}
[4.415702] (ares_interfaces) StdoutLine: {'line': b'-- Installing: /home/raytech/repos/drone_ai_sim/install/ares_interfaces/include/ares_interfaces/ares_interfaces/msg/detail/sensed_object__type_support.c\n'}
[4.415725] (ares_interfaces) StdoutLine: {'line': b'-- Installing: /home/raytech/repos/drone_ai_sim/install/ares_interfaces/include/ares_interfaces/ares_interfaces/msg/detail/sensed_object__functions.h\n'}
[4.415746] (ares_interfaces) StdoutLine: {'line': b'-- Installing: /home/raytech/repos/drone_ai_sim/install/ares_interfaces/include/ares_interfaces/ares_interfaces/msg/detail/sensed_object__description.c\n'}
[4.415771] (ares_interfaces) StdoutLine: {'line': b'-- Installing: /home/raytech/repos/drone_ai_sim/install/ares_interfaces/include/ares_interfaces/ares_interfaces/msg/detail/sensed_object__functions.c\n'}
[4.415791] (ares_interfaces) StdoutLine: {'line': b'-- Installing: /home/raytech/repos/drone_ai_sim/install/ares_interfaces/include/ares_interfaces/ares_interfaces/msg/detail/sensed_object__struct.h\n'}
[4.415810] (ares_interfaces) StdoutLine: {'line': b'-- Installing: /home/raytech/repos/drone_ai_sim/install/ares_interfaces/include/ares_interfaces/ares_interfaces/msg/detail/sensed_object__type_support.h\n'}
[4.415831] (ares_interfaces) StdoutLine: {'line': b'-- Installing: /home/raytech/repos/drone_ai_sim/install/ares_interfaces/include/ares_interfaces/ares_interfaces/msg/rosidl_generator_c__visibility_control.h\n'}
[4.415851] (ares_interfaces) StdoutLine: {'line': b'-- Installing: /home/raytech/repos/drone_ai_sim/install/ares_interfaces/include/ares_interfaces/ares_interfaces/msg/sensed_object.h\n'}
[4.415872] (ares_interfaces) StdoutLine: {'line': b'-- Installing: /home/raytech/repos/drone_ai_sim/install/ares_interfaces/include/ares_interfaces/ares_interfaces/srv\n'}
[4.415891] (ares_interfaces) StdoutLine: {'line': b'-- Installing: /home/raytech/repos/drone_ai_sim/install/ares_interfaces/include/ares_interfaces/ares_interfaces/srv/detail\n'}
[4.415911] (ares_interfaces) StdoutLine: {'line': b'-- Installing: /home/raytech/repos/drone_ai_sim/install/ares_interfaces/include/ares_interfaces/ares_interfaces/srv/detail/detect_objects__functions.h\n'}
[4.415931] (ares_interfaces) StdoutLine: {'line': b'-- Installing: /home/raytech/repos/drone_ai_sim/install/ares_interfaces/include/ares_interfaces/ares_interfaces/srv/detail/detect_objects__type_support.h\n'}
[4.415950] (ares_interfaces) StdoutLine: {'line': b'-- Installing: /home/raytech/repos/drone_ai_sim/install/ares_interfaces/include/ares_interfaces/ares_interfaces/srv/detail/detect_objects__type_support.c\n'}
[4.415970] (ares_interfaces) StdoutLine: {'line': b'-- Installing: /home/raytech/repos/drone_ai_sim/install/ares_interfaces/include/ares_interfaces/ares_interfaces/srv/detail/detect_objects__struct.h\n'}
[4.415989] (ares_interfaces) StdoutLine: {'line': b'-- Installing: /home/raytech/repos/drone_ai_sim/install/ares_interfaces/include/ares_interfaces/ares_interfaces/srv/detail/detect_objects__functions.c\n'}
[4.416009] (ares_interfaces) StdoutLine: {'line': b'-- Installing: /home/raytech/repos/drone_ai_sim/install/ares_interfaces/include/ares_interfaces/ares_interfaces/srv/detail/detect_objects__description.c\n'}
[4.416028] (ares_interfaces) StdoutLine: {'line': b'-- Installing: /home/raytech/repos/drone_ai_sim/install/ares_interfaces/include/ares_interfaces/ares_interfaces/srv/detect_objects.h\n'}
[4.416047] (ares_interfaces) StdoutLine: {'line': b'-- Installing: /home/raytech/repos/drone_ai_sim/install/ares_interfaces/share/ares_interfaces/environment/library_path.sh\n'}
[4.416066] (ares_interfaces) StdoutLine: {'line': b'-- Installing: /home/raytech/repos/drone_ai_sim/install/ares_interfaces/share/ares_interfaces/environment/library_path.dsv\n'}
[4.416085] (ares_interfaces) StdoutLine: {'line': b'-- Installing: /home/raytech/repos/drone_ai_sim/install/ares_interfaces/lib/libares_interfaces__rosidl_generator_c.so\n'}
[4.417306] (ares_interfaces) StdoutLine: {'line': b'-- Set non-toolchain portion of runtime path of "/home/raytech/repos/drone_ai_sim/install/ares_interfaces/lib/libares_interfaces__rosidl_generator_c.so" to ""\n'}
[4.417353] (ares_interfaces) StdoutLine: {'line': b'-- Up-to-date: /home/raytech/repos/drone_ai_sim/install/ares_interfaces/include/ares_interfaces/ares_interfaces\n'}
[4.417376] (ares_interfaces) StdoutLine: {'line': b'-- Up-to-date: /home/raytech/repos/drone_ai_sim/install/ares_interfaces/include/ares_interfaces/ares_interfaces/msg\n'}
[4.417612] (ares_interfaces) StdoutLine: {'line': b'-- Up-to-date: /home/raytech/repos/drone_ai_sim/install/ares_interfaces/include/ares_interfaces/ares_interfaces/msg/detail\n'}
[4.417712] (ares_interfaces) StdoutLine: {'line': b'-- Installing: /home/raytech/repos/drone_ai_sim/install/ares_interfaces/include/ares_interfaces/ares_interfaces/msg/detail/sensed_object__rosidl_typesupport_fastrtps_c.h\n'}
[4.417750] (ares_interfaces) StdoutLine: {'line': b'-- Installing: /home/raytech/repos/drone_ai_sim/install/ares_interfaces/include/ares_interfaces/ares_interfaces/msg/rosidl_typesupport_fastrtps_c__visibility_control.h\n'}
[4.417928] (ares_interfaces) StdoutLine: {'line': b'-- Up-to-date: /home/raytech/repos/drone_ai_sim/install/ares_interfaces/include/ares_interfaces/ares_interfaces/srv\n'}
[4.417963] (ares_interfaces) StdoutLine: {'line': b'-- Up-to-date: /home/raytech/repos/drone_ai_sim/install/ares_interfaces/include/ares_interfaces/ares_interfaces/srv/detail\n'}
[4.418001] (ares_interfaces) StdoutLine: {'line': b'-- Installing: /home/raytech/repos/drone_ai_sim/install/ares_interfaces/include/ares_interfaces/ares_interfaces/srv/detail/detect_objects__rosidl_typesupport_fastrtps_c.h\n'}
[4.418025] (ares_interfaces) StdoutLine: {'line': b'-- Installing: /home/raytech/repos/drone_ai_sim/install/ares_interfaces/lib/libares_interfaces__rosidl_typesupport_fastrtps_c.so\n'}
[4.418066] (ares_interfaces) StdoutLine: {'line': b'-- Set non-toolchain portion of runtime path of "/home/raytech/repos/drone_ai_sim/install/ares_interfaces/lib/libares_interfaces__rosidl_typesupport_fastrtps_c.so" to ""\n'}
[4.418086] (ares_interfaces) StdoutLine: {'line': b'-- Up-to-date: /home/raytech/repos/drone_ai_sim/install/ares_interfaces/include/ares_interfaces/ares_interfaces\n'}
[4.418126] (ares_interfaces) StdoutLine: {'line': b'-- Up-to-date: /home/raytech/repos/drone_ai_sim/install/ares_interfaces/include/ares_interfaces/ares_interfaces/msg\n'}
[4.418147] (ares_interfaces) StdoutLine: {'line': b'-- Up-to-date: /home/raytech/repos/drone_ai_sim/install/ares_interfaces/include/ares_interfaces/ares_interfaces/msg/detail\n'}
[4.418169] (ares_interfaces) StdoutLine: {'line': b'-- Up-to-date: /home/raytech/repos/drone_ai_sim/install/ares_interfaces/include/ares_interfaces/ares_interfaces/msg/detail/sensed_object__type_support.c\n'}
[4.418190] (ares_interfaces) StdoutLine: {'line': b'-- Installing: /home/raytech/repos/drone_ai_sim/install/ares_interfaces/include/ares_interfaces/ares_interfaces/msg/detail/sensed_object__rosidl_typesupport_introspection_c.h\n'}
[4.418211] (ares_interfaces) StdoutLine: {'line': b'-- Installing: /home/raytech/repos/drone_ai_sim/install/ares_interfaces/include/ares_interfaces/ares_interfaces/msg/rosidl_typesupport_introspection_c__visibility_control.h\n'}
[4.418231] (ares_interfaces) StdoutLine: {'line': b'-- Up-to-date: /home/raytech/repos/drone_ai_sim/install/ares_interfaces/include/ares_interfaces/ares_interfaces/srv\n'}
[4.418396] (ares_interfaces) StdoutLine: {'line': b'-- Up-to-date: /home/raytech/repos/drone_ai_sim/install/ares_interfaces/include/ares_interfaces/ares_interfaces/srv/detail\n'}
[4.418428] (ares_interfaces) StdoutLine: {'line': b'-- Up-to-date: /home/raytech/repos/drone_ai_sim/install/ares_interfaces/include/ares_interfaces/ares_interfaces/srv/detail/detect_objects__type_support.c\n'}
[4.418461] (ares_interfaces) StdoutLine: {'line': b'-- Installing: /home/raytech/repos/drone_ai_sim/install/ares_interfaces/include/ares_interfaces/ares_interfaces/srv/detail/detect_objects__rosidl_typesupport_introspection_c.h\n'}
[4.418483] (ares_interfaces) StdoutLine: {'line': b'-- Installing: /home/raytech/repos/drone_ai_sim/install/ares_interfaces/lib/libares_interfaces__rosidl_typesupport_introspection_c.so\n'}
[4.418515] (ares_interfaces) StdoutLine: {'line': b'-- Set non-toolchain portion of runtime path of "/home/raytech/repos/drone_ai_sim/install/ares_interfaces/lib/libares_interfaces__rosidl_typesupport_introspection_c.so" to ""\n'}
[4.418536] (ares_interfaces) StdoutLine: {'line': b'-- Installing: /home/raytech/repos/drone_ai_sim/install/ares_interfaces/lib/libares_interfaces__rosidl_typesupport_c.so\n'}
[4.418768] (ares_interfaces) StdoutLine: {'line': b'-- Set non-toolchain portion of runtime path of "/home/raytech/repos/drone_ai_sim/install/ares_interfaces/lib/libares_interfaces__rosidl_typesupport_c.so" to ""\n'}
[4.418800] (ares_interfaces) StdoutLine: {'line': b'-- Up-to-date: /home/raytech/repos/drone_ai_sim/install/ares_interfaces/include/ares_interfaces/ares_interfaces\n'}
[4.418821] (ares_interfaces) StdoutLine: {'line': b'-- Up-to-date: /home/raytech/repos/drone_ai_sim/install/ares_interfaces/include/ares_interfaces/ares_interfaces/msg\n'}
[4.418841] (ares_interfaces) StdoutLine: {'line': b'-- Up-to-date: /home/raytech/repos/drone_ai_sim/install/ares_interfaces/include/ares_interfaces/ares_interfaces/msg/detail\n'}
[4.418862] (ares_interfaces) StdoutLine: {'line': b'-- Installing: /home/raytech/repos/drone_ai_sim/install/ares_interfaces/include/ares_interfaces/ares_interfaces/msg/detail/sensed_object__struct.hpp\n'}
[4.419099] (ares_interfaces) StdoutLine: {'line': b'-- Installing: /home/raytech/repos/drone_ai_sim/install/ares_interfaces/include/ares_interfaces/ares_interfaces/msg/detail/sensed_object__traits.hpp\n'}
[4.419172] (ares_interfaces) StdoutLine: {'line': b'-- Installing: /home/raytech/repos/drone_ai_sim/install/ares_interfaces/include/ares_interfaces/ares_interfaces/msg/detail/sensed_object__type_support.hpp\n'}
[4.419195] (ares_interfaces) StdoutLine: {'line': b'-- Installing: /home/raytech/repos/drone_ai_sim/install/ares_interfaces/include/ares_interfaces/ares_interfaces/msg/detail/sensed_object__builder.hpp\n'}
[4.419218] (ares_interfaces) StdoutLine: {'line': b'-- Installing: /home/raytech/repos/drone_ai_sim/install/ares_interfaces/include/ares_interfaces/ares_interfaces/msg/rosidl_generator_cpp__visibility_control.hpp\n'}
[4.419239] (ares_interfaces) StdoutLine: {'line': b'-- Installing: /home/raytech/repos/drone_ai_sim/install/ares_interfaces/include/ares_interfaces/ares_interfaces/msg/sensed_object.hpp\n'}
[4.419269] (ares_interfaces) StdoutLine: {'line': b'-- Up-to-date: /home/raytech/repos/drone_ai_sim/install/ares_interfaces/include/ares_interfaces/ares_interfaces/srv\n'}
[4.419291] (ares_interfaces) StdoutLine: {'line': b'-- Up-to-date: /home/raytech/repos/drone_ai_sim/install/ares_interfaces/include/ares_interfaces/ares_interfaces/srv/detail\n'}
[4.419384] (ares_interfaces) StdoutLine: {'line': b'-- Installing: /home/raytech/repos/drone_ai_sim/install/ares_interfaces/include/ares_interfaces/ares_interfaces/srv/detail/detect_objects__traits.hpp\n'}
[4.419427] (ares_interfaces) StdoutLine: {'line': b'-- Installing: /home/raytech/repos/drone_ai_sim/install/ares_interfaces/include/ares_interfaces/ares_interfaces/srv/detail/detect_objects__builder.hpp\n'}
[4.419452] (ares_interfaces) StdoutLine: {'line': b'-- Installing: /home/raytech/repos/drone_ai_sim/install/ares_interfaces/include/ares_interfaces/ares_interfaces/srv/detail/detect_objects__struct.hpp\n'}
[4.419474] (ares_interfaces) StdoutLine: {'line': b'-- Installing: /home/raytech/repos/drone_ai_sim/install/ares_interfaces/include/ares_interfaces/ares_interfaces/srv/detail/detect_objects__type_support.hpp\n'}
[4.419502] (ares_interfaces) StdoutLine: {'line': b'-- Installing: /home/raytech/repos/drone_ai_sim/install/ares_interfaces/include/ares_interfaces/ares_interfaces/srv/detect_objects.hpp\n'}
[4.419525] (ares_interfaces) StdoutLine: {'line': b'-- Up-to-date: /home/raytech/repos/drone_ai_sim/install/ares_interfaces/include/ares_interfaces/ares_interfaces\n'}
[4.419545] (ares_interfaces) StdoutLine: {'line': b'-- Up-to-date: /home/raytech/repos/drone_ai_sim/install/ares_interfaces/include/ares_interfaces/ares_interfaces/msg\n'}
[4.419566] (ares_interfaces) StdoutLine: {'line': b'-- Up-to-date: /home/raytech/repos/drone_ai_sim/install/ares_interfaces/include/ares_interfaces/ares_interfaces/msg/detail\n'}
[4.419586] (ares_interfaces) StdoutLine: {'line': b'-- Installing: /home/raytech/repos/drone_ai_sim/install/ares_interfaces/include/ares_interfaces/ares_interfaces/msg/detail/sensed_object__rosidl_typesupport_fastrtps_cpp.hpp\n'}
[4.419616] (ares_interfaces) StdoutLine: {'line': b'-- Installing: /home/raytech/repos/drone_ai_sim/install/ares_interfaces/include/ares_interfaces/ares_interfaces/msg/detail/dds_fastrtps\n'}
[4.419639] (ares_interfaces) StdoutLine: {'line': b'-- Installing: /home/raytech/repos/drone_ai_sim/install/ares_interfaces/include/ares_interfaces/ares_interfaces/msg/rosidl_typesupport_fastrtps_cpp__visibility_control.h\n'}
[4.419669] (ares_interfaces) StdoutLine: {'line': b'-- Up-to-date: /home/raytech/repos/drone_ai_sim/install/ares_interfaces/include/ares_interfaces/ares_interfaces/srv\n'}
[4.419689] (ares_interfaces) StdoutLine: {'line': b'-- Up-to-date: /home/raytech/repos/drone_ai_sim/install/ares_interfaces/include/ares_interfaces/ares_interfaces/srv/detail\n'}
[4.419743] (ares_interfaces) StdoutLine: {'line': b'-- Installing: /home/raytech/repos/drone_ai_sim/install/ares_interfaces/include/ares_interfaces/ares_interfaces/srv/detail/detect_objects__rosidl_typesupport_fastrtps_cpp.hpp\n'}
[4.419764] (ares_interfaces) StdoutLine: {'line': b'-- Installing: /home/raytech/repos/drone_ai_sim/install/ares_interfaces/include/ares_interfaces/ares_interfaces/srv/detail/dds_fastrtps\n'}
[4.419783] (ares_interfaces) StdoutLine: {'line': b'-- Installing: /home/raytech/repos/drone_ai_sim/install/ares_interfaces/lib/libares_interfaces__rosidl_typesupport_fastrtps_cpp.so\n'}
[4.419804] (ares_interfaces) StdoutLine: {'line': b'-- Set non-toolchain portion of runtime path of "/home/raytech/repos/drone_ai_sim/install/ares_interfaces/lib/libares_interfaces__rosidl_typesupport_fastrtps_cpp.so" to ""\n'}
[4.419824] (ares_interfaces) StdoutLine: {'line': b'-- Up-to-date: /home/raytech/repos/drone_ai_sim/install/ares_interfaces/include/ares_interfaces/ares_interfaces\n'}
[4.419856] (ares_interfaces) StdoutLine: {'line': b'-- Up-to-date: /home/raytech/repos/drone_ai_sim/install/ares_interfaces/include/ares_interfaces/ares_interfaces/msg\n'}
[4.419876] (ares_interfaces) StdoutLine: {'line': b'-- Up-to-date: /home/raytech/repos/drone_ai_sim/install/ares_interfaces/include/ares_interfaces/ares_interfaces/msg/detail\n'}
[4.419896] (ares_interfaces) StdoutLine: {'line': b'-- Installing: /home/raytech/repos/drone_ai_sim/install/ares_interfaces/include/ares_interfaces/ares_interfaces/msg/detail/sensed_object__rosidl_typesupport_introspection_cpp.hpp\n'}
[4.419916] (ares_interfaces) StdoutLine: {'line': b'-- Installing: /home/raytech/repos/drone_ai_sim/install/ares_interfaces/include/ares_interfaces/ares_interfaces/msg/detail/sensed_object__type_support.cpp\n'}
[4.419939] (ares_interfaces) StdoutLine: {'line': b'-- Up-to-date: /home/raytech/repos/drone_ai_sim/install/ares_interfaces/include/ares_interfaces/ares_interfaces/srv\n'}
[4.419959] (ares_interfaces) StdoutLine: {'line': b'-- Up-to-date: /home/raytech/repos/drone_ai_sim/install/ares_interfaces/include/ares_interfaces/ares_interfaces/srv/detail\n'}
[4.419979] (ares_interfaces) StdoutLine: {'line': b'-- Installing: /home/raytech/repos/drone_ai_sim/install/ares_interfaces/include/ares_interfaces/ares_interfaces/srv/detail/detect_objects__rosidl_typesupport_introspection_cpp.hpp\n'}
[4.420180] (ares_interfaces) StdoutLine: {'line': b'-- Installing: /home/raytech/repos/drone_ai_sim/install/ares_interfaces/include/ares_interfaces/ares_interfaces/srv/detail/detect_objects__type_support.cpp\n'}
[4.420263] (ares_interfaces) StdoutLine: {'line': b'-- Installing: /home/raytech/repos/drone_ai_sim/install/ares_interfaces/lib/libares_interfaces__rosidl_typesupport_introspection_cpp.so\n'}
[4.420348] (ares_interfaces) StdoutLine: {'line': b'-- Set non-toolchain portion of runtime path of "/home/raytech/repos/drone_ai_sim/install/ares_interfaces/lib/libares_interfaces__rosidl_typesupport_introspection_cpp.so" to ""\n'}
[4.420442] (ares_interfaces) StdoutLine: {'line': b'-- Installing: /home/raytech/repos/drone_ai_sim/install/ares_interfaces/lib/libares_interfaces__rosidl_typesupport_cpp.so\n'}
[4.420464] (ares_interfaces) StdoutLine: {'line': b'-- Set non-toolchain portion of runtime path of "/home/raytech/repos/drone_ai_sim/install/ares_interfaces/lib/libares_interfaces__rosidl_typesupport_cpp.so" to ""\n'}
[4.420488] (ares_interfaces) StdoutLine: {'line': b'-- Installing: /home/raytech/repos/drone_ai_sim/install/ares_interfaces/share/ares_interfaces/environment/pythonpath.sh\n'}
[4.420507] (ares_interfaces) StdoutLine: {'line': b'-- Installing: /home/raytech/repos/drone_ai_sim/install/ares_interfaces/share/ares_interfaces/environment/pythonpath.dsv\n'}
[4.420529] (ares_interfaces) StdoutLine: {'line': b'-- Installing: /home/raytech/repos/drone_ai_sim/install/ares_interfaces/lib/python3.12/site-packages/ares_interfaces-0.0.1-py3.12.egg-info\n'}
[4.420549] (ares_interfaces) StdoutLine: {'line': b'-- Installing: /home/raytech/repos/drone_ai_sim/install/ares_interfaces/lib/python3.12/site-packages/ares_interfaces-0.0.1-py3.12.egg-info/top_level.txt\n'}
[4.420569] (ares_interfaces) StdoutLine: {'line': b'-- Installing: /home/raytech/repos/drone_ai_sim/install/ares_interfaces/lib/python3.12/site-packages/ares_interfaces-0.0.1-py3.12.egg-info/PKG-INFO\n'}
[4.420589] (ares_interfaces) StdoutLine: {'line': b'-- Installing: /home/raytech/repos/drone_ai_sim/install/ares_interfaces/lib/python3.12/site-packages/ares_interfaces-0.0.1-py3.12.egg-info/SOURCES.txt\n'}
[4.420609] (ares_interfaces) StdoutLine: {'line': b'-- Installing: /home/raytech/repos/drone_ai_sim/install/ares_interfaces/lib/python3.12/site-packages/ares_interfaces-0.0.1-py3.12.egg-info/dependency_links.txt\n'}
[4.420628] (ares_interfaces) StdoutLine: {'line': b'-- Installing: /home/raytech/repos/drone_ai_sim/install/ares_interfaces/lib/python3.12/site-packages/ares_interfaces\n'}
[4.420647] (ares_interfaces) StdoutLine: {'line': b'-- Installing: /home/raytech/repos/drone_ai_sim/install/ares_interfaces/lib/python3.12/site-packages/ares_interfaces/__init__.py\n'}
[4.420667] (ares_interfaces) StdoutLine: {'line': b'-- Installing: /home/raytech/repos/drone_ai_sim/install/ares_interfaces/lib/python3.12/site-packages/ares_interfaces/_ares_interfaces_s.ep.rosidl_typesupport_introspection_c.c\n'}
[4.420687] (ares_interfaces) StdoutLine: {'line': b'-- Installing: /home/raytech/repos/drone_ai_sim/install/ares_interfaces/lib/python3.12/site-packages/ares_interfaces/ares_interfaces_s__rosidl_typesupport_c.so\n'}
[4.420706] (ares_interfaces) StdoutLine: {'line': b'-- Installing: /home/raytech/repos/drone_ai_sim/install/ares_interfaces/lib/python3.12/site-packages/ares_interfaces/ares_interfaces_s__rosidl_typesupport_fastrtps_c.so\n'}
[4.420725] (ares_interfaces) StdoutLine: {'line': b'-- Installing: /home/raytech/repos/drone_ai_sim/install/ares_interfaces/lib/python3.12/site-packages/ares_interfaces/_ares_interfaces_s.ep.rosidl_typesupport_fastrtps_c.c\n'}
[4.420745] (ares_interfaces) StdoutLine: {'line': b'-- Installing: /home/raytech/repos/drone_ai_sim/install/ares_interfaces/lib/python3.12/site-packages/ares_interfaces/_ares_interfaces_s.ep.rosidl_typesupport_c.c\n'}
[4.420765] (ares_interfaces) StdoutLine: {'line': b'-- Installing: /home/raytech/repos/drone_ai_sim/install/ares_interfaces/lib/python3.12/site-packages/ares_interfaces/ares_interfaces_s__rosidl_typesupport_introspection_c.so\n'}
[4.420784] (ares_interfaces) StdoutLine: {'line': b'-- Installing: /home/raytech/repos/drone_ai_sim/install/ares_interfaces/lib/python3.12/site-packages/ares_interfaces/msg\n'}
[4.420804] (ares_interfaces) StdoutLine: {'line': b'-- Installing: /home/raytech/repos/drone_ai_sim/install/ares_interfaces/lib/python3.12/site-packages/ares_interfaces/msg/__init__.py\n'}
[4.420823] (ares_interfaces) StdoutLine: {'line': b'-- Installing: /home/raytech/repos/drone_ai_sim/install/ares_interfaces/lib/python3.12/site-packages/ares_interfaces/msg/_sensed_object.py\n'}
[4.420842] (ares_interfaces) StdoutLine: {'line': b'-- Installing: /home/raytech/repos/drone_ai_sim/install/ares_interfaces/lib/python3.12/site-packages/ares_interfaces/msg/_sensed_object_s.c\n'}
[4.420861] (ares_interfaces) StdoutLine: {'line': b'-- Installing: /home/raytech/repos/drone_ai_sim/install/ares_interfaces/lib/python3.12/site-packages/ares_interfaces/srv\n'}
[4.420892] (ares_interfaces) StdoutLine: {'line': b'-- Installing: /home/raytech/repos/drone_ai_sim/install/ares_interfaces/lib/python3.12/site-packages/ares_interfaces/srv/__init__.py\n'}
[4.420916] (ares_interfaces) StdoutLine: {'line': b'-- Installing: /home/raytech/repos/drone_ai_sim/install/ares_interfaces/lib/python3.12/site-packages/ares_interfaces/srv/_detect_objects_s.c\n'}
[4.420936] (ares_interfaces) StdoutLine: {'line': b'-- Installing: /home/raytech/repos/drone_ai_sim/install/ares_interfaces/lib/python3.12/site-packages/ares_interfaces/srv/_detect_objects.py\n'}
[4.423368] (-) TimerEvent: {}
[4.443040] (ares_interfaces) StdoutLine: {'line': b"Listing '/home/raytech/repos/drone_ai_sim/install/ares_interfaces/lib/python3.12/site-packages/ares_interfaces'...\n"}
[4.443215] (ares_interfaces) StdoutLine: {'line': b"Compiling '/home/raytech/repos/drone_ai_sim/install/ares_interfaces/lib/python3.12/site-packages/ares_interfaces/__init__.py'...\n"}
[4.443241] (ares_interfaces) StdoutLine: {'line': b"Listing '/home/raytech/repos/drone_ai_sim/install/ares_interfaces/lib/python3.12/site-packages/ares_interfaces/msg'...\n"}
[4.443263] (ares_interfaces) StdoutLine: {'line': b"Compiling '/home/raytech/repos/drone_ai_sim/install/ares_interfaces/lib/python3.12/site-packages/ares_interfaces/msg/__init__.py'...\n"}
[4.443284] (ares_interfaces) StdoutLine: {'line': b"Compiling '/home/raytech/repos/drone_ai_sim/install/ares_interfaces/lib/python3.12/site-packages/ares_interfaces/msg/_sensed_object.py'...\n"}
[4.443304] (ares_interfaces) StdoutLine: {'line': b"Listing '/home/raytech/repos/drone_ai_sim/install/ares_interfaces/lib/python3.12/site-packages/ares_interfaces/srv'...\n"}
[4.443325] (ares_interfaces) StdoutLine: {'line': b"Compiling '/home/raytech/repos/drone_ai_sim/install/ares_interfaces/lib/python3.12/site-packages/ares_interfaces/srv/__init__.py'...\n"}
[4.443345] (ares_interfaces) StdoutLine: {'line': b"Compiling '/home/raytech/repos/drone_ai_sim/install/ares_interfaces/lib/python3.12/site-packages/ares_interfaces/srv/_detect_objects.py'...\n"}
[4.447639] (ares_interfaces) StdoutLine: {'line': b'-- Installing: /home/raytech/repos/drone_ai_sim/install/ares_interfaces/lib/python3.12/site-packages/ares_interfaces/ares_interfaces_s__rosidl_typesupport_fastrtps_c.so\n'}
[4.447798] (ares_interfaces) StdoutLine: {'line': b'-- Set non-toolchain portion of runtime path of "/home/raytech/repos/drone_ai_sim/install/ares_interfaces/lib/python3.12/site-packages/ares_interfaces/ares_interfaces_s__rosidl_typesupport_fastrtps_c.so" to ""\n'}
[4.447912] (ares_interfaces) StdoutLine: {'line': b'-- Installing: /home/raytech/repos/drone_ai_sim/install/ares_interfaces/lib/python3.12/site-packages/ares_interfaces/ares_interfaces_s__rosidl_typesupport_introspection_c.so\n'}
[4.448049] (ares_interfaces) StdoutLine: {'line': b'-- Set non-toolchain portion of runtime path of "/home/raytech/repos/drone_ai_sim/install/ares_interfaces/lib/python3.12/site-packages/ares_interfaces/ares_interfaces_s__rosidl_typesupport_introspection_c.so" to ""\n'}
[4.448177] (ares_interfaces) StdoutLine: {'line': b'-- Installing: /home/raytech/repos/drone_ai_sim/install/ares_interfaces/lib/python3.12/site-packages/ares_interfaces/ares_interfaces_s__rosidl_typesupport_c.so\n'}
[4.448386] (ares_interfaces) StdoutLine: {'line': b'-- Set non-toolchain portion of runtime path of "/home/raytech/repos/drone_ai_sim/install/ares_interfaces/lib/python3.12/site-packages/ares_interfaces/ares_interfaces_s__rosidl_typesupport_c.so" to ""\n'}
[4.448436] (ares_interfaces) StdoutLine: {'line': b'-- Installing: /home/raytech/repos/drone_ai_sim/install/ares_interfaces/lib/libares_interfaces__rosidl_generator_py.so\n'}
[4.448675] (ares_interfaces) StdoutLine: {'line': b'-- Set non-toolchain portion of runtime path of "/home/raytech/repos/drone_ai_sim/install/ares_interfaces/lib/libares_interfaces__rosidl_generator_py.so" to ""\n'}
[4.448721] (ares_interfaces) StdoutLine: {'line': b'-- Installing: /home/raytech/repos/drone_ai_sim/install/ares_interfaces/share/ares_interfaces/msg/SensedObject.idl\n'}
[4.448842] (ares_interfaces) StdoutLine: {'line': b'-- Installing: /home/raytech/repos/drone_ai_sim/install/ares_interfaces/share/ares_interfaces/srv/DetectObjects.idl\n'}
[4.448898] (ares_interfaces) StdoutLine: {'line': b'-- Installing: /home/raytech/repos/drone_ai_sim/install/ares_interfaces/share/ares_interfaces/msg/SensedObject.msg\n'}
[4.448987] (ares_interfaces) StdoutLine: {'line': b'-- Installing: /home/raytech/repos/drone_ai_sim/install/ares_interfaces/share/ares_interfaces/srv/DetectObjects.srv\n'}
[4.449018] (ares_interfaces) StdoutLine: {'line': b'-- Installing: /home/raytech/repos/drone_ai_sim/install/ares_interfaces/share/ament_index/resource_index/package_run_dependencies/ares_interfaces\n'}
[4.449076] (ares_interfaces) StdoutLine: {'line': b'-- Installing: /home/raytech/repos/drone_ai_sim/install/ares_interfaces/share/ament_index/resource_index/parent_prefix_path/ares_interfaces\n'}
[4.449098] (ares_interfaces) StdoutLine: {'line': b'-- Installing: /home/raytech/repos/drone_ai_sim/install/ares_interfaces/share/ares_interfaces/environment/ament_prefix_path.sh\n'}
[4.449146] (ares_interfaces) StdoutLine: {'line': b'-- Installing: /home/raytech/repos/drone_ai_sim/install/ares_interfaces/share/ares_interfaces/environment/ament_prefix_path.dsv\n'}
[4.449292] (ares_interfaces) StdoutLine: {'line': b'-- Installing: /home/raytech/repos/drone_ai_sim/install/ares_interfaces/share/ares_interfaces/environment/path.sh\n'}
[4.449357] (ares_interfaces) StdoutLine: {'line': b'-- Installing: /home/raytech/repos/drone_ai_sim/install/ares_interfaces/share/ares_interfaces/environment/path.dsv\n'}
[4.449380] (ares_interfaces) StdoutLine: {'line': b'-- Installing: /home/raytech/repos/drone_ai_sim/install/ares_interfaces/share/ares_interfaces/local_setup.bash\n'}
[4.449468] (ares_interfaces) StdoutLine: {'line': b'-- Installing: /home/raytech/repos/drone_ai_sim/install/ares_interfaces/share/ares_interfaces/local_setup.sh\n'}
[4.449523] (ares_interfaces) StdoutLine: {'line': b'-- Installing: /home/raytech/repos/drone_ai_sim/install/ares_interfaces/share/ares_interfaces/local_setup.zsh\n'}
[4.449567] (ares_interfaces) StdoutLine: {'line': b'-- Installing: /home/raytech/repos/drone_ai_sim/install/ares_interfaces/share/ares_interfaces/local_setup.dsv\n'}
[4.449597] (ares_interfaces) StdoutLine: {'line': b'-- Installing: /home/raytech/repos/drone_ai_sim/install/ares_interfaces/share/ares_interfaces/package.dsv\n'}
[4.449687] (ares_interfaces) StdoutLine: {'line': b'-- Installing: /home/raytech/repos/drone_ai_sim/install/ares_interfaces/share/ament_index/resource_index/packages/ares_interfaces\n'}
[4.449725] (ares_interfaces) StdoutLine: {'line': b'-- Installing: /home/raytech/repos/drone_ai_sim/install/ares_interfaces/share/ares_interfaces/cmake/export_ares_interfaces__rosidl_generator_cExport.cmake\n'}
[4.449749] (ares_interfaces) StdoutLine: {'line': b'-- Installing: /home/raytech/repos/drone_ai_sim/install/ares_interfaces/share/ares_interfaces/cmake/export_ares_interfaces__rosidl_generator_cExport-noconfig.cmake\n'}
[4.449914] (ares_interfaces) StdoutLine: {'line': b'-- Installing: /home/raytech/repos/drone_ai_sim/install/ares_interfaces/share/ares_interfaces/cmake/export_ares_interfaces__rosidl_typesupport_fastrtps_cExport.cmake\n'}
[4.450009] (ares_interfaces) StdoutLine: {'line': b'-- Installing: /home/raytech/repos/drone_ai_sim/install/ares_interfaces/share/ares_interfaces/cmake/export_ares_interfaces__rosidl_typesupport_fastrtps_cExport-noconfig.cmake\n'}
[4.450076] (ares_interfaces) StdoutLine: {'line': b'-- Installing: /home/raytech/repos/drone_ai_sim/install/ares_interfaces/share/ares_interfaces/cmake/ares_interfaces__rosidl_typesupport_introspection_cExport.cmake\n'}
[4.450145] (ares_interfaces) StdoutLine: {'line': b'-- Installing: /home/raytech/repos/drone_ai_sim/install/ares_interfaces/share/ares_interfaces/cmake/ares_interfaces__rosidl_typesupport_introspection_cExport-noconfig.cmake\n'}
[4.450264] (ares_interfaces) StdoutLine: {'line': b'-- Installing: /home/raytech/repos/drone_ai_sim/install/ares_interfaces/share/ares_interfaces/cmake/ares_interfaces__rosidl_typesupport_cExport.cmake\n'}
[4.450355] (ares_interfaces) StdoutLine: {'line': b'-- Installing: /home/raytech/repos/drone_ai_sim/install/ares_interfaces/share/ares_interfaces/cmake/ares_interfaces__rosidl_typesupport_cExport-noconfig.cmake\n'}
[4.450446] (ares_interfaces) StdoutLine: {'line': b'-- Installing: /home/raytech/repos/drone_ai_sim/install/ares_interfaces/share/ares_interfaces/cmake/export_ares_interfaces__rosidl_generator_cppExport.cmake\n'}
[4.450577] (ares_interfaces) StdoutLine: {'line': b'-- Installing: /home/raytech/repos/drone_ai_sim/install/ares_interfaces/share/ares_interfaces/cmake/export_ares_interfaces__rosidl_typesupport_fastrtps_cppExport.cmake\n'}
[4.450634] (ares_interfaces) StdoutLine: {'line': b'-- Installing: /home/raytech/repos/drone_ai_sim/install/ares_interfaces/share/ares_interfaces/cmake/export_ares_interfaces__rosidl_typesupport_fastrtps_cppExport-noconfig.cmake\n'}
[4.450659] (ares_interfaces) StdoutLine: {'line': b'-- Installing: /home/raytech/repos/drone_ai_sim/install/ares_interfaces/share/ares_interfaces/cmake/ares_interfaces__rosidl_typesupport_introspection_cppExport.cmake\n'}
[4.450687] (ares_interfaces) StdoutLine: {'line': b'-- Installing: /home/raytech/repos/drone_ai_sim/install/ares_interfaces/share/ares_interfaces/cmake/ares_interfaces__rosidl_typesupport_introspection_cppExport-noconfig.cmake\n'}
[4.450734] (ares_interfaces) StdoutLine: {'line': b'-- Installing: /home/raytech/repos/drone_ai_sim/install/ares_interfaces/share/ares_interfaces/cmake/ares_interfaces__rosidl_typesupport_cppExport.cmake\n'}
[4.450829] (ares_interfaces) StdoutLine: {'line': b'-- Installing: /home/raytech/repos/drone_ai_sim/install/ares_interfaces/share/ares_interfaces/cmake/ares_interfaces__rosidl_typesupport_cppExport-noconfig.cmake\n'}
[4.450868] (ares_interfaces) StdoutLine: {'line': b'-- Installing: /home/raytech/repos/drone_ai_sim/install/ares_interfaces/share/ares_interfaces/cmake/export_ares_interfaces__rosidl_generator_pyExport.cmake\n'}
[4.450913] (ares_interfaces) StdoutLine: {'line': b'-- Installing: /home/raytech/repos/drone_ai_sim/install/ares_interfaces/share/ares_interfaces/cmake/export_ares_interfaces__rosidl_generator_pyExport-noconfig.cmake\n'}
[4.450956] (ares_interfaces) StdoutLine: {'line': b'-- Installing: /home/raytech/repos/drone_ai_sim/install/ares_interfaces/share/ares_interfaces/cmake/rosidl_cmake-extras.cmake\n'}
[4.450977] (ares_interfaces) StdoutLine: {'line': b'-- Installing: /home/raytech/repos/drone_ai_sim/install/ares_interfaces/share/ares_interfaces/cmake/ament_cmake_export_dependencies-extras.cmake\n'}
[4.451085] (ares_interfaces) StdoutLine: {'line': b'-- Installing: /home/raytech/repos/drone_ai_sim/install/ares_interfaces/share/ares_interfaces/cmake/ament_cmake_export_include_directories-extras.cmake\n'}
[4.451162] (ares_interfaces) StdoutLine: {'line': b'-- Installing: /home/raytech/repos/drone_ai_sim/install/ares_interfaces/share/ares_interfaces/cmake/ament_cmake_export_libraries-extras.cmake\n'}
[4.451195] (ares_interfaces) StdoutLine: {'line': b'-- Installing: /home/raytech/repos/drone_ai_sim/install/ares_interfaces/share/ares_interfaces/cmake/ament_cmake_export_targets-extras.cmake\n'}
[4.451223] (ares_interfaces) StdoutLine: {'line': b'-- Installing: /home/raytech/repos/drone_ai_sim/install/ares_interfaces/share/ares_interfaces/cmake/rosidl_cmake_export_typesupport_targets-extras.cmake\n'}
[4.451245] (ares_interfaces) StdoutLine: {'line': b'-- Installing: /home/raytech/repos/drone_ai_sim/install/ares_interfaces/share/ares_interfaces/cmake/rosidl_cmake_export_typesupport_libraries-extras.cmake\n'}
[4.451265] (ares_interfaces) StdoutLine: {'line': b'-- Installing: /home/raytech/repos/drone_ai_sim/install/ares_interfaces/share/ares_interfaces/cmake/ares_interfacesConfig.cmake\n'}
[4.451286] (ares_interfaces) StdoutLine: {'line': b'-- Installing: /home/raytech/repos/drone_ai_sim/install/ares_interfaces/share/ares_interfaces/cmake/ares_interfacesConfig-version.cmake\n'}
[4.451306] (ares_interfaces) StdoutLine: {'line': b'-- Installing: /home/raytech/repos/drone_ai_sim/install/ares_interfaces/share/ares_interfaces/package.xml\n'}
[4.452276] (ares_interfaces) CommandEnded: {'returncode': 0}
[4.466979] (ares_interfaces) JobEnded: {'identifier': 'ares_interfaces', 'rc': 0}
[4.467412] (-) EventReactorShutdown: {}
