[0.401s] Invoking command in '/home/raytech/repos/drone_ai_sim/build/drone_ai_sim_ros': DEBUGINFOD_URLS=https://debuginfod.ubuntu.com PYTHONPATH=/home/raytech/repos/drone_ai_sim/build/drone_ai_sim_ros/prefix_override:/usr/lib/python3/dist-packages/colcon_core/task/python/colcon_distutils_commands:/home/raytech/repos/drone_ai_sim/install/drone_ai_sim_ros/lib/python3.12/site-packages:/home/raytech/repos/drone_ai_sim/install/ares_interfaces/lib/python3.12/site-packages:/home/raytech/repos/drone_ai_sim/build/drone_ai_sim_ros:/home/raytech/repos/drone_ai_sim/install/drone_ai_sim_ros/lib/python3.12/site-packages:/opt/ros/jazzy/lib/python3.12/site-packages /usr/bin/python3 -W ignore:setup.py install is deprecated -W ignore:easy_install command is deprecated setup.py develop --uninstall --editable --build-directory /home/raytech/repos/drone_ai_sim/build/drone_ai_sim_ros/build
[0.540s] running develop
[0.629s] Removing /home/raytech/repos/drone_ai_sim/install/drone_ai_sim_ros/lib/python3.12/site-packages/drone-ai-sim-ros.egg-link (link to .)
[0.650s] Invoked command in '/home/raytech/repos/drone_ai_sim/build/drone_ai_sim_ros' returned '0': DEBUGINFOD_URLS=https://debuginfod.ubuntu.com PYTHONPATH=/home/raytech/repos/drone_ai_sim/build/drone_ai_sim_ros/prefix_override:/usr/lib/python3/dist-packages/colcon_core/task/python/colcon_distutils_commands:/home/raytech/repos/drone_ai_sim/install/drone_ai_sim_ros/lib/python3.12/site-packages:/home/raytech/repos/drone_ai_sim/install/ares_interfaces/lib/python3.12/site-packages:/home/raytech/repos/drone_ai_sim/build/drone_ai_sim_ros:/home/raytech/repos/drone_ai_sim/install/drone_ai_sim_ros/lib/python3.12/site-packages:/opt/ros/jazzy/lib/python3.12/site-packages /usr/bin/python3 -W ignore:setup.py install is deprecated -W ignore:easy_install command is deprecated setup.py develop --uninstall --editable --build-directory /home/raytech/repos/drone_ai_sim/build/drone_ai_sim_ros/build
[0.651s] Invoking command in '/home/raytech/repos/drone_ai_sim/drone_ai_sim_ros': DEBUGINFOD_URLS=https://debuginfod.ubuntu.com PYTHONPATH=/home/raytech/repos/drone_ai_sim/build/drone_ai_sim_ros/prefix_override:/usr/lib/python3/dist-packages/colcon_core/task/python/colcon_distutils_commands:/home/raytech/repos/drone_ai_sim/install/drone_ai_sim_ros/lib/python3.12/site-packages:/home/raytech/repos/drone_ai_sim/install/ares_interfaces/lib/python3.12/site-packages:/home/raytech/repos/drone_ai_sim/build/drone_ai_sim_ros:/home/raytech/repos/drone_ai_sim/install/drone_ai_sim_ros/lib/python3.12/site-packages:/opt/ros/jazzy/lib/python3.12/site-packages /usr/bin/python3 -W ignore:setup.py install is deprecated -W ignore:easy_install command is deprecated setup.py egg_info --egg-base ../build/drone_ai_sim_ros build --build-base /home/raytech/repos/drone_ai_sim/build/drone_ai_sim_ros/build install --record /home/raytech/repos/drone_ai_sim/build/drone_ai_sim_ros/install.log --single-version-externally-managed install_data --force
[0.773s] running egg_info
[0.781s] writing ../build/drone_ai_sim_ros/drone_ai_sim_ros.egg-info/PKG-INFO
[0.781s] writing dependency_links to ../build/drone_ai_sim_ros/drone_ai_sim_ros.egg-info/dependency_links.txt
[0.781s] writing entry points to ../build/drone_ai_sim_ros/drone_ai_sim_ros.egg-info/entry_points.txt
[0.781s] writing requirements to ../build/drone_ai_sim_ros/drone_ai_sim_ros.egg-info/requires.txt
[0.781s] writing top-level names to ../build/drone_ai_sim_ros/drone_ai_sim_ros.egg-info/top_level.txt
[0.799s] reading manifest file '../build/drone_ai_sim_ros/drone_ai_sim_ros.egg-info/SOURCES.txt'
[0.799s] writing manifest file '../build/drone_ai_sim_ros/drone_ai_sim_ros.egg-info/SOURCES.txt'
[0.799s] running build
[0.799s] running build_py
[0.799s] copying drone_ai_sim_ros/yolo_perception_node.py -> /home/raytech/repos/drone_ai_sim/build/drone_ai_sim_ros/build/lib/drone_ai_sim_ros
[0.800s] running install
[0.803s] running install_lib
[0.811s] creating /home/raytech/repos/drone_ai_sim/install/drone_ai_sim_ros/lib/python3.12/site-packages/drone_ai_sim_ros
[0.811s] copying /home/raytech/repos/drone_ai_sim/build/drone_ai_sim_ros/build/lib/drone_ai_sim_ros/__init__.py -> /home/raytech/repos/drone_ai_sim/install/drone_ai_sim_ros/lib/python3.12/site-packages/drone_ai_sim_ros
[0.811s] copying /home/raytech/repos/drone_ai_sim/build/drone_ai_sim_ros/build/lib/drone_ai_sim_ros/republish.py -> /home/raytech/repos/drone_ai_sim/install/drone_ai_sim_ros/lib/python3.12/site-packages/drone_ai_sim_ros
[0.811s] copying /home/raytech/repos/drone_ai_sim/build/drone_ai_sim_ros/build/lib/drone_ai_sim_ros/odom_tf_broadcaster.py -> /home/raytech/repos/drone_ai_sim/install/drone_ai_sim_ros/lib/python3.12/site-packages/drone_ai_sim_ros
[0.811s] copying /home/raytech/repos/drone_ai_sim/build/drone_ai_sim_ros/build/lib/drone_ai_sim_ros/pointcloud_websocket_bridge.py -> /home/raytech/repos/drone_ai_sim/install/drone_ai_sim_ros/lib/python3.12/site-packages/drone_ai_sim_ros
[0.811s] copying /home/raytech/repos/drone_ai_sim/build/drone_ai_sim_ros/build/lib/drone_ai_sim_ros/yolo_perception_node.py -> /home/raytech/repos/drone_ai_sim/install/drone_ai_sim_ros/lib/python3.12/site-packages/drone_ai_sim_ros
[0.812s] byte-compiling /home/raytech/repos/drone_ai_sim/install/drone_ai_sim_ros/lib/python3.12/site-packages/drone_ai_sim_ros/__init__.py to __init__.cpython-312.pyc
[0.812s] byte-compiling /home/raytech/repos/drone_ai_sim/install/drone_ai_sim_ros/lib/python3.12/site-packages/drone_ai_sim_ros/republish.py to republish.cpython-312.pyc
[0.812s] byte-compiling /home/raytech/repos/drone_ai_sim/install/drone_ai_sim_ros/lib/python3.12/site-packages/drone_ai_sim_ros/odom_tf_broadcaster.py to odom_tf_broadcaster.cpython-312.pyc
[0.813s] byte-compiling /home/raytech/repos/drone_ai_sim/install/drone_ai_sim_ros/lib/python3.12/site-packages/drone_ai_sim_ros/pointcloud_websocket_bridge.py to pointcloud_websocket_bridge.cpython-312.pyc
[0.815s] byte-compiling /home/raytech/repos/drone_ai_sim/install/drone_ai_sim_ros/lib/python3.12/site-packages/drone_ai_sim_ros/yolo_perception_node.py to yolo_perception_node.cpython-312.pyc
[0.816s] running install_data
[0.816s] copying resource/drone_ai_sim_ros -> /home/raytech/repos/drone_ai_sim/install/drone_ai_sim_ros/share/ament_index/resource_index/packages
[0.816s] copying package.xml -> /home/raytech/repos/drone_ai_sim/install/drone_ai_sim_ros/share/drone_ai_sim_ros
[0.816s] copying launch/orchestrate.launch.py -> /home/raytech/repos/drone_ai_sim/install/drone_ai_sim_ros/share/drone_ai_sim_ros/launch
[0.817s] running install_egg_info
[0.826s] Copying ../build/drone_ai_sim_ros/drone_ai_sim_ros.egg-info to /home/raytech/repos/drone_ai_sim/install/drone_ai_sim_ros/lib/python3.12/site-packages/drone_ai_sim_ros-0.0.0-py3.12.egg-info
[0.830s] running install_scripts
[0.887s] Installing odom_tf_broadcaster script to /home/raytech/repos/drone_ai_sim/install/drone_ai_sim_ros/lib/drone_ai_sim_ros
[0.888s] Installing pointcloud_websocket_bridge script to /home/raytech/repos/drone_ai_sim/install/drone_ai_sim_ros/lib/drone_ai_sim_ros
[0.888s] Installing republish script to /home/raytech/repos/drone_ai_sim/install/drone_ai_sim_ros/lib/drone_ai_sim_ros
[0.888s] Installing yolo_perception_node script to /home/raytech/repos/drone_ai_sim/install/drone_ai_sim_ros/lib/drone_ai_sim_ros
[0.888s] writing list of installed files to '/home/raytech/repos/drone_ai_sim/build/drone_ai_sim_ros/install.log'
[0.906s] Invoked command in '/home/raytech/repos/drone_ai_sim/drone_ai_sim_ros' returned '0': DEBUGINFOD_URLS=https://debuginfod.ubuntu.com PYTHONPATH=/home/raytech/repos/drone_ai_sim/build/drone_ai_sim_ros/prefix_override:/usr/lib/python3/dist-packages/colcon_core/task/python/colcon_distutils_commands:/home/raytech/repos/drone_ai_sim/install/drone_ai_sim_ros/lib/python3.12/site-packages:/home/raytech/repos/drone_ai_sim/install/ares_interfaces/lib/python3.12/site-packages:/home/raytech/repos/drone_ai_sim/build/drone_ai_sim_ros:/home/raytech/repos/drone_ai_sim/install/drone_ai_sim_ros/lib/python3.12/site-packages:/opt/ros/jazzy/lib/python3.12/site-packages /usr/bin/python3 -W ignore:setup.py install is deprecated -W ignore:easy_install command is deprecated setup.py egg_info --egg-base ../build/drone_ai_sim_ros build --build-base /home/raytech/repos/drone_ai_sim/build/drone_ai_sim_ros/build install --record /home/raytech/repos/drone_ai_sim/build/drone_ai_sim_ros/install.log --single-version-externally-managed install_data --force
