running develop
running egg_info
writing drone_ai_sim_ros.egg-info/PKG-INFO
writing dependency_links to drone_ai_sim_ros.egg-info/dependency_links.txt
writing entry points to drone_ai_sim_ros.egg-info/entry_points.txt
writing requirements to drone_ai_sim_ros.egg-info/requires.txt
writing top-level names to drone_ai_sim_ros.egg-info/top_level.txt
reading manifest file 'drone_ai_sim_ros.egg-info/SOURCES.txt'
writing manifest file 'drone_ai_sim_ros.egg-info/SOURCES.txt'
running build_ext
Creating /home/raytech/repos/drone_ai_sim/install/drone_ai_sim_ros/lib/python3.12/site-packages/drone-ai-sim-ros.egg-link (link to .)
Installing odom_tf_broadcaster script to /home/raytech/repos/drone_ai_sim/install/drone_ai_sim_ros/lib/drone_ai_sim_ros
Installing pointcloud_websocket_bridge script to /home/raytech/repos/drone_ai_sim/install/drone_ai_sim_ros/lib/drone_ai_sim_ros
Installing republish script to /home/raytech/repos/drone_ai_sim/install/drone_ai_sim_ros/lib/drone_ai_sim_ros
Installing yolo_perception_node script to /home/raytech/repos/drone_ai_sim/install/drone_ai_sim_ros/lib/drone_ai_sim_ros

Installed /home/raytech/repos/drone_ai_sim/build/drone_ai_sim_ros
running symlink_data
symbolically linking /home/raytech/repos/drone_ai_sim/build/drone_ai_sim_ros/resource/drone_ai_sim_ros -> /home/raytech/repos/drone_ai_sim/install/drone_ai_sim_ros/share/ament_index/resource_index/packages
symbolically linking /home/raytech/repos/drone_ai_sim/build/drone_ai_sim_ros/package.xml -> /home/raytech/repos/drone_ai_sim/install/drone_ai_sim_ros/share/drone_ai_sim_ros
symbolically linking /home/raytech/repos/drone_ai_sim/build/drone_ai_sim_ros/launch/orchestrate.launch.py -> /home/raytech/repos/drone_ai_sim/install/drone_ai_sim_ros/share/drone_ai_sim_ros/launch
