[0.495s] Invoking command in '/home/raytech/repos/drone_ai_sim/build/drone_ai_sim_ros': DEBUGINFOD_URLS=https://debuginfod.ubuntu.com PYTHONPATH=/home/raytech/repos/drone_ai_sim/build/drone_ai_sim_ros/prefix_override:/usr/lib/python3/dist-packages/colcon_core/task/python/colcon_distutils_commands:/home/raytech/repos/drone_ai_sim/install/drone_ai_sim_ros/lib/python3.12/site-packages:/home/raytech/repos/drone_ai_sim/install/ares_interfaces/lib/python3.12/site-packages:/home/raytech/repos/drone_ai_sim/install/drone_ai_sim_ros/lib/python3.12/site-packages:/opt/ros/jazzy/lib/python3.12/site-packages /usr/bin/python3 -W ignore:setup.py install is deprecated -W ignore:easy_install command is deprecated setup.py develop --editable --build-directory /home/raytech/repos/drone_ai_sim/build/drone_ai_sim_ros/build --no-deps symlink_data --force
[0.685s] running develop
[0.785s] running egg_info
[0.796s] writing drone_ai_sim_ros.egg-info/PKG-INFO
[0.796s] writing dependency_links to drone_ai_sim_ros.egg-info/dependency_links.txt
[0.800s] writing entry points to drone_ai_sim_ros.egg-info/entry_points.txt
[0.800s] writing requirements to drone_ai_sim_ros.egg-info/requires.txt
[0.800s] writing top-level names to drone_ai_sim_ros.egg-info/top_level.txt
[0.821s] reading manifest file 'drone_ai_sim_ros.egg-info/SOURCES.txt'
[0.821s] writing manifest file 'drone_ai_sim_ros.egg-info/SOURCES.txt'
[0.830s] running build_ext
[0.830s] Creating /home/raytech/repos/drone_ai_sim/install/drone_ai_sim_ros/lib/python3.12/site-packages/drone-ai-sim-ros.egg-link (link to .)
[0.830s] Installing odom_tf_broadcaster script to /home/raytech/repos/drone_ai_sim/install/drone_ai_sim_ros/lib/drone_ai_sim_ros
[0.830s] Installing pointcloud_websocket_bridge script to /home/raytech/repos/drone_ai_sim/install/drone_ai_sim_ros/lib/drone_ai_sim_ros
[0.830s] Installing republish script to /home/raytech/repos/drone_ai_sim/install/drone_ai_sim_ros/lib/drone_ai_sim_ros
[0.830s] Installing yolo_perception_node script to /home/raytech/repos/drone_ai_sim/install/drone_ai_sim_ros/lib/drone_ai_sim_ros
[0.835s] 
[0.835s] Installed /home/raytech/repos/drone_ai_sim/build/drone_ai_sim_ros
[0.835s] running symlink_data
[0.835s] symbolically linking /home/raytech/repos/drone_ai_sim/build/drone_ai_sim_ros/resource/drone_ai_sim_ros -> /home/raytech/repos/drone_ai_sim/install/drone_ai_sim_ros/share/ament_index/resource_index/packages
[0.835s] symbolically linking /home/raytech/repos/drone_ai_sim/build/drone_ai_sim_ros/package.xml -> /home/raytech/repos/drone_ai_sim/install/drone_ai_sim_ros/share/drone_ai_sim_ros
[0.835s] symbolically linking /home/raytech/repos/drone_ai_sim/build/drone_ai_sim_ros/launch/orchestrate.launch.py -> /home/raytech/repos/drone_ai_sim/install/drone_ai_sim_ros/share/drone_ai_sim_ros/launch
[0.859s] Invoked command in '/home/raytech/repos/drone_ai_sim/build/drone_ai_sim_ros' returned '0': DEBUGINFOD_URLS=https://debuginfod.ubuntu.com PYTHONPATH=/home/raytech/repos/drone_ai_sim/build/drone_ai_sim_ros/prefix_override:/usr/lib/python3/dist-packages/colcon_core/task/python/colcon_distutils_commands:/home/raytech/repos/drone_ai_sim/install/drone_ai_sim_ros/lib/python3.12/site-packages:/home/raytech/repos/drone_ai_sim/install/ares_interfaces/lib/python3.12/site-packages:/home/raytech/repos/drone_ai_sim/install/drone_ai_sim_ros/lib/python3.12/site-packages:/opt/ros/jazzy/lib/python3.12/site-packages /usr/bin/python3 -W ignore:setup.py install is deprecated -W ignore:easy_install command is deprecated setup.py develop --editable --build-directory /home/raytech/repos/drone_ai_sim/build/drone_ai_sim_ros/build --no-deps symlink_data --force
