[0.004s] Invoking command in '/home/raytech/repos/drone_ai_sim/build/ares_interfaces': CMAKE_PREFIX_PATH=${CMAKE_PREFIX_PATH}:/home/raytech/repos/drone_ai_sim/install/drone_ai_sim_ros:/opt/ros/jazzy DEBUGINFOD_URLS=https://debuginfod.ubuntu.com /usr/bin/cmake /home/raytech/repos/drone_ai_sim/ares_interfaces -DCMAKE_INSTALL_PREFIX=/home/raytech/repos/drone_ai_sim/install/ares_interfaces
[0.125s] -- The C compiler identification is GNU 13.3.0
[0.275s] -- The CXX compiler identification is GNU 13.3.0
[0.298s] -- Detecting C compiler ABI info
[0.364s] -- Detecting C compiler ABI info - done
[0.370s] -- Check for working C compiler: /usr/bin/cc - skipped
[0.370s] -- Detecting C compile features
[0.371s] -- Detecting C compile features - done
[0.380s] -- Detecting CXX compiler ABI info
[0.448s] -- Detecting CXX compiler ABI info - done
[0.454s] -- Check for working CXX compiler: /usr/bin/c++ - skipped
[0.454s] -- Detecting CXX compile features
[0.454s] -- Detecting CXX compile features - done
[0.461s] -- Found ament_cmake: 2.5.4 (/opt/ros/jazzy/share/ament_cmake/cmake)
[0.564s] -- Found Python3: /usr/bin/python3 (found version "3.12.3") found components: Interpreter 
[0.678s] -- Found rosidl_default_generators: 1.6.0 (/opt/ros/jazzy/share/rosidl_default_generators/cmake)
[0.685s] -- Using all available rosidl_typesupport_c: rosidl_typesupport_fastrtps_c;rosidl_typesupport_introspection_c
[0.754s] -- Using all available rosidl_typesupport_cpp: rosidl_typesupport_fastrtps_cpp;rosidl_typesupport_introspection_cpp
[0.811s] -- Found rosidl_adapter: 4.6.6 (/opt/ros/jazzy/share/rosidl_adapter/cmake)
[0.821s] -- Found geometry_msgs: 5.3.6 (/opt/ros/jazzy/share/geometry_msgs/cmake)
[1.275s] -- Found ament_cmake_ros: 0.12.0 (/opt/ros/jazzy/share/ament_cmake_ros/cmake)
[1.599s] -- Using all available rosidl_typesupport_c: rosidl_typesupport_fastrtps_c;rosidl_typesupport_introspection_c
[2.018s] -- Using all available rosidl_typesupport_cpp: rosidl_typesupport_fastrtps_cpp;rosidl_typesupport_introspection_cpp
[2.024s] -- Found python_cmake_module: 0.11.1 (/opt/ros/jazzy/share/python_cmake_module/cmake)
[2.108s] -- Found PythonExtra: /usr/bin/python3  
[2.453s] -- Found Python3: /usr/bin/python3 (found version "3.12.3") found components: Interpreter Development NumPy Development.Module Development.Embed 
[2.499s] -- Configuring done (2.5s)
[2.523s] -- Generating done (0.0s)
[2.532s] -- Build files have been written to: /home/raytech/repos/drone_ai_sim/build/ares_interfaces
[2.539s] Invoked command in '/home/raytech/repos/drone_ai_sim/build/ares_interfaces' returned '0': CMAKE_PREFIX_PATH=${CMAKE_PREFIX_PATH}:/home/raytech/repos/drone_ai_sim/install/drone_ai_sim_ros:/opt/ros/jazzy DEBUGINFOD_URLS=https://debuginfod.ubuntu.com /usr/bin/cmake /home/raytech/repos/drone_ai_sim/ares_interfaces -DCMAKE_INSTALL_PREFIX=/home/raytech/repos/drone_ai_sim/install/ares_interfaces
[2.540s] Invoking command in '/home/raytech/repos/drone_ai_sim/build/ares_interfaces': CMAKE_PREFIX_PATH=${CMAKE_PREFIX_PATH}:/home/raytech/repos/drone_ai_sim/install/drone_ai_sim_ros:/opt/ros/jazzy DEBUGINFOD_URLS=https://debuginfod.ubuntu.com /usr/bin/cmake --build /home/raytech/repos/drone_ai_sim/build/ares_interfaces -- -j10 -l10
[2.577s] [  2%] Generating type hashes for ROS interfaces
[2.583s] [  2%] Built target ament_cmake_python_copy_ares_interfaces
[2.704s] running egg_info
[2.705s] creating ares_interfaces.egg-info
[2.712s] writing ares_interfaces.egg-info/PKG-INFO
[2.712s] writing dependency_links to ares_interfaces.egg-info/dependency_links.txt
[2.712s] writing top-level names to ares_interfaces.egg-info/top_level.txt
[2.712s] writing manifest file 'ares_interfaces.egg-info/SOURCES.txt'
[2.713s] [  2%] Built target ares_interfaces__rosidl_generator_type_description
[2.721s] [  4%] Generating C code for ROS interfaces
[2.732s] [  6%] Generating C++ code for ROS interfaces
[2.741s] reading manifest file 'ares_interfaces.egg-info/SOURCES.txt'
[2.742s] writing manifest file 'ares_interfaces.egg-info/SOURCES.txt'
[2.768s] [  6%] Built target ament_cmake_python_build_ares_interfaces_egg
[2.949s] [  6%] Built target ares_interfaces__cpp
[2.955s] [  9%] Building C object CMakeFiles/ares_interfaces__rosidl_generator_c.dir/rosidl_generator_c/ares_interfaces/msg/detail/sensed_object__functions.c.o
[2.959s] [ 11%] Building C object CMakeFiles/ares_interfaces__rosidl_generator_c.dir/rosidl_generator_c/ares_interfaces/msg/detail/sensed_object__description.c.o
[2.959s] [ 13%] Building C object CMakeFiles/ares_interfaces__rosidl_generator_c.dir/rosidl_generator_c/ares_interfaces/msg/detail/sensed_object__type_support.c.o
[2.960s] [ 15%] Building C object CMakeFiles/ares_interfaces__rosidl_generator_c.dir/rosidl_generator_c/ares_interfaces/srv/detail/detect_objects__description.c.o
[2.961s] [ 18%] Building C object CMakeFiles/ares_interfaces__rosidl_generator_c.dir/rosidl_generator_c/ares_interfaces/srv/detail/detect_objects__functions.c.o
[2.962s] [ 20%] Building C object CMakeFiles/ares_interfaces__rosidl_generator_c.dir/rosidl_generator_c/ares_interfaces/srv/detail/detect_objects__type_support.c.o
[3.026s] [ 22%] Linking C shared library libares_interfaces__rosidl_generator_c.so
[3.053s] [ 22%] Built target ares_interfaces__rosidl_generator_c
[3.061s] [ 25%] Generating C type support for eProsima Fast-RTPS
[3.061s] [ 27%] Generating C type support dispatch for ROS interfaces
[3.061s] [ 29%] Generating C++ type support for eProsima Fast-RTPS
[3.061s] [ 31%] Generating C introspection for ROS interfaces
[3.061s] [ 34%] Generating C++ introspection for ROS interfaces
[3.070s] [ 36%] Generating C++ type support dispatch for ROS interfaces
[3.217s] [ 38%] Building CXX object CMakeFiles/ares_interfaces__rosidl_typesupport_c.dir/rosidl_typesupport_c/ares_interfaces/msg/sensed_object__type_support.cpp.o
[3.217s] [ 40%] Building CXX object CMakeFiles/ares_interfaces__rosidl_typesupport_c.dir/rosidl_typesupport_c/ares_interfaces/srv/detect_objects__type_support.cpp.o
[3.257s] [ 43%] Building C object CMakeFiles/ares_interfaces__rosidl_typesupport_introspection_c.dir/rosidl_typesupport_introspection_c/ares_interfaces/msg/detail/sensed_object__type_support.c.o
[3.257s] [ 45%] Building C object CMakeFiles/ares_interfaces__rosidl_typesupport_introspection_c.dir/rosidl_typesupport_introspection_c/ares_interfaces/srv/detail/detect_objects__type_support.c.o
[3.261s] [ 47%] Building CXX object CMakeFiles/ares_interfaces__rosidl_typesupport_introspection_cpp.dir/rosidl_typesupport_introspection_cpp/ares_interfaces/msg/detail/sensed_object__type_support.cpp.o
[3.270s] [ 50%] Building CXX object CMakeFiles/ares_interfaces__rosidl_typesupport_introspection_cpp.dir/rosidl_typesupport_introspection_cpp/ares_interfaces/srv/detail/detect_objects__type_support.cpp.o
[3.277s] [ 52%] Building CXX object CMakeFiles/ares_interfaces__rosidl_typesupport_fastrtps_c.dir/rosidl_typesupport_fastrtps_c/ares_interfaces/msg/detail/sensed_object__type_support_c.cpp.o
[3.277s] [ 54%] Building CXX object CMakeFiles/ares_interfaces__rosidl_typesupport_cpp.dir/rosidl_typesupport_cpp/ares_interfaces/msg/sensed_object__type_support.cpp.o
[3.278s] [ 56%] Building CXX object CMakeFiles/ares_interfaces__rosidl_typesupport_cpp.dir/rosidl_typesupport_cpp/ares_interfaces/srv/detect_objects__type_support.cpp.o
[3.293s] [ 59%] Linking CXX shared library libares_interfaces__rosidl_typesupport_c.so
[3.293s] [ 61%] Building CXX object CMakeFiles/ares_interfaces__rosidl_typesupport_fastrtps_c.dir/rosidl_typesupport_fastrtps_c/ares_interfaces/srv/detail/detect_objects__type_support_c.cpp.o
[3.306s] [ 63%] Linking C shared library libares_interfaces__rosidl_typesupport_introspection_c.so
[3.321s] [ 63%] Built target ares_interfaces__rosidl_typesupport_c
[3.329s] [ 63%] Built target ares_interfaces__rosidl_typesupport_introspection_c
[3.349s] [ 65%] Building CXX object CMakeFiles/ares_interfaces__rosidl_typesupport_fastrtps_cpp.dir/rosidl_typesupport_fastrtps_cpp/ares_interfaces/srv/detail/dds_fastrtps/detect_objects__type_support.cpp.o
[3.349s] [ 68%] Building CXX object CMakeFiles/ares_interfaces__rosidl_typesupport_fastrtps_cpp.dir/rosidl_typesupport_fastrtps_cpp/ares_interfaces/msg/detail/dds_fastrtps/sensed_object__type_support.cpp.o
[3.644s] [ 70%] Linking CXX shared library libares_interfaces__rosidl_typesupport_cpp.so
[3.710s] [ 70%] Built target ares_interfaces__rosidl_typesupport_cpp
[3.744s] [ 72%] Linking CXX shared library libares_interfaces__rosidl_typesupport_introspection_cpp.so
[3.785s] [ 75%] Linking CXX shared library libares_interfaces__rosidl_typesupport_fastrtps_c.so
[3.796s] [ 75%] Built target ares_interfaces__rosidl_typesupport_introspection_cpp
[3.830s] [ 75%] Built target ares_interfaces__rosidl_typesupport_fastrtps_c
[3.840s] [ 77%] Linking CXX shared library libares_interfaces__rosidl_typesupport_fastrtps_cpp.so
[3.885s] [ 77%] Built target ares_interfaces__rosidl_typesupport_fastrtps_cpp
[3.898s] [ 77%] Built target ares_interfaces
[3.912s] [ 79%] Generating Python code for ROS interfaces
[4.155s] [ 79%] Built target ares_interfaces__py
[4.166s] [ 84%] Building C object CMakeFiles/ares_interfaces__rosidl_generator_py.dir/rosidl_generator_py/ares_interfaces/srv/_detect_objects_s.c.o
[4.167s] [ 84%] Building C object CMakeFiles/ares_interfaces__rosidl_generator_py.dir/rosidl_generator_py/ares_interfaces/msg/_sensed_object_s.c.o
[4.263s] [ 86%] Linking C shared library libares_interfaces__rosidl_generator_py.so
[4.293s] [ 86%] Built target ares_interfaces__rosidl_generator_py
[4.305s] [ 90%] Building C object CMakeFiles/ares_interfaces_s__rosidl_typesupport_introspection_c.dir/rosidl_generator_py/ares_interfaces/_ares_interfaces_s.ep.rosidl_typesupport_introspection_c.c.o
[4.305s] [ 90%] Building C object CMakeFiles/ares_interfaces_s__rosidl_typesupport_c.dir/rosidl_generator_py/ares_interfaces/_ares_interfaces_s.ep.rosidl_typesupport_c.c.o
[4.311s] [ 93%] Building C object CMakeFiles/ares_interfaces_s__rosidl_typesupport_fastrtps_c.dir/rosidl_generator_py/ares_interfaces/_ares_interfaces_s.ep.rosidl_typesupport_fastrtps_c.c.o
[4.366s] [ 95%] Linking C shared module rosidl_generator_py/ares_interfaces/ares_interfaces_s__rosidl_typesupport_c.so
[4.370s] [ 97%] Linking C shared module rosidl_generator_py/ares_interfaces/ares_interfaces_s__rosidl_typesupport_introspection_c.so
[4.372s] [100%] Linking C shared module rosidl_generator_py/ares_interfaces/ares_interfaces_s__rosidl_typesupport_fastrtps_c.so
[4.389s] [100%] Built target ares_interfaces_s__rosidl_typesupport_c
[4.393s] [100%] Built target ares_interfaces_s__rosidl_typesupport_introspection_c
[4.395s] [100%] Built target ares_interfaces_s__rosidl_typesupport_fastrtps_c
[4.402s] Invoked command in '/home/raytech/repos/drone_ai_sim/build/ares_interfaces' returned '0': CMAKE_PREFIX_PATH=${CMAKE_PREFIX_PATH}:/home/raytech/repos/drone_ai_sim/install/drone_ai_sim_ros:/opt/ros/jazzy DEBUGINFOD_URLS=https://debuginfod.ubuntu.com /usr/bin/cmake --build /home/raytech/repos/drone_ai_sim/build/ares_interfaces -- -j10 -l10
[4.407s] Invoking command in '/home/raytech/repos/drone_ai_sim/build/ares_interfaces': CMAKE_PREFIX_PATH=${CMAKE_PREFIX_PATH}:/home/raytech/repos/drone_ai_sim/install/drone_ai_sim_ros:/opt/ros/jazzy DEBUGINFOD_URLS=https://debuginfod.ubuntu.com /usr/bin/cmake --install /home/raytech/repos/drone_ai_sim/build/ares_interfaces
[4.415s] -- Install configuration: ""
[4.415s] -- Installing: /home/raytech/repos/drone_ai_sim/install/ares_interfaces/share/ament_index/resource_index/rosidl_interfaces/ares_interfaces
[4.415s] -- Installing: /home/raytech/repos/drone_ai_sim/install/ares_interfaces/share/ares_interfaces/msg/SensedObject.json
[4.415s] -- Installing: /home/raytech/repos/drone_ai_sim/install/ares_interfaces/share/ares_interfaces/srv/DetectObjects.json
[4.415s] -- Installing: /home/raytech/repos/drone_ai_sim/install/ares_interfaces/include/ares_interfaces/ares_interfaces
[4.415s] -- Installing: /home/raytech/repos/drone_ai_sim/install/ares_interfaces/include/ares_interfaces/ares_interfaces/msg
[4.415s] -- Installing: /home/raytech/repos/drone_ai_sim/install/ares_interfaces/include/ares_interfaces/ares_interfaces/msg/detail
[4.415s] -- Installing: /home/raytech/repos/drone_ai_sim/install/ares_interfaces/include/ares_interfaces/ares_interfaces/msg/detail/sensed_object__type_support.c
[4.415s] -- Installing: /home/raytech/repos/drone_ai_sim/install/ares_interfaces/include/ares_interfaces/ares_interfaces/msg/detail/sensed_object__functions.h
[4.415s] -- Installing: /home/raytech/repos/drone_ai_sim/install/ares_interfaces/include/ares_interfaces/ares_interfaces/msg/detail/sensed_object__description.c
[4.415s] -- Installing: /home/raytech/repos/drone_ai_sim/install/ares_interfaces/include/ares_interfaces/ares_interfaces/msg/detail/sensed_object__functions.c
[4.416s] -- Installing: /home/raytech/repos/drone_ai_sim/install/ares_interfaces/include/ares_interfaces/ares_interfaces/msg/detail/sensed_object__struct.h
[4.416s] -- Installing: /home/raytech/repos/drone_ai_sim/install/ares_interfaces/include/ares_interfaces/ares_interfaces/msg/detail/sensed_object__type_support.h
[4.416s] -- Installing: /home/raytech/repos/drone_ai_sim/install/ares_interfaces/include/ares_interfaces/ares_interfaces/msg/rosidl_generator_c__visibility_control.h
[4.416s] -- Installing: /home/raytech/repos/drone_ai_sim/install/ares_interfaces/include/ares_interfaces/ares_interfaces/msg/sensed_object.h
[4.416s] -- Installing: /home/raytech/repos/drone_ai_sim/install/ares_interfaces/include/ares_interfaces/ares_interfaces/srv
[4.416s] -- Installing: /home/raytech/repos/drone_ai_sim/install/ares_interfaces/include/ares_interfaces/ares_interfaces/srv/detail
[4.416s] -- Installing: /home/raytech/repos/drone_ai_sim/install/ares_interfaces/include/ares_interfaces/ares_interfaces/srv/detail/detect_objects__functions.h
[4.416s] -- Installing: /home/raytech/repos/drone_ai_sim/install/ares_interfaces/include/ares_interfaces/ares_interfaces/srv/detail/detect_objects__type_support.h
[4.416s] -- Installing: /home/raytech/repos/drone_ai_sim/install/ares_interfaces/include/ares_interfaces/ares_interfaces/srv/detail/detect_objects__type_support.c
[4.416s] -- Installing: /home/raytech/repos/drone_ai_sim/install/ares_interfaces/include/ares_interfaces/ares_interfaces/srv/detail/detect_objects__struct.h
[4.416s] -- Installing: /home/raytech/repos/drone_ai_sim/install/ares_interfaces/include/ares_interfaces/ares_interfaces/srv/detail/detect_objects__functions.c
[4.416s] -- Installing: /home/raytech/repos/drone_ai_sim/install/ares_interfaces/include/ares_interfaces/ares_interfaces/srv/detail/detect_objects__description.c
[4.416s] -- Installing: /home/raytech/repos/drone_ai_sim/install/ares_interfaces/include/ares_interfaces/ares_interfaces/srv/detect_objects.h
[4.416s] -- Installing: /home/raytech/repos/drone_ai_sim/install/ares_interfaces/share/ares_interfaces/environment/library_path.sh
[4.416s] -- Installing: /home/raytech/repos/drone_ai_sim/install/ares_interfaces/share/ares_interfaces/environment/library_path.dsv
[4.417s] -- Installing: /home/raytech/repos/drone_ai_sim/install/ares_interfaces/lib/libares_interfaces__rosidl_generator_c.so
[4.417s] -- Set non-toolchain portion of runtime path of "/home/raytech/repos/drone_ai_sim/install/ares_interfaces/lib/libares_interfaces__rosidl_generator_c.so" to ""
[4.417s] -- Up-to-date: /home/raytech/repos/drone_ai_sim/install/ares_interfaces/include/ares_interfaces/ares_interfaces
[4.417s] -- Up-to-date: /home/raytech/repos/drone_ai_sim/install/ares_interfaces/include/ares_interfaces/ares_interfaces/msg
[4.417s] -- Up-to-date: /home/raytech/repos/drone_ai_sim/install/ares_interfaces/include/ares_interfaces/ares_interfaces/msg/detail
[4.417s] -- Installing: /home/raytech/repos/drone_ai_sim/install/ares_interfaces/include/ares_interfaces/ares_interfaces/msg/detail/sensed_object__rosidl_typesupport_fastrtps_c.h
[4.418s] -- Installing: /home/raytech/repos/drone_ai_sim/install/ares_interfaces/include/ares_interfaces/ares_interfaces/msg/rosidl_typesupport_fastrtps_c__visibility_control.h
[4.418s] -- Up-to-date: /home/raytech/repos/drone_ai_sim/install/ares_interfaces/include/ares_interfaces/ares_interfaces/srv
[4.418s] -- Up-to-date: /home/raytech/repos/drone_ai_sim/install/ares_interfaces/include/ares_interfaces/ares_interfaces/srv/detail
[4.418s] -- Installing: /home/raytech/repos/drone_ai_sim/install/ares_interfaces/include/ares_interfaces/ares_interfaces/srv/detail/detect_objects__rosidl_typesupport_fastrtps_c.h
[4.418s] -- Installing: /home/raytech/repos/drone_ai_sim/install/ares_interfaces/lib/libares_interfaces__rosidl_typesupport_fastrtps_c.so
[4.418s] -- Set non-toolchain portion of runtime path of "/home/raytech/repos/drone_ai_sim/install/ares_interfaces/lib/libares_interfaces__rosidl_typesupport_fastrtps_c.so" to ""
[4.418s] -- Up-to-date: /home/raytech/repos/drone_ai_sim/install/ares_interfaces/include/ares_interfaces/ares_interfaces
[4.418s] -- Up-to-date: /home/raytech/repos/drone_ai_sim/install/ares_interfaces/include/ares_interfaces/ares_interfaces/msg
[4.418s] -- Up-to-date: /home/raytech/repos/drone_ai_sim/install/ares_interfaces/include/ares_interfaces/ares_interfaces/msg/detail
[4.418s] -- Up-to-date: /home/raytech/repos/drone_ai_sim/install/ares_interfaces/include/ares_interfaces/ares_interfaces/msg/detail/sensed_object__type_support.c
[4.418s] -- Installing: /home/raytech/repos/drone_ai_sim/install/ares_interfaces/include/ares_interfaces/ares_interfaces/msg/detail/sensed_object__rosidl_typesupport_introspection_c.h
[4.418s] -- Installing: /home/raytech/repos/drone_ai_sim/install/ares_interfaces/include/ares_interfaces/ares_interfaces/msg/rosidl_typesupport_introspection_c__visibility_control.h
[4.418s] -- Up-to-date: /home/raytech/repos/drone_ai_sim/install/ares_interfaces/include/ares_interfaces/ares_interfaces/srv
[4.418s] -- Up-to-date: /home/raytech/repos/drone_ai_sim/install/ares_interfaces/include/ares_interfaces/ares_interfaces/srv/detail
[4.418s] -- Up-to-date: /home/raytech/repos/drone_ai_sim/install/ares_interfaces/include/ares_interfaces/ares_interfaces/srv/detail/detect_objects__type_support.c
[4.418s] -- Installing: /home/raytech/repos/drone_ai_sim/install/ares_interfaces/include/ares_interfaces/ares_interfaces/srv/detail/detect_objects__rosidl_typesupport_introspection_c.h
[4.418s] -- Installing: /home/raytech/repos/drone_ai_sim/install/ares_interfaces/lib/libares_interfaces__rosidl_typesupport_introspection_c.so
[4.418s] -- Set non-toolchain portion of runtime path of "/home/raytech/repos/drone_ai_sim/install/ares_interfaces/lib/libares_interfaces__rosidl_typesupport_introspection_c.so" to ""
[4.418s] -- Installing: /home/raytech/repos/drone_ai_sim/install/ares_interfaces/lib/libares_interfaces__rosidl_typesupport_c.so
[4.419s] -- Set non-toolchain portion of runtime path of "/home/raytech/repos/drone_ai_sim/install/ares_interfaces/lib/libares_interfaces__rosidl_typesupport_c.so" to ""
[4.419s] -- Up-to-date: /home/raytech/repos/drone_ai_sim/install/ares_interfaces/include/ares_interfaces/ares_interfaces
[4.419s] -- Up-to-date: /home/raytech/repos/drone_ai_sim/install/ares_interfaces/include/ares_interfaces/ares_interfaces/msg
[4.419s] -- Up-to-date: /home/raytech/repos/drone_ai_sim/install/ares_interfaces/include/ares_interfaces/ares_interfaces/msg/detail
[4.419s] -- Installing: /home/raytech/repos/drone_ai_sim/install/ares_interfaces/include/ares_interfaces/ares_interfaces/msg/detail/sensed_object__struct.hpp
[4.419s] -- Installing: /home/raytech/repos/drone_ai_sim/install/ares_interfaces/include/ares_interfaces/ares_interfaces/msg/detail/sensed_object__traits.hpp
[4.419s] -- Installing: /home/raytech/repos/drone_ai_sim/install/ares_interfaces/include/ares_interfaces/ares_interfaces/msg/detail/sensed_object__type_support.hpp
[4.419s] -- Installing: /home/raytech/repos/drone_ai_sim/install/ares_interfaces/include/ares_interfaces/ares_interfaces/msg/detail/sensed_object__builder.hpp
[4.419s] -- Installing: /home/raytech/repos/drone_ai_sim/install/ares_interfaces/include/ares_interfaces/ares_interfaces/msg/rosidl_generator_cpp__visibility_control.hpp
[4.419s] -- Installing: /home/raytech/repos/drone_ai_sim/install/ares_interfaces/include/ares_interfaces/ares_interfaces/msg/sensed_object.hpp
[4.419s] -- Up-to-date: /home/raytech/repos/drone_ai_sim/install/ares_interfaces/include/ares_interfaces/ares_interfaces/srv
[4.419s] -- Up-to-date: /home/raytech/repos/drone_ai_sim/install/ares_interfaces/include/ares_interfaces/ares_interfaces/srv/detail
[4.419s] -- Installing: /home/raytech/repos/drone_ai_sim/install/ares_interfaces/include/ares_interfaces/ares_interfaces/srv/detail/detect_objects__traits.hpp
[4.419s] -- Installing: /home/raytech/repos/drone_ai_sim/install/ares_interfaces/include/ares_interfaces/ares_interfaces/srv/detail/detect_objects__builder.hpp
[4.419s] -- Installing: /home/raytech/repos/drone_ai_sim/install/ares_interfaces/include/ares_interfaces/ares_interfaces/srv/detail/detect_objects__struct.hpp
[4.419s] -- Installing: /home/raytech/repos/drone_ai_sim/install/ares_interfaces/include/ares_interfaces/ares_interfaces/srv/detail/detect_objects__type_support.hpp
[4.419s] -- Installing: /home/raytech/repos/drone_ai_sim/install/ares_interfaces/include/ares_interfaces/ares_interfaces/srv/detect_objects.hpp
[4.419s] -- Up-to-date: /home/raytech/repos/drone_ai_sim/install/ares_interfaces/include/ares_interfaces/ares_interfaces
[4.419s] -- Up-to-date: /home/raytech/repos/drone_ai_sim/install/ares_interfaces/include/ares_interfaces/ares_interfaces/msg
[4.419s] -- Up-to-date: /home/raytech/repos/drone_ai_sim/install/ares_interfaces/include/ares_interfaces/ares_interfaces/msg/detail
[4.419s] -- Installing: /home/raytech/repos/drone_ai_sim/install/ares_interfaces/include/ares_interfaces/ares_interfaces/msg/detail/sensed_object__rosidl_typesupport_fastrtps_cpp.hpp
[4.419s] -- Installing: /home/raytech/repos/drone_ai_sim/install/ares_interfaces/include/ares_interfaces/ares_interfaces/msg/detail/dds_fastrtps
[4.419s] -- Installing: /home/raytech/repos/drone_ai_sim/install/ares_interfaces/include/ares_interfaces/ares_interfaces/msg/rosidl_typesupport_fastrtps_cpp__visibility_control.h
[4.419s] -- Up-to-date: /home/raytech/repos/drone_ai_sim/install/ares_interfaces/include/ares_interfaces/ares_interfaces/srv
[4.419s] -- Up-to-date: /home/raytech/repos/drone_ai_sim/install/ares_interfaces/include/ares_interfaces/ares_interfaces/srv/detail
[4.419s] -- Installing: /home/raytech/repos/drone_ai_sim/install/ares_interfaces/include/ares_interfaces/ares_interfaces/srv/detail/detect_objects__rosidl_typesupport_fastrtps_cpp.hpp
[4.419s] -- Installing: /home/raytech/repos/drone_ai_sim/install/ares_interfaces/include/ares_interfaces/ares_interfaces/srv/detail/dds_fastrtps
[4.420s] -- Installing: /home/raytech/repos/drone_ai_sim/install/ares_interfaces/lib/libares_interfaces__rosidl_typesupport_fastrtps_cpp.so
[4.420s] -- Set non-toolchain portion of runtime path of "/home/raytech/repos/drone_ai_sim/install/ares_interfaces/lib/libares_interfaces__rosidl_typesupport_fastrtps_cpp.so" to ""
[4.420s] -- Up-to-date: /home/raytech/repos/drone_ai_sim/install/ares_interfaces/include/ares_interfaces/ares_interfaces
[4.420s] -- Up-to-date: /home/raytech/repos/drone_ai_sim/install/ares_interfaces/include/ares_interfaces/ares_interfaces/msg
[4.420s] -- Up-to-date: /home/raytech/repos/drone_ai_sim/install/ares_interfaces/include/ares_interfaces/ares_interfaces/msg/detail
[4.420s] -- Installing: /home/raytech/repos/drone_ai_sim/install/ares_interfaces/include/ares_interfaces/ares_interfaces/msg/detail/sensed_object__rosidl_typesupport_introspection_cpp.hpp
[4.420s] -- Installing: /home/raytech/repos/drone_ai_sim/install/ares_interfaces/include/ares_interfaces/ares_interfaces/msg/detail/sensed_object__type_support.cpp
[4.420s] -- Up-to-date: /home/raytech/repos/drone_ai_sim/install/ares_interfaces/include/ares_interfaces/ares_interfaces/srv
[4.420s] -- Up-to-date: /home/raytech/repos/drone_ai_sim/install/ares_interfaces/include/ares_interfaces/ares_interfaces/srv/detail
[4.420s] -- Installing: /home/raytech/repos/drone_ai_sim/install/ares_interfaces/include/ares_interfaces/ares_interfaces/srv/detail/detect_objects__rosidl_typesupport_introspection_cpp.hpp
[4.420s] -- Installing: /home/raytech/repos/drone_ai_sim/install/ares_interfaces/include/ares_interfaces/ares_interfaces/srv/detail/detect_objects__type_support.cpp
[4.420s] -- Installing: /home/raytech/repos/drone_ai_sim/install/ares_interfaces/lib/libares_interfaces__rosidl_typesupport_introspection_cpp.so
[4.420s] -- Set non-toolchain portion of runtime path of "/home/raytech/repos/drone_ai_sim/install/ares_interfaces/lib/libares_interfaces__rosidl_typesupport_introspection_cpp.so" to ""
[4.420s] -- Installing: /home/raytech/repos/drone_ai_sim/install/ares_interfaces/lib/libares_interfaces__rosidl_typesupport_cpp.so
[4.420s] -- Set non-toolchain portion of runtime path of "/home/raytech/repos/drone_ai_sim/install/ares_interfaces/lib/libares_interfaces__rosidl_typesupport_cpp.so" to ""
[4.420s] -- Installing: /home/raytech/repos/drone_ai_sim/install/ares_interfaces/share/ares_interfaces/environment/pythonpath.sh
[4.420s] -- Installing: /home/raytech/repos/drone_ai_sim/install/ares_interfaces/share/ares_interfaces/environment/pythonpath.dsv
[4.420s] -- Installing: /home/raytech/repos/drone_ai_sim/install/ares_interfaces/lib/python3.12/site-packages/ares_interfaces-0.0.1-py3.12.egg-info
[4.420s] -- Installing: /home/raytech/repos/drone_ai_sim/install/ares_interfaces/lib/python3.12/site-packages/ares_interfaces-0.0.1-py3.12.egg-info/top_level.txt
[4.420s] -- Installing: /home/raytech/repos/drone_ai_sim/install/ares_interfaces/lib/python3.12/site-packages/ares_interfaces-0.0.1-py3.12.egg-info/PKG-INFO
[4.420s] -- Installing: /home/raytech/repos/drone_ai_sim/install/ares_interfaces/lib/python3.12/site-packages/ares_interfaces-0.0.1-py3.12.egg-info/SOURCES.txt
[4.420s] -- Installing: /home/raytech/repos/drone_ai_sim/install/ares_interfaces/lib/python3.12/site-packages/ares_interfaces-0.0.1-py3.12.egg-info/dependency_links.txt
[4.420s] -- Installing: /home/raytech/repos/drone_ai_sim/install/ares_interfaces/lib/python3.12/site-packages/ares_interfaces
[4.420s] -- Installing: /home/raytech/repos/drone_ai_sim/install/ares_interfaces/lib/python3.12/site-packages/ares_interfaces/__init__.py
[4.420s] -- Installing: /home/raytech/repos/drone_ai_sim/install/ares_interfaces/lib/python3.12/site-packages/ares_interfaces/_ares_interfaces_s.ep.rosidl_typesupport_introspection_c.c
[4.420s] -- Installing: /home/raytech/repos/drone_ai_sim/install/ares_interfaces/lib/python3.12/site-packages/ares_interfaces/ares_interfaces_s__rosidl_typesupport_c.so
[4.420s] -- Installing: /home/raytech/repos/drone_ai_sim/install/ares_interfaces/lib/python3.12/site-packages/ares_interfaces/ares_interfaces_s__rosidl_typesupport_fastrtps_c.so
[4.420s] -- Installing: /home/raytech/repos/drone_ai_sim/install/ares_interfaces/lib/python3.12/site-packages/ares_interfaces/_ares_interfaces_s.ep.rosidl_typesupport_fastrtps_c.c
[4.420s] -- Installing: /home/raytech/repos/drone_ai_sim/install/ares_interfaces/lib/python3.12/site-packages/ares_interfaces/_ares_interfaces_s.ep.rosidl_typesupport_c.c
[4.420s] -- Installing: /home/raytech/repos/drone_ai_sim/install/ares_interfaces/lib/python3.12/site-packages/ares_interfaces/ares_interfaces_s__rosidl_typesupport_introspection_c.so
[4.421s] -- Installing: /home/raytech/repos/drone_ai_sim/install/ares_interfaces/lib/python3.12/site-packages/ares_interfaces/msg
[4.421s] -- Installing: /home/raytech/repos/drone_ai_sim/install/ares_interfaces/lib/python3.12/site-packages/ares_interfaces/msg/__init__.py
[4.421s] -- Installing: /home/raytech/repos/drone_ai_sim/install/ares_interfaces/lib/python3.12/site-packages/ares_interfaces/msg/_sensed_object.py
[4.421s] -- Installing: /home/raytech/repos/drone_ai_sim/install/ares_interfaces/lib/python3.12/site-packages/ares_interfaces/msg/_sensed_object_s.c
[4.421s] -- Installing: /home/raytech/repos/drone_ai_sim/install/ares_interfaces/lib/python3.12/site-packages/ares_interfaces/srv
[4.421s] -- Installing: /home/raytech/repos/drone_ai_sim/install/ares_interfaces/lib/python3.12/site-packages/ares_interfaces/srv/__init__.py
[4.421s] -- Installing: /home/raytech/repos/drone_ai_sim/install/ares_interfaces/lib/python3.12/site-packages/ares_interfaces/srv/_detect_objects_s.c
[4.421s] -- Installing: /home/raytech/repos/drone_ai_sim/install/ares_interfaces/lib/python3.12/site-packages/ares_interfaces/srv/_detect_objects.py
[4.443s] Listing '/home/raytech/repos/drone_ai_sim/install/ares_interfaces/lib/python3.12/site-packages/ares_interfaces'...
[4.443s] Compiling '/home/raytech/repos/drone_ai_sim/install/ares_interfaces/lib/python3.12/site-packages/ares_interfaces/__init__.py'...
[4.443s] Listing '/home/raytech/repos/drone_ai_sim/install/ares_interfaces/lib/python3.12/site-packages/ares_interfaces/msg'...
[4.443s] Compiling '/home/raytech/repos/drone_ai_sim/install/ares_interfaces/lib/python3.12/site-packages/ares_interfaces/msg/__init__.py'...
[4.443s] Compiling '/home/raytech/repos/drone_ai_sim/install/ares_interfaces/lib/python3.12/site-packages/ares_interfaces/msg/_sensed_object.py'...
[4.443s] Listing '/home/raytech/repos/drone_ai_sim/install/ares_interfaces/lib/python3.12/site-packages/ares_interfaces/srv'...
[4.443s] Compiling '/home/raytech/repos/drone_ai_sim/install/ares_interfaces/lib/python3.12/site-packages/ares_interfaces/srv/__init__.py'...
[4.443s] Compiling '/home/raytech/repos/drone_ai_sim/install/ares_interfaces/lib/python3.12/site-packages/ares_interfaces/srv/_detect_objects.py'...
[4.447s] -- Installing: /home/raytech/repos/drone_ai_sim/install/ares_interfaces/lib/python3.12/site-packages/ares_interfaces/ares_interfaces_s__rosidl_typesupport_fastrtps_c.so
[4.448s] -- Set non-toolchain portion of runtime path of "/home/raytech/repos/drone_ai_sim/install/ares_interfaces/lib/python3.12/site-packages/ares_interfaces/ares_interfaces_s__rosidl_typesupport_fastrtps_c.so" to ""
[4.448s] -- Installing: /home/raytech/repos/drone_ai_sim/install/ares_interfaces/lib/python3.12/site-packages/ares_interfaces/ares_interfaces_s__rosidl_typesupport_introspection_c.so
[4.448s] -- Set non-toolchain portion of runtime path of "/home/raytech/repos/drone_ai_sim/install/ares_interfaces/lib/python3.12/site-packages/ares_interfaces/ares_interfaces_s__rosidl_typesupport_introspection_c.so" to ""
[4.448s] -- Installing: /home/raytech/repos/drone_ai_sim/install/ares_interfaces/lib/python3.12/site-packages/ares_interfaces/ares_interfaces_s__rosidl_typesupport_c.so
[4.448s] -- Set non-toolchain portion of runtime path of "/home/raytech/repos/drone_ai_sim/install/ares_interfaces/lib/python3.12/site-packages/ares_interfaces/ares_interfaces_s__rosidl_typesupport_c.so" to ""
[4.448s] -- Installing: /home/raytech/repos/drone_ai_sim/install/ares_interfaces/lib/libares_interfaces__rosidl_generator_py.so
[4.448s] -- Set non-toolchain portion of runtime path of "/home/raytech/repos/drone_ai_sim/install/ares_interfaces/lib/libares_interfaces__rosidl_generator_py.so" to ""
[4.449s] -- Installing: /home/raytech/repos/drone_ai_sim/install/ares_interfaces/share/ares_interfaces/msg/SensedObject.idl
[4.449s] -- Installing: /home/raytech/repos/drone_ai_sim/install/ares_interfaces/share/ares_interfaces/srv/DetectObjects.idl
[4.449s] -- Installing: /home/raytech/repos/drone_ai_sim/install/ares_interfaces/share/ares_interfaces/msg/SensedObject.msg
[4.449s] -- Installing: /home/raytech/repos/drone_ai_sim/install/ares_interfaces/share/ares_interfaces/srv/DetectObjects.srv
[4.449s] -- Installing: /home/raytech/repos/drone_ai_sim/install/ares_interfaces/share/ament_index/resource_index/package_run_dependencies/ares_interfaces
[4.449s] -- Installing: /home/raytech/repos/drone_ai_sim/install/ares_interfaces/share/ament_index/resource_index/parent_prefix_path/ares_interfaces
[4.449s] -- Installing: /home/raytech/repos/drone_ai_sim/install/ares_interfaces/share/ares_interfaces/environment/ament_prefix_path.sh
[4.449s] -- Installing: /home/raytech/repos/drone_ai_sim/install/ares_interfaces/share/ares_interfaces/environment/ament_prefix_path.dsv
[4.449s] -- Installing: /home/raytech/repos/drone_ai_sim/install/ares_interfaces/share/ares_interfaces/environment/path.sh
[4.449s] -- Installing: /home/raytech/repos/drone_ai_sim/install/ares_interfaces/share/ares_interfaces/environment/path.dsv
[4.449s] -- Installing: /home/raytech/repos/drone_ai_sim/install/ares_interfaces/share/ares_interfaces/local_setup.bash
[4.449s] -- Installing: /home/raytech/repos/drone_ai_sim/install/ares_interfaces/share/ares_interfaces/local_setup.sh
[4.449s] -- Installing: /home/raytech/repos/drone_ai_sim/install/ares_interfaces/share/ares_interfaces/local_setup.zsh
[4.449s] -- Installing: /home/raytech/repos/drone_ai_sim/install/ares_interfaces/share/ares_interfaces/local_setup.dsv
[4.449s] -- Installing: /home/raytech/repos/drone_ai_sim/install/ares_interfaces/share/ares_interfaces/package.dsv
[4.449s] -- Installing: /home/raytech/repos/drone_ai_sim/install/ares_interfaces/share/ament_index/resource_index/packages/ares_interfaces
[4.449s] -- Installing: /home/raytech/repos/drone_ai_sim/install/ares_interfaces/share/ares_interfaces/cmake/export_ares_interfaces__rosidl_generator_cExport.cmake
[4.449s] -- Installing: /home/raytech/repos/drone_ai_sim/install/ares_interfaces/share/ares_interfaces/cmake/export_ares_interfaces__rosidl_generator_cExport-noconfig.cmake
[4.450s] -- Installing: /home/raytech/repos/drone_ai_sim/install/ares_interfaces/share/ares_interfaces/cmake/export_ares_interfaces__rosidl_typesupport_fastrtps_cExport.cmake
[4.450s] -- Installing: /home/raytech/repos/drone_ai_sim/install/ares_interfaces/share/ares_interfaces/cmake/export_ares_interfaces__rosidl_typesupport_fastrtps_cExport-noconfig.cmake
[4.450s] -- Installing: /home/raytech/repos/drone_ai_sim/install/ares_interfaces/share/ares_interfaces/cmake/ares_interfaces__rosidl_typesupport_introspection_cExport.cmake
[4.450s] -- Installing: /home/raytech/repos/drone_ai_sim/install/ares_interfaces/share/ares_interfaces/cmake/ares_interfaces__rosidl_typesupport_introspection_cExport-noconfig.cmake
[4.450s] -- Installing: /home/raytech/repos/drone_ai_sim/install/ares_interfaces/share/ares_interfaces/cmake/ares_interfaces__rosidl_typesupport_cExport.cmake
[4.450s] -- Installing: /home/raytech/repos/drone_ai_sim/install/ares_interfaces/share/ares_interfaces/cmake/ares_interfaces__rosidl_typesupport_cExport-noconfig.cmake
[4.450s] -- Installing: /home/raytech/repos/drone_ai_sim/install/ares_interfaces/share/ares_interfaces/cmake/export_ares_interfaces__rosidl_generator_cppExport.cmake
[4.450s] -- Installing: /home/raytech/repos/drone_ai_sim/install/ares_interfaces/share/ares_interfaces/cmake/export_ares_interfaces__rosidl_typesupport_fastrtps_cppExport.cmake
[4.450s] -- Installing: /home/raytech/repos/drone_ai_sim/install/ares_interfaces/share/ares_interfaces/cmake/export_ares_interfaces__rosidl_typesupport_fastrtps_cppExport-noconfig.cmake
[4.450s] -- Installing: /home/raytech/repos/drone_ai_sim/install/ares_interfaces/share/ares_interfaces/cmake/ares_interfaces__rosidl_typesupport_introspection_cppExport.cmake
[4.450s] -- Installing: /home/raytech/repos/drone_ai_sim/install/ares_interfaces/share/ares_interfaces/cmake/ares_interfaces__rosidl_typesupport_introspection_cppExport-noconfig.cmake
[4.451s] -- Installing: /home/raytech/repos/drone_ai_sim/install/ares_interfaces/share/ares_interfaces/cmake/ares_interfaces__rosidl_typesupport_cppExport.cmake
[4.451s] -- Installing: /home/raytech/repos/drone_ai_sim/install/ares_interfaces/share/ares_interfaces/cmake/ares_interfaces__rosidl_typesupport_cppExport-noconfig.cmake
[4.451s] -- Installing: /home/raytech/repos/drone_ai_sim/install/ares_interfaces/share/ares_interfaces/cmake/export_ares_interfaces__rosidl_generator_pyExport.cmake
[4.451s] -- Installing: /home/raytech/repos/drone_ai_sim/install/ares_interfaces/share/ares_interfaces/cmake/export_ares_interfaces__rosidl_generator_pyExport-noconfig.cmake
[4.451s] -- Installing: /home/raytech/repos/drone_ai_sim/install/ares_interfaces/share/ares_interfaces/cmake/rosidl_cmake-extras.cmake
[4.451s] -- Installing: /home/raytech/repos/drone_ai_sim/install/ares_interfaces/share/ares_interfaces/cmake/ament_cmake_export_dependencies-extras.cmake
[4.451s] -- Installing: /home/raytech/repos/drone_ai_sim/install/ares_interfaces/share/ares_interfaces/cmake/ament_cmake_export_include_directories-extras.cmake
[4.451s] -- Installing: /home/raytech/repos/drone_ai_sim/install/ares_interfaces/share/ares_interfaces/cmake/ament_cmake_export_libraries-extras.cmake
[4.451s] -- Installing: /home/raytech/repos/drone_ai_sim/install/ares_interfaces/share/ares_interfaces/cmake/ament_cmake_export_targets-extras.cmake
[4.451s] -- Installing: /home/raytech/repos/drone_ai_sim/install/ares_interfaces/share/ares_interfaces/cmake/rosidl_cmake_export_typesupport_targets-extras.cmake
[4.451s] -- Installing: /home/raytech/repos/drone_ai_sim/install/ares_interfaces/share/ares_interfaces/cmake/rosidl_cmake_export_typesupport_libraries-extras.cmake
[4.451s] -- Installing: /home/raytech/repos/drone_ai_sim/install/ares_interfaces/share/ares_interfaces/cmake/ares_interfacesConfig.cmake
[4.451s] -- Installing: /home/raytech/repos/drone_ai_sim/install/ares_interfaces/share/ares_interfaces/cmake/ares_interfacesConfig-version.cmake
[4.451s] -- Installing: /home/raytech/repos/drone_ai_sim/install/ares_interfaces/share/ares_interfaces/package.xml
[4.452s] Invoked command in '/home/raytech/repos/drone_ai_sim/build/ares_interfaces' returned '0': CMAKE_PREFIX_PATH=${CMAKE_PREFIX_PATH}:/home/raytech/repos/drone_ai_sim/install/drone_ai_sim_ros:/opt/ros/jazzy DEBUGINFOD_URLS=https://debuginfod.ubuntu.com /usr/bin/cmake --install /home/raytech/repos/drone_ai_sim/build/ares_interfaces
