[0.447s] Invoking command in '/home/raytech/repos/drone_ai_sim/build/drone_ai_sim_ros': DEBUGINFOD_URLS=https://debuginfod.ubuntu.com PYTHONPATH=/home/raytech/repos/drone_ai_sim/build/drone_ai_sim_ros/prefix_override:/usr/lib/python3/dist-packages/colcon_core/task/python/colcon_distutils_commands:/home/raytech/repos/drone_ai_sim/install/drone_ai_sim_ros/lib/python3.12/site-packages:/home/raytech/repos/drone_ai_sim/install/ares_interfaces/lib/python3.12/site-packages:/home/raytech/repos/drone_ai_sim/build/drone_ai_sim_ros:/home/raytech/repos/drone_ai_sim/install/drone_ai_sim_ros/lib/python3.12/site-packages:/opt/ros/jazzy/lib/python3.12/site-packages /usr/bin/python3 -W ignore:setup.py install is deprecated -W ignore:easy_install command is deprecated setup.py develop --editable --build-directory /home/raytech/repos/drone_ai_sim/build/drone_ai_sim_ros/build --no-deps symlink_data
[0.625s] running develop
[0.725s] running egg_info
[0.738s] writing drone_ai_sim_ros.egg-info/PKG-INFO
[0.738s] writing dependency_links to drone_ai_sim_ros.egg-info/dependency_links.txt
[0.738s] writing entry points to drone_ai_sim_ros.egg-info/entry_points.txt
[0.738s] writing requirements to drone_ai_sim_ros.egg-info/requires.txt
[0.738s] writing top-level names to drone_ai_sim_ros.egg-info/top_level.txt
[0.756s] reading manifest file 'drone_ai_sim_ros.egg-info/SOURCES.txt'
[0.756s] writing manifest file 'drone_ai_sim_ros.egg-info/SOURCES.txt'
[0.765s] running build_ext
[0.765s] Creating /home/raytech/repos/drone_ai_sim/install/drone_ai_sim_ros/lib/python3.12/site-packages/drone-ai-sim-ros.egg-link (link to .)
[0.770s] Installing odom_tf_broadcaster script to /home/raytech/repos/drone_ai_sim/install/drone_ai_sim_ros/lib/drone_ai_sim_ros
[0.770s] Installing pointcloud_websocket_bridge script to /home/raytech/repos/drone_ai_sim/install/drone_ai_sim_ros/lib/drone_ai_sim_ros
[0.770s] Installing republish script to /home/raytech/repos/drone_ai_sim/install/drone_ai_sim_ros/lib/drone_ai_sim_ros
[0.770s] Installing yolo_perception_node script to /home/raytech/repos/drone_ai_sim/install/drone_ai_sim_ros/lib/drone_ai_sim_ros
[0.770s] 
[0.770s] Installed /home/raytech/repos/drone_ai_sim/build/drone_ai_sim_ros
[0.770s] running symlink_data
[0.797s] Invoked command in '/home/raytech/repos/drone_ai_sim/build/drone_ai_sim_ros' returned '0': DEBUGINFOD_URLS=https://debuginfod.ubuntu.com PYTHONPATH=/home/raytech/repos/drone_ai_sim/build/drone_ai_sim_ros/prefix_override:/usr/lib/python3/dist-packages/colcon_core/task/python/colcon_distutils_commands:/home/raytech/repos/drone_ai_sim/install/drone_ai_sim_ros/lib/python3.12/site-packages:/home/raytech/repos/drone_ai_sim/install/ares_interfaces/lib/python3.12/site-packages:/home/raytech/repos/drone_ai_sim/build/drone_ai_sim_ros:/home/raytech/repos/drone_ai_sim/install/drone_ai_sim_ros/lib/python3.12/site-packages:/opt/ros/jazzy/lib/python3.12/site-packages /usr/bin/python3 -W ignore:setup.py install is deprecated -W ignore:easy_install command is deprecated setup.py develop --editable --build-directory /home/raytech/repos/drone_ai_sim/build/drone_ai_sim_ros/build --no-deps symlink_data
